<?xml version="1.0" encoding="UTF-8"?>
<testsuites>
  <testsuite name="Project Test Suite" tests="61" assertions="4" failures="0" errors="1" time="0.981169">
    <testsuite name="Edge\QA\ConfigTest" file="/mnt/DATA/www/phpqa/tests/Config/ConfigTest.php" tests="14" assertions="4" failures="0" errors="1" time="0.477174">
      <testcase name="testLoadDefaultConfig" class="Edge\QA\ConfigTest" file="/mnt/DATA/www/phpqa/tests/Config/ConfigTest.php" line="10" assertions="0" time="0.052594"/>
      <testcase name="testBuildAbsolutePath" class="Edge\QA\ConfigTest" file="/mnt/DATA/www/phpqa/tests/Config/ConfigTest.php" line="39" assertions="0" time="0.008754"/>
      <testcase name="testOverrideDefaultConfig" class="Edge\QA\ConfigTest" file="/mnt/DATA/www/phpqa/tests/Config/ConfigTest.php" line="45" assertions="0" time="0.023329">
        <error type="Hamcrest\AssertionError">Edge\QA\ConfigTest::testOverrideDefaultConfig
Hamcrest\AssertionError: Expected: is &lt;5&gt;
     but: was &lt;2&gt;

/mnt/DATA/www/phpqa/vendor/hamcrest/hamcrest-php/hamcrest/Hamcrest/MatcherAssert.php:115
/mnt/DATA/www/phpqa/vendor/hamcrest/hamcrest-php/hamcrest/Hamcrest/MatcherAssert.php:52
/mnt/DATA/www/phpqa/vendor/hamcrest/hamcrest-php/hamcrest/Hamcrest.php:28
/mnt/DATA/www/phpqa/tests/Config/ConfigTest.php:49
</error>
      </testcase>
      <testcase name="testAllowPartialUpdateOfTools" class="Edge\QA\ConfigTest" file="/mnt/DATA/www/phpqa/tests/Config/ConfigTest.php" line="55" assertions="0" time="0.022571"/>
      <testcase name="testIgnoreNonExistentUserConfig" class="Edge\QA\ConfigTest" file="/mnt/DATA/www/phpqa/tests/Config/ConfigTest.php" line="65" assertions="1" time="0.021222"/>
      <testcase name="testNoExceptionWhenCwdHasNoConfig" class="Edge\QA\ConfigTest" file="/mnt/DATA/www/phpqa/tests/Config/ConfigTest.php" line="73" assertions="0" time="0.020686"/>
      <testcase name="testThrowExceptionWhenFileDoesNotExist" class="Edge\QA\ConfigTest" file="/mnt/DATA/www/phpqa/tests/Config/ConfigTest.php" line="80" assertions="1" time="0.032324"/>
      <testcase name="testConfigCsvString" class="Edge\QA\ConfigTest" file="/mnt/DATA/www/phpqa/tests/Config/ConfigTest.php" line="88" assertions="0" time="0.031348"/>
      <testcase name="testUseCwdIfNoDirectoryIsSpecified" class="Edge\QA\ConfigTest" file="/mnt/DATA/www/phpqa/tests/Config/ConfigTest.php" line="96" assertions="0" time="0.093167"/>
      <testcase name="testThrowExceptionWhenBinaryDoesNotExist" class="Edge\QA\ConfigTest" file="/mnt/DATA/www/phpqa/tests/Config/ConfigTest.php" line="102" assertions="1" time="0.053459"/>
      <testcase name="testThrowExceptionWhenWrongBinaryIsUsed" class="Edge\QA\ConfigTest" file="/mnt/DATA/www/phpqa/tests/Config/ConfigTest.php" line="110" assertions="1" time="0.026293"/>
      <testcase name="testMultipleConfig" class="Edge\QA\ConfigTest" file="/mnt/DATA/www/phpqa/tests/Config/ConfigTest.php" line="118" assertions="0" time="0.022163"/>
      <testcase name="testAutodetectConfigInCurrentDirectory" class="Edge\QA\ConfigTest" file="/mnt/DATA/www/phpqa/tests/Config/ConfigTest.php" line="129" assertions="0" time="0.021981"/>
      <testcase name="testIgnoreAutodetectedConfigIfUserConfigIsSpecified" class="Edge\QA\ConfigTest" file="/mnt/DATA/www/phpqa/tests/Config/ConfigTest.php" line="136" assertions="0" time="0.047283"/>
    </testsuite>
    <testsuite name="Edge\QA\IgnoredPathsTest" file="/mnt/DATA/www/phpqa/tests/IgnoredPathsTest.php" tests="20" assertions="0" failures="0" errors="0" time="0.015408">
      <testsuite name="Edge\QA\IgnoredPathsTest::testNoOptionWhenNothingIsIgnored" tests="10" assertions="0" failures="0" errors="0" time="0.007626">
        <testcase name="testNoOptionWhenNothingIsIgnored with data set #0" assertions="0" time="0.002147"/>
        <testcase name="testNoOptionWhenNothingIsIgnored with data set #1" assertions="0" time="0.000204"/>
        <testcase name="testNoOptionWhenNothingIsIgnored with data set #2" assertions="0" time="0.000217"/>
        <testcase name="testNoOptionWhenNothingIsIgnored with data set &quot;pdepend + windows&quot;" assertions="0" time="0.000163"/>
        <testcase name="testNoOptionWhenNothingIsIgnored with data set &quot;phpmd + windows&quot;" assertions="0" time="0.000241"/>
        <testcase name="testNoOptionWhenNothingIsIgnored with data set #3" assertions="0" time="0.002404"/>
        <testcase name="testNoOptionWhenNothingIsIgnored with data set #4" assertions="0" time="0.000185"/>
        <testcase name="testNoOptionWhenNothingIsIgnored with data set #5" assertions="0" time="0.000187"/>
        <testcase name="testNoOptionWhenNothingIsIgnored with data set #6" assertions="0" time="0.001701"/>
        <testcase name="testNoOptionWhenNothingIsIgnored with data set #7" assertions="0" time="0.000177"/>
      </testsuite>
      <testsuite name="Edge\QA\IgnoredPathsTest::testIgnoreDirectoriesAndFiles" tests="10" assertions="0" failures="0" errors="0" time="0.007782">
        <testcase name="testIgnoreDirectoriesAndFiles with data set #0" assertions="0" time="0.000266"/>
        <testcase name="testIgnoreDirectoriesAndFiles with data set #1" assertions="0" time="0.001773"/>
        <testcase name="testIgnoreDirectoriesAndFiles with data set #2" assertions="0" time="0.000235"/>
        <testcase name="testIgnoreDirectoriesAndFiles with data set &quot;pdepend + windows&quot;" assertions="0" time="0.000306"/>
        <testcase name="testIgnoreDirectoriesAndFiles with data set &quot;phpmd + windows&quot;" assertions="0" time="0.002580"/>
        <testcase name="testIgnoreDirectoriesAndFiles with data set #3" assertions="0" time="0.000245"/>
        <testcase name="testIgnoreDirectoriesAndFiles with data set #4" assertions="0" time="0.001719"/>
        <testcase name="testIgnoreDirectoriesAndFiles with data set #5" assertions="0" time="0.000223"/>
        <testcase name="testIgnoreDirectoriesAndFiles with data set #6" assertions="0" time="0.000235"/>
        <testcase name="testIgnoreDirectoriesAndFiles with data set #7" assertions="0" time="0.000200"/>
      </testsuite>
    </testsuite>
    <testsuite name="Edge\QA\OptionsTest" file="/mnt/DATA/www/phpqa/tests/OptionsTest.php" tests="14" assertions="0" failures="0" errors="0" time="0.196957">
      <testcase name="testEscapePaths" class="Edge\QA\OptionsTest" file="/mnt/DATA/www/phpqa/tests/OptionsTest.php" line="32" assertions="0" time="0.000724"/>
      <testcase name="testRespectToolsOrderDefinedInOption" class="Edge\QA\OptionsTest" file="/mnt/DATA/www/phpqa/tests/OptionsTest.php" line="40" assertions="0" time="0.077266"/>
      <testcase name="testIgnorePdependInCliOutput" class="Edge\QA\OptionsTest" file="/mnt/DATA/www/phpqa/tests/OptionsTest.php" line="47" assertions="0" time="0.061858"/>
      <testcase name="testIgnoreNotInstalledTool" class="Edge\QA\OptionsTest" file="/mnt/DATA/www/phpqa/tests/OptionsTest.php" line="54" assertions="0" time="0.016051"/>
      <testsuite name="Edge\QA\OptionsTest::testBuildOutput" tests="2" assertions="0" failures="0" errors="0" time="0.004664">
        <testcase name="testBuildOutput with data set &quot;ignore verbose and report in CLI output&quot;" assertions="0" time="0.000321"/>
        <testcase name="testBuildOutput with data set &quot;respect verbose mode and report in FILE output&quot;" assertions="0" time="0.004343"/>
      </testsuite>
      <testsuite name="Edge\QA\OptionsTest::testExecute" tests="3" assertions="0" failures="0" errors="0" time="0.000653">
        <testcase name="testExecute with data set &quot;parallel execution is default mode&quot;" assertions="0" time="0.000226"/>
        <testcase name="testExecute with data set &quot;parallel execution&quot;" assertions="0" time="0.000217"/>
        <testcase name="testExecute with data set &quot;dont use parallelism if execution is other word&quot;" assertions="0" time="0.000210"/>
      </testsuite>
      <testsuite name="Edge\QA\OptionsTest::testBuildRootPath" tests="3" assertions="0" failures="0" errors="0" time="0.000744">
        <testcase name="testBuildRootPath with data set &quot;current dir + analyzed dir + slash&quot;" assertions="0" time="0.000257"/>
        <testcase name="testBuildRootPath with data set &quot;find common root from multiple dirs&quot;" assertions="0" time="0.000264"/>
        <testcase name="testBuildRootPath with data set &quot;no path when dir is invalid&quot;" assertions="0" time="0.000223"/>
      </testsuite>
      <testcase name="testLoadAllowedErrorsCount" class="Edge\QA\OptionsTest" file="/mnt/DATA/www/phpqa/tests/OptionsTest.php" line="123" assertions="0" time="0.015383"/>
      <testcase name="testLoadErrorsCountFromConfig" class="Edge\QA\OptionsTest" file="/mnt/DATA/www/phpqa/tests/OptionsTest.php" line="131" assertions="0" time="0.019614"/>
    </testsuite>
    <testsuite name="Edge\QA\PathsTest" file="/mnt/DATA/www/phpqa/tests/PathsTest.php" tests="1" assertions="0" failures="0" errors="0" time="0.005419">
      <testcase name="testPathToBinaryIsEscaped" class="Edge\QA\PathsTest" file="/mnt/DATA/www/phpqa/tests/PathsTest.php" line="7" assertions="0" time="0.005419"/>
    </testsuite>
    <testsuite name="Edge\QA\ReportTest" file="/mnt/DATA/www/phpqa/tests/Report/ReportTest.php" tests="4" assertions="0" failures="0" errors="0" time="0.277923">
      <testcase name="testConvertTwigToHtml" class="Edge\QA\ReportTest" file="/mnt/DATA/www/phpqa/tests/Report/ReportTest.php" line="17" assertions="0" time="0.255903"/>
      <testsuite name="Edge\QA\ReportTest::testConvertXmlToHtml" tests="2" assertions="0" failures="0" errors="0" time="0.021844">
        <testcase name="testConvertXmlToHtml with data set &quot;create html&quot;" assertions="0" time="0.020943"/>
        <testcase name="testConvertXmlToHtml with data set &quot;create empty file if something went south&quot;" assertions="0" time="0.000901"/>
      </testsuite>
      <testcase name="testIgnoreMissingXmlDocuments" class="Edge\QA\ReportTest" file="/mnt/DATA/www/phpqa/tests/Report/ReportTest.php" line="38" assertions="0" time="0.000176"/>
    </testsuite>
    <testsuite name="Edge\QA\RunningToolTest" file="/mnt/DATA/www/phpqa/tests/RunningToolTest.php" tests="8" assertions="0" failures="0" errors="0" time="0.008288">
      <testcase name="testBuildOptionWithDefinedSeparator" class="Edge\QA\RunningToolTest" file="/mnt/DATA/www/phpqa/tests/RunningToolTest.php" line="9" assertions="0" time="0.000274"/>
      <testcase name="testMarkSuccessWhenXPathIsNotDefined" class="Edge\QA\RunningToolTest" file="/mnt/DATA/www/phpqa/tests/RunningToolTest.php" line="17" assertions="0" time="0.000174"/>
      <testcase name="testMarkFailureWhenXmlFileDoesNotExist" class="Edge\QA\RunningToolTest" file="/mnt/DATA/www/phpqa/tests/RunningToolTest.php" line="23" assertions="0" time="0.000178"/>
      <testsuite name="Edge\QA\RunningToolTest::testCompareAllowedCountWithErrorsCountFromXml" tests="3" assertions="0" failures="0" errors="0" time="0.000862">
        <testcase name="testCompareAllowedCountWithErrorsCountFromXml with data set &quot;success when allowed errors are not defined&quot;" assertions="0" time="0.000324"/>
        <testcase name="testCompareAllowedCountWithErrorsCountFromXml with data set &quot;success when errors count &lt;= allowed count&quot;" assertions="0" time="0.000279"/>
        <testcase name="testCompareAllowedCountWithErrorsCountFromXml with data set &quot;failure when errors count &gt; allowed count&quot;" assertions="0" time="0.000259"/>
      </testsuite>
      <testcase name="testRuntimeSelectionOfErrorXpath" class="Edge\QA\RunningToolTest" file="/mnt/DATA/www/phpqa/tests/RunningToolTest.php" line="52" assertions="0" time="0.006630"/>
      <testsuite name="Edge\QA\RunningToolTest::testAnalyzeExitCodeInCliMode" tests="0" assertions="0" failures="0" errors="0" time="0.000000"/>
      <testcase name="testCreateUniqueIdForUserReport" class="Edge\QA\RunningToolTest" file="/mnt/DATA/www/phpqa/tests/RunningToolTest.php" line="90" assertions="0" time="0.000170"/>
    </testsuite>
  </testsuite>
</testsuites>
