<?xml version="1.0" encoding="UTF-8"?>
<testsuites>
  <testsuite name="Project Test Suite" tests="61" assertions="4" failures="0" errors="1" time="0.927864">
    <testsuite name="Edge\QA\ConfigTest" file="/mnt/DATA/www/phpqa/tests/Config/ConfigTest.php" tests="14" assertions="4" failures="0" errors="1" time="0.459551">
      <testcase name="testLoadDefaultConfig" class="Edge\QA\ConfigTest" file="/mnt/DATA/www/phpqa/tests/Config/ConfigTest.php" line="10" assertions="0" time="0.046640"/>
      <testcase name="testBuildAbsolutePath" class="Edge\QA\ConfigTest" file="/mnt/DATA/www/phpqa/tests/Config/ConfigTest.php" line="39" assertions="0" time="0.015290"/>
      <testcase name="testOverrideDefaultConfig" class="Edge\QA\ConfigTest" file="/mnt/DATA/www/phpqa/tests/Config/ConfigTest.php" line="45" assertions="0" time="0.011227"/>
      <testcase name="testAllowPartialUpdateOfTools" class="Edge\QA\ConfigTest" file="/mnt/DATA/www/phpqa/tests/Config/ConfigTest.php" line="55" assertions="0" time="0.012814"/>
      <testcase name="testIgnoreNonExistentUserConfig" class="Edge\QA\ConfigTest" file="/mnt/DATA/www/phpqa/tests/Config/ConfigTest.php" line="65" assertions="1" time="0.011159"/>
      <testcase name="testNoExceptionWhenCwdHasNoConfig" class="Edge\QA\ConfigTest" file="/mnt/DATA/www/phpqa/tests/Config/ConfigTest.php" line="73" assertions="0" time="0.039983"/>
      <testcase name="testThrowExceptionWhenFileDoesNotExist" class="Edge\QA\ConfigTest" file="/mnt/DATA/www/phpqa/tests/Config/ConfigTest.php" line="80" assertions="1" time="0.032642"/>
      <testcase name="testConfigCsvString" class="Edge\QA\ConfigTest" file="/mnt/DATA/www/phpqa/tests/Config/ConfigTest.php" line="88" assertions="0" time="0.046025"/>
      <testcase name="testUseCwdIfNoDirectoryIsSpecified" class="Edge\QA\ConfigTest" file="/mnt/DATA/www/phpqa/tests/Config/ConfigTest.php" line="96" assertions="0" time="0.074509"/>
      <testcase name="testThrowExceptionWhenBinaryDoesNotExist" class="Edge\QA\ConfigTest" file="/mnt/DATA/www/phpqa/tests/Config/ConfigTest.php" line="102" assertions="1" time="0.035129"/>
      <testcase name="testThrowExceptionWhenWrongBinaryIsUsed" class="Edge\QA\ConfigTest" file="/mnt/DATA/www/phpqa/tests/Config/ConfigTest.php" line="110" assertions="1" time="0.028550"/>
      <testcase name="testMultipleConfig" class="Edge\QA\ConfigTest" file="/mnt/DATA/www/phpqa/tests/Config/ConfigTest.php" line="118" assertions="0" time="0.023912">
        <error type="Hamcrest\AssertionError">Edge\QA\ConfigTest::testMultipleConfig
Hamcrest\AssertionError: Expected: is "php,inc"
     but: was "php,inc,module"

/mnt/DATA/www/phpqa/vendor/hamcrest/hamcrest-php/hamcrest/Hamcrest/MatcherAssert.php:115
/mnt/DATA/www/phpqa/vendor/hamcrest/hamcrest-php/hamcrest/Hamcrest/MatcherAssert.php:52
/mnt/DATA/www/phpqa/vendor/hamcrest/hamcrest-php/hamcrest/Hamcrest.php:28
/mnt/DATA/www/phpqa/tests/Config/ConfigTest.php:126
</error>
      </testcase>
      <testcase name="testAutodetectConfigInCurrentDirectory" class="Edge\QA\ConfigTest" file="/mnt/DATA/www/phpqa/tests/Config/ConfigTest.php" line="129" assertions="0" time="0.029392"/>
      <testcase name="testIgnoreAutodetectedConfigIfUserConfigIsSpecified" class="Edge\QA\ConfigTest" file="/mnt/DATA/www/phpqa/tests/Config/ConfigTest.php" line="136" assertions="0" time="0.052279"/>
    </testsuite>
    <testsuite name="Edge\QA\IgnoredPathsTest" file="/mnt/DATA/www/phpqa/tests/IgnoredPathsTest.php" tests="20" assertions="0" failures="0" errors="0" time="0.017308">
      <testsuite name="Edge\QA\IgnoredPathsTest::testNoOptionWhenNothingIsIgnored" tests="10" assertions="0" failures="0" errors="0" time="0.002428">
        <testcase name="testNoOptionWhenNothingIsIgnored with data set #0" assertions="0" time="0.000849"/>
        <testcase name="testNoOptionWhenNothingIsIgnored with data set #1" assertions="0" time="0.000237"/>
        <testcase name="testNoOptionWhenNothingIsIgnored with data set #2" assertions="0" time="0.000200"/>
        <testcase name="testNoOptionWhenNothingIsIgnored with data set &quot;pdepend + windows&quot;" assertions="0" time="0.000260"/>
        <testcase name="testNoOptionWhenNothingIsIgnored with data set &quot;phpmd + windows&quot;" assertions="0" time="0.000149"/>
        <testcase name="testNoOptionWhenNothingIsIgnored with data set #3" assertions="0" time="0.000160"/>
        <testcase name="testNoOptionWhenNothingIsIgnored with data set #4" assertions="0" time="0.000147"/>
        <testcase name="testNoOptionWhenNothingIsIgnored with data set #5" assertions="0" time="0.000142"/>
        <testcase name="testNoOptionWhenNothingIsIgnored with data set #6" assertions="0" time="0.000140"/>
        <testcase name="testNoOptionWhenNothingIsIgnored with data set #7" assertions="0" time="0.000144"/>
      </testsuite>
      <testsuite name="Edge\QA\IgnoredPathsTest::testIgnoreDirectoriesAndFiles" tests="10" assertions="0" failures="0" errors="0" time="0.014880">
        <testcase name="testIgnoreDirectoriesAndFiles with data set #0" assertions="0" time="0.000209"/>
        <testcase name="testIgnoreDirectoriesAndFiles with data set #1" assertions="0" time="0.000202"/>
        <testcase name="testIgnoreDirectoriesAndFiles with data set #2" assertions="0" time="0.000198"/>
        <testcase name="testIgnoreDirectoriesAndFiles with data set &quot;pdepend + windows&quot;" assertions="0" time="0.003956"/>
        <testcase name="testIgnoreDirectoriesAndFiles with data set &quot;phpmd + windows&quot;" assertions="0" time="0.000222"/>
        <testcase name="testIgnoreDirectoriesAndFiles with data set #3" assertions="0" time="0.000239"/>
        <testcase name="testIgnoreDirectoriesAndFiles with data set #4" assertions="0" time="0.000200"/>
        <testcase name="testIgnoreDirectoriesAndFiles with data set #5" assertions="0" time="0.000825"/>
        <testcase name="testIgnoreDirectoriesAndFiles with data set #6" assertions="0" time="0.008627"/>
        <testcase name="testIgnoreDirectoriesAndFiles with data set #7" assertions="0" time="0.000202"/>
      </testsuite>
    </testsuite>
    <testsuite name="Edge\QA\OptionsTest" file="/mnt/DATA/www/phpqa/tests/OptionsTest.php" tests="14" assertions="0" failures="0" errors="0" time="0.027772">
      <testcase name="testEscapePaths" class="Edge\QA\OptionsTest" file="/mnt/DATA/www/phpqa/tests/OptionsTest.php" line="32" assertions="0" time="0.007895"/>
      <testcase name="testRespectToolsOrderDefinedInOption" class="Edge\QA\OptionsTest" file="/mnt/DATA/www/phpqa/tests/OptionsTest.php" line="40" assertions="0" time="0.000683"/>
      <testcase name="testIgnorePdependInCliOutput" class="Edge\QA\OptionsTest" file="/mnt/DATA/www/phpqa/tests/OptionsTest.php" line="47" assertions="0" time="0.000340"/>
      <testcase name="testIgnoreNotInstalledTool" class="Edge\QA\OptionsTest" file="/mnt/DATA/www/phpqa/tests/OptionsTest.php" line="54" assertions="0" time="0.013121"/>
      <testsuite name="Edge\QA\OptionsTest::testBuildOutput" tests="2" assertions="0" failures="0" errors="0" time="0.003617">
        <testcase name="testBuildOutput with data set &quot;ignore verbose and report in CLI output&quot;" assertions="0" time="0.002962"/>
        <testcase name="testBuildOutput with data set &quot;respect verbose mode and report in FILE output&quot;" assertions="0" time="0.000655"/>
      </testsuite>
      <testsuite name="Edge\QA\OptionsTest::testExecute" tests="3" assertions="0" failures="0" errors="0" time="0.000766">
        <testcase name="testExecute with data set &quot;parallel execution is default mode&quot;" assertions="0" time="0.000271"/>
        <testcase name="testExecute with data set &quot;parallel execution&quot;" assertions="0" time="0.000300"/>
        <testcase name="testExecute with data set &quot;dont use parallelism if execution is other word&quot;" assertions="0" time="0.000195"/>
      </testsuite>
      <testsuite name="Edge\QA\OptionsTest::testBuildRootPath" tests="4" assertions="0" failures="0" errors="0" time="0.001072">
        <testcase name="testBuildRootPath with data set &quot;current dir + analyzed dir + slash&quot;" assertions="0" time="0.000252"/>
        <testcase name="testBuildRootPath with data set &quot;find common root from multiple dirs&quot;" assertions="0" time="0.000296"/>
        <testcase name="testBuildRootPath with data set &quot;no path when dir is invalid&quot;" assertions="0" time="0.000255"/>
        <testcase name="testBuildRootPath with data set &quot;file directory + skip invalid dir&quot;" assertions="0" time="0.000269"/>
      </testsuite>
      <testcase name="testLoadAllowedErrorsCount" class="Edge\QA\OptionsTest" file="/mnt/DATA/www/phpqa/tests/OptionsTest.php" line="124" assertions="0" time="0.000278"/>
    </testsuite>
    <testsuite name="Edge\QA\PathsTest" file="/mnt/DATA/www/phpqa/tests/PathsTest.php" tests="1" assertions="0" failures="0" errors="0" time="0.000599">
      <testcase name="testPathToBinaryIsEscaped" class="Edge\QA\PathsTest" file="/mnt/DATA/www/phpqa/tests/PathsTest.php" line="7" assertions="0" time="0.000599"/>
    </testsuite>
    <testsuite name="Edge\QA\ReportTest" file="/mnt/DATA/www/phpqa/tests/Report/ReportTest.php" tests="4" assertions="0" failures="0" errors="0" time="0.415310">
      <testcase name="testConvertTwigToHtml" class="Edge\QA\ReportTest" file="/mnt/DATA/www/phpqa/tests/Report/ReportTest.php" line="17" assertions="0" time="0.357996"/>
      <testsuite name="Edge\QA\ReportTest::testConvertXmlToHtml" tests="2" assertions="0" failures="0" errors="0" time="0.052440">
        <testcase name="testConvertXmlToHtml with data set &quot;create html&quot;" assertions="0" time="0.048536"/>
        <testcase name="testConvertXmlToHtml with data set &quot;create empty file if something went south&quot;" assertions="0" time="0.003904"/>
      </testsuite>
      <testcase name="testIgnoreMissingXmlDocuments" class="Edge\QA\ReportTest" file="/mnt/DATA/www/phpqa/tests/Report/ReportTest.php" line="38" assertions="0" time="0.004874"/>
    </testsuite>
    <testsuite name="Edge\QA\RunningToolTest" file="/mnt/DATA/www/phpqa/tests/RunningToolTest.php" tests="8" assertions="0" failures="0" errors="0" time="0.007324">
      <testcase name="testBuildOptionWithDefinedSeparator" class="Edge\QA\RunningToolTest" file="/mnt/DATA/www/phpqa/tests/RunningToolTest.php" line="9" assertions="0" time="0.000269"/>
      <testcase name="testMarkSuccessWhenXPathIsNotDefined" class="Edge\QA\RunningToolTest" file="/mnt/DATA/www/phpqa/tests/RunningToolTest.php" line="17" assertions="0" time="0.000187"/>
      <testcase name="testMarkFailureWhenXmlFileDoesNotExist" class="Edge\QA\RunningToolTest" file="/mnt/DATA/www/phpqa/tests/RunningToolTest.php" line="23" assertions="0" time="0.000179"/>
      <testsuite name="Edge\QA\RunningToolTest::testCompareAllowedCountWithErrorsCountFromXml" tests="3" assertions="0" failures="0" errors="0" time="0.006247">
        <testcase name="testCompareAllowedCountWithErrorsCountFromXml with data set &quot;success when allowed errors are not defined&quot;" assertions="0" time="0.005642"/>
        <testcase name="testCompareAllowedCountWithErrorsCountFromXml with data set &quot;success when errors count &lt;= allowed count&quot;" assertions="0" time="0.000341"/>
        <testcase name="testCompareAllowedCountWithErrorsCountFromXml with data set &quot;failure when errors count &gt; allowed count&quot;" assertions="0" time="0.000264"/>
      </testsuite>
      <testcase name="testRuntimeSelectionOfErrorXpath" class="Edge\QA\RunningToolTest" file="/mnt/DATA/www/phpqa/tests/RunningToolTest.php" line="52" assertions="0" time="0.000266"/>
      <testsuite name="Edge\QA\RunningToolTest::testAnalyzeExitCodeInCliMode" tests="0" assertions="0" failures="0" errors="0" time="0.000000"/>
      <testcase name="testCreateUniqueIdForUserReport" class="Edge\QA\RunningToolTest" file="/mnt/DATA/www/phpqa/tests/RunningToolTest.php" line="90" assertions="0" time="0.000176"/>
    </testsuite>
  </testsuite>
</testsuites>
