<?xml version="1.0" encoding="UTF-8"?>
<testsuites>
  <testsuite name="" tests="92" assertions="7" errors="1" warnings="0" failures="0" skipped="3" time="0.096474">
    <testsuite name="Project Test Suite" tests="92" assertions="7" errors="1" warnings="0" failures="0" skipped="3" time="0.096474">
      <testsuite name="Edge\QA\ConfigTest" file="/Users/www/zd/phpqa/tests/Config/ConfigTest.php" tests="14" assertions="2" errors="1" warnings="0" failures="0" skipped="0" time="0.073398">
        <testcase name="testLoadDefaultConfig" class="Edge\QA\ConfigTest" classname="Edge.QA.ConfigTest" file="/Users/www/zd/phpqa/tests/Config/ConfigTest.php" line="10" assertions="0" time="0.016238"/>
        <testcase name="testBuildAbsolutePath" class="Edge\QA\ConfigTest" classname="Edge.QA.ConfigTest" file="/Users/www/zd/phpqa/tests/Config/ConfigTest.php" line="44" assertions="0" time="0.032360"/>
        <testcase name="testOverrideDefaultConfig" class="Edge\QA\ConfigTest" classname="Edge.QA.ConfigTest" file="/Users/www/zd/phpqa/tests/Config/ConfigTest.php" line="50" assertions="0" time="0.007918"/>
        <testcase name="testAllowPartialUpdateOfTools" class="Edge\QA\ConfigTest" classname="Edge.QA.ConfigTest" file="/Users/www/zd/phpqa/tests/Config/ConfigTest.php" line="60" assertions="0" time="0.003345"/>
        <testcase name="testIgnoreNonExistentUserConfig" class="Edge\QA\ConfigTest" classname="Edge.QA.ConfigTest" file="/Users/www/zd/phpqa/tests/Config/ConfigTest.php" line="70" assertions="1" time="0.002184"/>
        <testcase name="testNoExceptionWhenCwdHasNoConfig" class="Edge\QA\ConfigTest" classname="Edge.QA.ConfigTest" file="/Users/www/zd/phpqa/tests/Config/ConfigTest.php" line="78" assertions="0" time="0.000644"/>
        <testcase name="testThrowExceptionWhenFileDoesNotExist" class="Edge\QA\ConfigTest" classname="Edge.QA.ConfigTest" file="/Users/www/zd/phpqa/tests/Config/ConfigTest.php" line="85" assertions="1" time="0.000728"/>
        <testcase name="testConfigCsvString" class="Edge\QA\ConfigTest" classname="Edge.QA.ConfigTest" file="/Users/www/zd/phpqa/tests/Config/ConfigTest.php" line="93" assertions="0" time="0.000707"/>
        <testcase name="testUseCwdIfNoDirectoryIsSpecified" class="Edge\QA\ConfigTest" classname="Edge.QA.ConfigTest" file="/Users/www/zd/phpqa/tests/Config/ConfigTest.php" line="101" assertions="0" time="0.001875"/>
        <testcase name="testIgnoreInvalidBinaryDoesNotExist" class="Edge\QA\ConfigTest" classname="Edge.QA.ConfigTest" file="/Users/www/zd/phpqa/tests/Config/ConfigTest.php" line="107" assertions="0" time="0.000700"/>
        <testcase name="testToolAndBinaryNameMightNotMatch" class="Edge\QA\ConfigTest" classname="Edge.QA.ConfigTest" file="/Users/www/zd/phpqa/tests/Config/ConfigTest.php" line="114" assertions="0" time="0.000695"/>
        <testcase name="testMultipleConfig" class="Edge\QA\ConfigTest" classname="Edge.QA.ConfigTest" file="/Users/www/zd/phpqa/tests/Config/ConfigTest.php" line="121" assertions="0" time="0.001009">
          <error type="Hamcrest\AssertionError">Edge\QA\ConfigTest::testMultipleConfig
Hamcrest\AssertionError: Expected: is "php,inc"
     but: was "php,inc,module"

/Users/www/zd/phpqa/vendor/hamcrest/hamcrest-php/hamcrest/Hamcrest/MatcherAssert.php:115
/Users/www/zd/phpqa/vendor/hamcrest/hamcrest-php/hamcrest/Hamcrest/MatcherAssert.php:52
/Users/www/zd/phpqa/vendor/hamcrest/hamcrest-php/hamcrest/Hamcrest.php:28
/Users/www/zd/phpqa/tests/Config/ConfigTest.php:129</error>
        </testcase>
        <testcase name="testAutodetectConfigInCurrentDirectory" class="Edge\QA\ConfigTest" classname="Edge.QA.ConfigTest" file="/Users/www/zd/phpqa/tests/Config/ConfigTest.php" line="132" assertions="0" time="0.002319"/>
        <testcase name="testIgnoreAutodetectedConfigIfUserConfigIsSpecified" class="Edge\QA\ConfigTest" classname="Edge.QA.ConfigTest" file="/Users/www/zd/phpqa/tests/Config/ConfigTest.php" line="139" assertions="0" time="0.002676"/>
      </testsuite>
      <testsuite name="Edge\QA\Tools\GetVersionsTest" file="/Users/www/zd/phpqa/tests/GetVersionsTest.php" tests="17" assertions="0" errors="0" warnings="0" failures="0" skipped="0" time="0.000668">
        <testsuite name="Edge\QA\Tools\GetVersionsTest::testNormalizeVersion" tests="3" assertions="0" errors="0" warnings="0" failures="0" skipped="0" time="0.000269">
          <testcase name="testNormalizeVersion with data set &quot;full semver&quot;" class="Edge\QA\Tools\GetVersionsTest" classname="Edge.QA.Tools.GetVersionsTest" file="/Users/www/zd/phpqa/tests/GetVersionsTest.php" line="8" assertions="0" time="0.000208"/>
          <testcase name="testNormalizeVersion with data set &quot;minor release&quot;" class="Edge\QA\Tools\GetVersionsTest" classname="Edge.QA.Tools.GetVersionsTest" file="/Users/www/zd/phpqa/tests/GetVersionsTest.php" line="8" assertions="0" time="0.000034"/>
          <testcase name="testNormalizeVersion with data set &quot;major release&quot;" class="Edge\QA\Tools\GetVersionsTest" classname="Edge.QA.Tools.GetVersionsTest" file="/Users/www/zd/phpqa/tests/GetVersionsTest.php" line="8" assertions="0" time="0.000027"/>
        </testsuite>
        <testsuite name="Edge\QA\Tools\GetVersionsTest::testCliVersion" tests="9" assertions="0" errors="0" warnings="0" failures="0" skipped="0" time="0.000266">
          <testcase name="testCliVersion with data set &quot;semver at the end&quot;" class="Edge\QA\Tools\GetVersionsTest" classname="Edge.QA.Tools.GetVersionsTest" file="/Users/www/zd/phpqa/tests/GetVersionsTest.php" line="23" assertions="0" time="0.000045"/>
          <testcase name="testCliVersion with data set &quot;semver at the start&quot;" class="Edge\QA\Tools\GetVersionsTest" classname="Edge.QA.Tools.GetVersionsTest" file="/Users/www/zd/phpqa/tests/GetVersionsTest.php" line="23" assertions="0" time="0.000029"/>
          <testcase name="testCliVersion with data set &quot;semver at 2nd line&quot;" class="Edge\QA\Tools\GetVersionsTest" classname="Edge.QA.Tools.GetVersionsTest" file="/Users/www/zd/phpqa/tests/GetVersionsTest.php" line="23" assertions="0" time="0.000030"/>
          <testcase name="testCliVersion with data set &quot;custom format&quot;" class="Edge\QA\Tools\GetVersionsTest" classname="Edge.QA.Tools.GetVersionsTest" file="/Users/www/zd/phpqa/tests/GetVersionsTest.php" line="23" assertions="0" time="0.000026"/>
          <testcase name="testCliVersion with data set &quot;no space&quot;" class="Edge\QA\Tools\GetVersionsTest" classname="Edge.QA.Tools.GetVersionsTest" file="/Users/www/zd/phpqa/tests/GetVersionsTest.php" line="23" assertions="0" time="0.000025"/>
          <testcase name="testCliVersion with data set &quot;dev version&quot;" class="Edge\QA\Tools\GetVersionsTest" classname="Edge.QA.Tools.GetVersionsTest" file="/Users/www/zd/phpqa/tests/GetVersionsTest.php" line="23" assertions="0" time="0.000034"/>
          <testcase name="testCliVersion with data set &quot;prefer semver (semver + dev)&quot;" class="Edge\QA\Tools\GetVersionsTest" classname="Edge.QA.Tools.GetVersionsTest" file="/Users/www/zd/phpqa/tests/GetVersionsTest.php" line="23" assertions="0" time="0.000026"/>
          <testcase name="testCliVersion with data set &quot;prefer semver (dev + semver)&quot;" class="Edge\QA\Tools\GetVersionsTest" classname="Edge.QA.Tools.GetVersionsTest" file="/Users/www/zd/phpqa/tests/GetVersionsTest.php" line="23" assertions="0" time="0.000025"/>
          <testcase name="testCliVersion with data set &quot;no version&quot;" class="Edge\QA\Tools\GetVersionsTest" classname="Edge.QA.Tools.GetVersionsTest" file="/Users/www/zd/phpqa/tests/GetVersionsTest.php" line="23" assertions="0" time="0.000028"/>
        </testsuite>
        <testsuite name="Edge\QA\Tools\GetVersionsTest::testCompareVersions" tests="5" assertions="0" errors="0" warnings="0" failures="0" skipped="0" time="0.000133">
          <testcase name="testCompareVersions with data set &quot;no version&quot;" class="Edge\QA\Tools\GetVersionsTest" classname="Edge.QA.Tools.GetVersionsTest" file="/Users/www/zd/phpqa/tests/GetVersionsTest.php" line="44" assertions="0" time="0.000031"/>
          <testcase name="testCompareVersions with data set &quot;is lower?&quot;" class="Edge\QA\Tools\GetVersionsTest" classname="Edge.QA.Tools.GetVersionsTest" file="/Users/www/zd/phpqa/tests/GetVersionsTest.php" line="44" assertions="0" time="0.000028"/>
          <testcase name="testCompareVersions with data set &quot;is greater than dev version&quot;" class="Edge\QA\Tools\GetVersionsTest" classname="Edge.QA.Tools.GetVersionsTest" file="/Users/www/zd/phpqa/tests/GetVersionsTest.php" line="44" assertions="0" time="0.000028"/>
          <testcase name="testCompareVersions with data set &quot;semver is greater than&quot;" class="Edge\QA\Tools\GetVersionsTest" classname="Edge.QA.Tools.GetVersionsTest" file="/Users/www/zd/phpqa/tests/GetVersionsTest.php" line="44" assertions="0" time="0.000023"/>
          <testcase name="testCompareVersions with data set &quot;dev version is greater than&quot;" class="Edge\QA\Tools\GetVersionsTest" classname="Edge.QA.Tools.GetVersionsTest" file="/Users/www/zd/phpqa/tests/GetVersionsTest.php" line="44" assertions="0" time="0.000022"/>
        </testsuite>
      </testsuite>
      <testsuite name="Edge\QA\IgnoredPathsTest" file="/Users/www/zd/phpqa/tests/IgnoredPathsTest.php" tests="20" assertions="0" errors="0" warnings="0" failures="0" skipped="0" time="0.007547">
        <testsuite name="Edge\QA\IgnoredPathsTest::testNoOptionWhenNothingIsIgnored" tests="10" assertions="0" errors="0" warnings="0" failures="0" skipped="0" time="0.001346">
          <testcase name="testNoOptionWhenNothingIsIgnored with data set #0" class="Edge\QA\IgnoredPathsTest" classname="Edge.QA.IgnoredPathsTest" file="/Users/www/zd/phpqa/tests/IgnoredPathsTest.php" line="17" assertions="0" time="0.000384"/>
          <testcase name="testNoOptionWhenNothingIsIgnored with data set #1" class="Edge\QA\IgnoredPathsTest" classname="Edge.QA.IgnoredPathsTest" file="/Users/www/zd/phpqa/tests/IgnoredPathsTest.php" line="17" assertions="0" time="0.000091"/>
          <testcase name="testNoOptionWhenNothingIsIgnored with data set #2" class="Edge\QA\IgnoredPathsTest" classname="Edge.QA.IgnoredPathsTest" file="/Users/www/zd/phpqa/tests/IgnoredPathsTest.php" line="17" assertions="0" time="0.000089"/>
          <testcase name="testNoOptionWhenNothingIsIgnored with data set &quot;pdepend + windows&quot;" class="Edge\QA\IgnoredPathsTest" classname="Edge.QA.IgnoredPathsTest" file="/Users/www/zd/phpqa/tests/IgnoredPathsTest.php" line="17" assertions="0" time="0.000095"/>
          <testcase name="testNoOptionWhenNothingIsIgnored with data set &quot;phpmd + windows&quot;" class="Edge\QA\IgnoredPathsTest" classname="Edge.QA.IgnoredPathsTest" file="/Users/www/zd/phpqa/tests/IgnoredPathsTest.php" line="17" assertions="0" time="0.000086"/>
          <testcase name="testNoOptionWhenNothingIsIgnored with data set #3" class="Edge\QA\IgnoredPathsTest" classname="Edge.QA.IgnoredPathsTest" file="/Users/www/zd/phpqa/tests/IgnoredPathsTest.php" line="17" assertions="0" time="0.000084"/>
          <testcase name="testNoOptionWhenNothingIsIgnored with data set #4" class="Edge\QA\IgnoredPathsTest" classname="Edge.QA.IgnoredPathsTest" file="/Users/www/zd/phpqa/tests/IgnoredPathsTest.php" line="17" assertions="0" time="0.000143"/>
          <testcase name="testNoOptionWhenNothingIsIgnored with data set #5" class="Edge\QA\IgnoredPathsTest" classname="Edge.QA.IgnoredPathsTest" file="/Users/www/zd/phpqa/tests/IgnoredPathsTest.php" line="17" assertions="0" time="0.000195"/>
          <testcase name="testNoOptionWhenNothingIsIgnored with data set #6" class="Edge\QA\IgnoredPathsTest" classname="Edge.QA.IgnoredPathsTest" file="/Users/www/zd/phpqa/tests/IgnoredPathsTest.php" line="17" assertions="0" time="0.000084"/>
          <testcase name="testNoOptionWhenNothingIsIgnored with data set #7" class="Edge\QA\IgnoredPathsTest" classname="Edge.QA.IgnoredPathsTest" file="/Users/www/zd/phpqa/tests/IgnoredPathsTest.php" line="17" assertions="0" time="0.000095"/>
        </testsuite>
        <testsuite name="Edge\QA\IgnoredPathsTest::testIgnoreDirectoriesAndFiles" tests="10" assertions="0" errors="0" warnings="0" failures="0" skipped="0" time="0.006201">
          <testcase name="testIgnoreDirectoriesAndFiles with data set #0" class="Edge\QA\IgnoredPathsTest" classname="Edge.QA.IgnoredPathsTest" file="/Users/www/zd/phpqa/tests/IgnoredPathsTest.php" line="27" assertions="0" time="0.000114"/>
          <testcase name="testIgnoreDirectoriesAndFiles with data set #1" class="Edge\QA\IgnoredPathsTest" classname="Edge.QA.IgnoredPathsTest" file="/Users/www/zd/phpqa/tests/IgnoredPathsTest.php" line="27" assertions="0" time="0.000094"/>
          <testcase name="testIgnoreDirectoriesAndFiles with data set #2" class="Edge\QA\IgnoredPathsTest" classname="Edge.QA.IgnoredPathsTest" file="/Users/www/zd/phpqa/tests/IgnoredPathsTest.php" line="27" assertions="0" time="0.000094"/>
          <testcase name="testIgnoreDirectoriesAndFiles with data set &quot;pdepend + windows&quot;" class="Edge\QA\IgnoredPathsTest" classname="Edge.QA.IgnoredPathsTest" file="/Users/www/zd/phpqa/tests/IgnoredPathsTest.php" line="27" assertions="0" time="0.005162"/>
          <testcase name="testIgnoreDirectoriesAndFiles with data set &quot;phpmd + windows&quot;" class="Edge\QA\IgnoredPathsTest" classname="Edge.QA.IgnoredPathsTest" file="/Users/www/zd/phpqa/tests/IgnoredPathsTest.php" line="27" assertions="0" time="0.000115"/>
          <testcase name="testIgnoreDirectoriesAndFiles with data set #3" class="Edge\QA\IgnoredPathsTest" classname="Edge.QA.IgnoredPathsTest" file="/Users/www/zd/phpqa/tests/IgnoredPathsTest.php" line="27" assertions="0" time="0.000098"/>
          <testcase name="testIgnoreDirectoriesAndFiles with data set #4" class="Edge\QA\IgnoredPathsTest" classname="Edge.QA.IgnoredPathsTest" file="/Users/www/zd/phpqa/tests/IgnoredPathsTest.php" line="27" assertions="0" time="0.000097"/>
          <testcase name="testIgnoreDirectoriesAndFiles with data set #5" class="Edge\QA\IgnoredPathsTest" classname="Edge.QA.IgnoredPathsTest" file="/Users/www/zd/phpqa/tests/IgnoredPathsTest.php" line="27" assertions="0" time="0.000097"/>
          <testcase name="testIgnoreDirectoriesAndFiles with data set #6" class="Edge\QA\IgnoredPathsTest" classname="Edge.QA.IgnoredPathsTest" file="/Users/www/zd/phpqa/tests/IgnoredPathsTest.php" line="27" assertions="0" time="0.000227"/>
          <testcase name="testIgnoreDirectoriesAndFiles with data set #7" class="Edge\QA\IgnoredPathsTest" classname="Edge.QA.IgnoredPathsTest" file="/Users/www/zd/phpqa/tests/IgnoredPathsTest.php" line="27" assertions="0" time="0.000104"/>
        </testsuite>
      </testsuite>
      <testsuite name="Edge\QA\OptionsTest" file="/Users/www/zd/phpqa/tests/OptionsTest.php" tests="17" assertions="0" errors="0" warnings="0" failures="0" skipped="0" time="0.000974">
        <testcase name="testEscapePaths" class="Edge\QA\OptionsTest" classname="Edge.QA.OptionsTest" file="/Users/www/zd/phpqa/tests/OptionsTest.php" line="32" assertions="0" time="0.000194"/>
        <testcase name="testRespectToolsOrderDefinedInOption" class="Edge\QA\OptionsTest" classname="Edge.QA.OptionsTest" file="/Users/www/zd/phpqa/tests/OptionsTest.php" line="40" assertions="0" time="0.000176"/>
        <testcase name="testIgnorePdependInCliOutput" class="Edge\QA\OptionsTest" classname="Edge.QA.OptionsTest" file="/Users/www/zd/phpqa/tests/OptionsTest.php" line="47" assertions="0" time="0.000049"/>
        <testsuite name="Edge\QA\OptionsTest::testIsSuggestedToolInstalled" tests="4" assertions="0" errors="0" warnings="0" failures="0" skipped="0" time="0.000138">
          <testcase name="testIsSuggestedToolInstalled with data set &quot;internal class is available&quot;" class="Edge\QA\OptionsTest" classname="Edge.QA.OptionsTest" file="/Users/www/zd/phpqa/tests/OptionsTest.php" line="55" assertions="0" time="0.000047"/>
          <testcase name="testIsSuggestedToolInstalled with data set &quot;at least one internal class is available&quot;" class="Edge\QA\OptionsTest" classname="Edge.QA.OptionsTest" file="/Users/www/zd/phpqa/tests/OptionsTest.php" line="55" assertions="0" time="0.000031"/>
          <testcase name="testIsSuggestedToolInstalled with data set &quot;dependency is available&quot;" class="Edge\QA\OptionsTest" classname="Edge.QA.OptionsTest" file="/Users/www/zd/phpqa/tests/OptionsTest.php" line="55" assertions="0" time="0.000031"/>
          <testcase name="testIsSuggestedToolInstalled with data set &quot;dependency is not available&quot;" class="Edge\QA\OptionsTest" classname="Edge.QA.OptionsTest" file="/Users/www/zd/phpqa/tests/OptionsTest.php" line="55" assertions="0" time="0.000029"/>
        </testsuite>
        <testsuite name="Edge\QA\OptionsTest::testBuildOutput" tests="2" assertions="0" errors="0" warnings="0" failures="0" skipped="0" time="0.000071">
          <testcase name="testBuildOutput with data set &quot;ignore verbose and report in CLI output&quot;" class="Edge\QA\OptionsTest" classname="Edge.QA.OptionsTest" file="/Users/www/zd/phpqa/tests/OptionsTest.php" line="84" assertions="0" time="0.000037"/>
          <testcase name="testBuildOutput with data set &quot;respect verbose mode and report in FILE output&quot;" class="Edge\QA\OptionsTest" classname="Edge.QA.OptionsTest" file="/Users/www/zd/phpqa/tests/OptionsTest.php" line="84" assertions="0" time="0.000033"/>
        </testsuite>
        <testsuite name="Edge\QA\OptionsTest::testExecute" tests="3" assertions="0" errors="0" warnings="0" failures="0" skipped="0" time="0.000094">
          <testcase name="testExecute with data set &quot;parallel execution is default mode&quot;" class="Edge\QA\OptionsTest" classname="Edge.QA.OptionsTest" file="/Users/www/zd/phpqa/tests/OptionsTest.php" line="111" assertions="0" time="0.000033"/>
          <testcase name="testExecute with data set &quot;parallel execution&quot;" class="Edge\QA\OptionsTest" classname="Edge.QA.OptionsTest" file="/Users/www/zd/phpqa/tests/OptionsTest.php" line="111" assertions="0" time="0.000030"/>
          <testcase name="testExecute with data set &quot;dont use parallelism if execution is other word&quot;" class="Edge\QA\OptionsTest" classname="Edge.QA.OptionsTest" file="/Users/www/zd/phpqa/tests/OptionsTest.php" line="111" assertions="0" time="0.000031"/>
        </testsuite>
        <testsuite name="Edge\QA\OptionsTest::testBuildRootPath" tests="4" assertions="0" errors="0" warnings="0" failures="0" skipped="0" time="0.000207">
          <testcase name="testBuildRootPath with data set &quot;current dir + analyzed dir + slash&quot;" class="Edge\QA\OptionsTest" classname="Edge.QA.OptionsTest" file="/Users/www/zd/phpqa/tests/OptionsTest.php" line="127" assertions="0" time="0.000057"/>
          <testcase name="testBuildRootPath with data set &quot;find common root from multiple dirs&quot;" class="Edge\QA\OptionsTest" classname="Edge.QA.OptionsTest" file="/Users/www/zd/phpqa/tests/OptionsTest.php" line="127" assertions="0" time="0.000061"/>
          <testcase name="testBuildRootPath with data set &quot;no path when dir is invalid&quot;" class="Edge\QA\OptionsTest" classname="Edge.QA.OptionsTest" file="/Users/www/zd/phpqa/tests/OptionsTest.php" line="127" assertions="0" time="0.000041"/>
          <testcase name="testBuildRootPath with data set &quot;file directory + skip invalid dir&quot;" class="Edge\QA\OptionsTest" classname="Edge.QA.OptionsTest" file="/Users/www/zd/phpqa/tests/OptionsTest.php" line="127" assertions="0" time="0.000049"/>
        </testsuite>
        <testcase name="testLoadAllowedErrorsCount" class="Edge\QA\OptionsTest" classname="Edge.QA.OptionsTest" file="/Users/www/zd/phpqa/tests/OptionsTest.php" line="144" assertions="0" time="0.000045"/>
      </testsuite>
      <testsuite name="Edge\QA\PathsTest" file="/Users/www/zd/phpqa/tests/PathsTest.php" tests="1" assertions="0" errors="0" warnings="0" failures="0" skipped="0" time="0.000188">
        <testcase name="testPathToBinaryIsEscaped" class="Edge\QA\PathsTest" classname="Edge.QA.PathsTest" file="/Users/www/zd/phpqa/tests/PathsTest.php" line="7" assertions="0" time="0.000188"/>
      </testsuite>
      <testsuite name="Edge\QA\ReportTest" file="/Users/www/zd/phpqa/tests/Report/ReportTest.php" tests="4" assertions="0" errors="0" warnings="0" failures="0" skipped="0" time="0.012535">
        <testcase name="testConvertTwigToHtml" class="Edge\QA\ReportTest" classname="Edge.QA.ReportTest" file="/Users/www/zd/phpqa/tests/Report/ReportTest.php" line="17" assertions="0" time="0.010578"/>
        <testsuite name="Edge\QA\ReportTest::testConvertXmlToHtml" tests="2" assertions="0" errors="0" warnings="0" failures="0" skipped="0" time="0.001904">
          <testcase name="testConvertXmlToHtml with data set &quot;create html&quot;" class="Edge\QA\ReportTest" classname="Edge.QA.ReportTest" file="/Users/www/zd/phpqa/tests/Report/ReportTest.php" line="24" assertions="0" time="0.001573"/>
          <testcase name="testConvertXmlToHtml with data set &quot;create empty file if something went south&quot;" class="Edge\QA\ReportTest" classname="Edge.QA.ReportTest" file="/Users/www/zd/phpqa/tests/Report/ReportTest.php" line="24" assertions="0" time="0.000330"/>
        </testsuite>
        <testcase name="testIgnoreMissingXmlDocuments" class="Edge\QA\ReportTest" classname="Edge.QA.ReportTest" file="/Users/www/zd/phpqa/tests/Report/ReportTest.php" line="38" assertions="0" time="0.000053"/>
      </testsuite>
      <testsuite name="Edge\QA\RunningToolTest" file="/Users/www/zd/phpqa/tests/RunningToolTest.php" tests="14" assertions="0" errors="0" warnings="0" failures="0" skipped="3" time="0.000772">
        <testcase name="testBuildOptionWithDefinedSeparator" class="Edge\QA\RunningToolTest" classname="Edge.QA.RunningToolTest" file="/Users/www/zd/phpqa/tests/RunningToolTest.php" line="10" assertions="0" time="0.000042"/>
        <testcase name="testMarkSuccessWhenXPathIsNotDefined" class="Edge\QA\RunningToolTest" classname="Edge.QA.RunningToolTest" file="/Users/www/zd/phpqa/tests/RunningToolTest.php" line="18" assertions="0" time="0.000032"/>
        <testsuite name="Edge\QA\RunningToolTest::testMarkFailureWhenXmlFileDoesNotExist" tests="2" assertions="0" errors="0" warnings="0" failures="0" skipped="0" time="0.000067">
          <testcase name="testMarkFailureWhenXmlFileDoesNotExist with data set &quot;success when allowed errors are not defined&quot;" class="Edge\QA\RunningToolTest" classname="Edge.QA.RunningToolTest" file="/Users/www/zd/phpqa/tests/RunningToolTest.php" line="25" assertions="0" time="0.000036"/>
          <testcase name="testMarkFailureWhenXmlFileDoesNotExist with data set &quot;success when errors count are defined&quot;" class="Edge\QA\RunningToolTest" classname="Edge.QA.RunningToolTest" file="/Users/www/zd/phpqa/tests/RunningToolTest.php" line="25" assertions="0" time="0.000031"/>
        </testsuite>
        <testsuite name="Edge\QA\RunningToolTest::testCompareAllowedCountWithErrorsCountFromXml" tests="3" assertions="0" errors="0" warnings="0" failures="0" skipped="0" time="0.000209">
          <testcase name="testCompareAllowedCountWithErrorsCountFromXml with data set &quot;success when allowed errors are not defined&quot;" class="Edge\QA\RunningToolTest" classname="Edge.QA.RunningToolTest" file="/Users/www/zd/phpqa/tests/RunningToolTest.php" line="46" assertions="0" time="0.000085"/>
          <testcase name="testCompareAllowedCountWithErrorsCountFromXml with data set &quot;success when errors count &lt;= allowed count&quot;" class="Edge\QA\RunningToolTest" classname="Edge.QA.RunningToolTest" file="/Users/www/zd/phpqa/tests/RunningToolTest.php" line="46" assertions="0" time="0.000062"/>
          <testcase name="testCompareAllowedCountWithErrorsCountFromXml with data set &quot;failure when errors count &gt; allowed count&quot;" class="Edge\QA\RunningToolTest" classname="Edge.QA.RunningToolTest" file="/Users/www/zd/phpqa/tests/RunningToolTest.php" line="46" assertions="0" time="0.000062"/>
        </testsuite>
        <testcase name="testRuntimeSelectionOfErrorXpath" class="Edge\QA\RunningToolTest" classname="Edge.QA.RunningToolTest" file="/Users/www/zd/phpqa/tests/RunningToolTest.php" line="65" assertions="0" time="0.000074"/>
        <testsuite name="Edge\QA\RunningToolTest::testMultipleXpaths" tests="2" assertions="0" errors="0" warnings="0" failures="0" skipped="0" time="0.000135">
          <testcase name="testMultipleXpaths with data set &quot;multiple elements&quot;" class="Edge\QA\RunningToolTest" classname="Edge.QA.RunningToolTest" file="/Users/www/zd/phpqa/tests/RunningToolTest.php" line="80" assertions="0" time="0.000072"/>
          <testcase name="testMultipleXpaths with data set &quot;invalid xpath&quot;" class="Edge\QA\RunningToolTest" classname="Edge.QA.RunningToolTest" file="/Users/www/zd/phpqa/tests/RunningToolTest.php" line="80" assertions="0" time="0.000063"/>
        </testsuite>
        <testsuite name="Edge\QA\RunningToolTest::testAnalyzeExitCodeInCliMode" tests="3" assertions="0" errors="0" warnings="0" failures="0" skipped="3" time="0.000180">
          <testcase name="testAnalyzeExitCodeInCliMode with data set &quot;success when exit code = 0&quot;" class="Edge\QA\RunningToolTest" classname="Edge.QA.RunningToolTest" file="/Users/www/zd/phpqa/tests/RunningToolTest.php" line="101" assertions="0" time="0.000123">
            <skipped/>
          </testcase>
          <testcase name="testAnalyzeExitCodeInCliMode with data set &quot;success when exit code &lt;= allowed code&quot;" class="Edge\QA\RunningToolTest" classname="Edge.QA.RunningToolTest" file="/Users/www/zd/phpqa/tests/RunningToolTest.php" line="101" assertions="0" time="0.000031">
            <skipped/>
          </testcase>
          <testcase name="testAnalyzeExitCodeInCliMode with data set &quot;failure when errors count &gt; allowed count but errors count is always one&quot;" class="Edge\QA\RunningToolTest" classname="Edge.QA.RunningToolTest" file="/Users/www/zd/phpqa/tests/RunningToolTest.php" line="101" assertions="0" time="0.000026">
            <skipped/>
          </testcase>
        </testsuite>
        <testcase name="testCreateUniqueIdForUserReport" class="Edge\QA\RunningToolTest" classname="Edge.QA.RunningToolTest" file="/Users/www/zd/phpqa/tests/RunningToolTest.php" line="124" assertions="0" time="0.000033"/>
      </testsuite>
      <testsuite name="Edge\QA\Tools\Analyzer\PhpstanTest" file="/Users/www/zd/phpqa/tests/Tools/Analyzer/PhpstanTest.php" tests="5" assertions="5" errors="0" warnings="0" failures="0" skipped="0" time="0.000392">
        <testsuite name="Edge\QA\Tools\Analyzer\PhpstanTest::testBuildConfig" tests="5" assertions="5" errors="0" warnings="0" failures="0" skipped="0" time="0.000392">
          <testcase name="testBuildConfig with data set &quot;No config&quot;" class="Edge\QA\Tools\Analyzer\PhpstanTest" classname="Edge.QA.Tools.Analyzer.PhpstanTest" file="/Users/www/zd/phpqa/tests/Tools/Analyzer/PhpstanTest.php" line="14" assertions="1" time="0.000277"/>
          <testcase name="testBuildConfig with data set &quot;No parameters in config&quot;" class="Edge\QA\Tools\Analyzer\PhpstanTest" classname="Edge.QA.Tools.Analyzer.PhpstanTest" file="/Users/www/zd/phpqa/tests/Tools/Analyzer/PhpstanTest.php" line="14" assertions="1" time="0.000032"/>
          <testcase name="testBuildConfig with data set &quot;excludePaths shortcut&quot;" class="Edge\QA\Tools\Analyzer\PhpstanTest" classname="Edge.QA.Tools.Analyzer.PhpstanTest" file="/Users/www/zd/phpqa/tests/Tools/Analyzer/PhpstanTest.php" line="14" assertions="1" time="0.000027"/>
          <testcase name="testBuildConfig with data set &quot;excludePaths + analyseAndScan&quot;" class="Edge\QA\Tools\Analyzer\PhpstanTest" classname="Edge.QA.Tools.Analyzer.PhpstanTest" file="/Users/www/zd/phpqa/tests/Tools/Analyzer/PhpstanTest.php" line="14" assertions="1" time="0.000030"/>
          <testcase name="testBuildConfig with data set &quot;Deprecated excludes_analyse&quot;" class="Edge\QA\Tools\Analyzer\PhpstanTest" classname="Edge.QA.Tools.Analyzer.PhpstanTest" file="/Users/www/zd/phpqa/tests/Tools/Analyzer/PhpstanTest.php" line="14" assertions="1" time="0.000026"/>
        </testsuite>
      </testsuite>
    </testsuite>
  </testsuite>
</testsuites>
