<?xml version="1.0" encoding="UTF-8"?>
<testsuites>
  <testsuite name="Project Test Suite" tests="54" assertions="13" failures="0" errors="1" time="0.120640">
    <testsuite name="Edge\QA\ConfigTest" file="/mnt/DATA/www/phpqa/tests/Config/ConfigTest.php" tests="9" assertions="4" failures="0" errors="1" time="0.017708">
      <testcase name="testLoadDefaultConfig" class="Edge\QA\ConfigTest" file="/mnt/DATA/www/phpqa/tests/Config/ConfigTest.php" line="7" assertions="0" time="0.005925"/>
      <testcase name="testBuildAbsolutePath" class="Edge\QA\ConfigTest" file="/mnt/DATA/www/phpqa/tests/Config/ConfigTest.php" line="31" assertions="0" time="0.001166"/>
      <testcase name="testOverrideDefaultConfig" class="Edge\QA\ConfigTest" file="/mnt/DATA/www/phpqa/tests/Config/ConfigTest.php" line="37" assertions="0" time="0.002043">
        <error type="PHPUnit_Framework_ExceptionWrapper">Edge\QA\ConfigTest::testOverrideDefaultConfig
Hamcrest\AssertionError: Expected: is &lt;5&gt;
     but: was &lt;2&gt;

/mnt/DATA/www/phpqa/vendor/hamcrest/hamcrest-php/hamcrest/Hamcrest/MatcherAssert.php:115
/mnt/DATA/www/phpqa/vendor/hamcrest/hamcrest-php/hamcrest/Hamcrest/MatcherAssert.php:52
/mnt/DATA/www/phpqa/vendor/hamcrest/hamcrest-php/hamcrest/Hamcrest.php:28
/mnt/DATA/www/phpqa/tests/Config/ConfigTest.php:41
</error>
      </testcase>
      <testcase name="testIgnoreNonExistentUserConfig" class="Edge\QA\ConfigTest" file="/mnt/DATA/www/phpqa/tests/Config/ConfigTest.php" line="47" assertions="1" time="0.001328"/>
      <testcase name="testThrowExceptionWhenFileDoesNotExist" class="Edge\QA\ConfigTest" file="/mnt/DATA/www/phpqa/tests/Config/ConfigTest.php" line="55" assertions="1" time="0.001294"/>
      <testcase name="testConfigCsvString" class="Edge\QA\ConfigTest" file="/mnt/DATA/www/phpqa/tests/Config/ConfigTest.php" line="63" assertions="0" time="0.001392"/>
      <testcase name="testUseCwdIfNoDirectoryIsSpecified" class="Edge\QA\ConfigTest" file="/mnt/DATA/www/phpqa/tests/Config/ConfigTest.php" line="71" assertions="0" time="0.001954"/>
      <testcase name="testThrowExceptionWhenBinaryDoesNotExist" class="Edge\QA\ConfigTest" file="/mnt/DATA/www/phpqa/tests/Config/ConfigTest.php" line="77" assertions="1" time="0.001333"/>
      <testcase name="testThrowExceptionWhenWrongBinaryIsUsed" class="Edge\QA\ConfigTest" file="/mnt/DATA/www/phpqa/tests/Config/ConfigTest.php" line="85" assertions="1" time="0.001273"/>
    </testsuite>
    <testsuite name="Edge\QA\IgnoredPathsTest" file="/mnt/DATA/www/phpqa/tests/IgnoredPathsTest.php" tests="18" assertions="9" failures="0" errors="0" time="0.011172">
      <testsuite name="Edge\QA\IgnoredPathsTest::testNoOptionWhenNothingIsIgnored" tests="9" assertions="0" failures="0" errors="0" time="0.000761">
        <testcase name="testNoOptionWhenNothingIsIgnored with data set #0" assertions="0" time="0.000399"/>
        <testcase name="testNoOptionWhenNothingIsIgnored with data set #1" assertions="0" time="0.000060"/>
        <testcase name="testNoOptionWhenNothingIsIgnored with data set #2" assertions="0" time="0.000047"/>
        <testcase name="testNoOptionWhenNothingIsIgnored with data set &quot;pdepend + windows&quot;" assertions="0" time="0.000046"/>
        <testcase name="testNoOptionWhenNothingIsIgnored with data set &quot;phpmd + windows&quot;" assertions="0" time="0.000042"/>
        <testcase name="testNoOptionWhenNothingIsIgnored with data set #3" assertions="0" time="0.000043"/>
        <testcase name="testNoOptionWhenNothingIsIgnored with data set #4" assertions="0" time="0.000041"/>
        <testcase name="testNoOptionWhenNothingIsIgnored with data set #5" assertions="0" time="0.000041"/>
        <testcase name="testNoOptionWhenNothingIsIgnored with data set #6" assertions="0" time="0.000042"/>
      </testsuite>
      <testsuite name="Edge\QA\IgnoredPathsTest::testIgnoreDirectoriesAndFiles" tests="9" assertions="9" failures="0" errors="0" time="0.010411">
        <testcase name="testIgnoreDirectoriesAndFiles with data set #0" assertions="1" time="0.000313"/>
        <testcase name="testIgnoreDirectoriesAndFiles with data set #1" assertions="1" time="0.000063"/>
        <testcase name="testIgnoreDirectoriesAndFiles with data set #2" assertions="1" time="0.000054"/>
        <testcase name="testIgnoreDirectoriesAndFiles with data set &quot;pdepend + windows&quot;" assertions="1" time="0.000055"/>
        <testcase name="testIgnoreDirectoriesAndFiles with data set &quot;phpmd + windows&quot;" assertions="1" time="0.000054"/>
        <testcase name="testIgnoreDirectoriesAndFiles with data set #3" assertions="1" time="0.000050"/>
        <testcase name="testIgnoreDirectoriesAndFiles with data set #4" assertions="1" time="0.009683"/>
        <testcase name="testIgnoreDirectoriesAndFiles with data set #5" assertions="1" time="0.000082"/>
        <testcase name="testIgnoreDirectoriesAndFiles with data set #6" assertions="1" time="0.000057"/>
      </testsuite>
    </testsuite>
    <testsuite name="Edge\QA\OptionsTest" file="/mnt/DATA/www/phpqa/tests/OptionsTest.php" tests="11" assertions="0" failures="0" errors="0" time="0.001642">
      <testcase name="testEscapePaths" class="Edge\QA\OptionsTest" file="/mnt/DATA/www/phpqa/tests/OptionsTest.php" line="35" assertions="0" time="0.000416"/>
      <testcase name="testIgnorePdependInCliOutput" class="Edge\QA\OptionsTest" file="/mnt/DATA/www/phpqa/tests/OptionsTest.php" line="43" assertions="0" time="0.000427"/>
      <testcase name="testIgnoreNotInstalledTool" class="Edge\QA\OptionsTest" file="/mnt/DATA/www/phpqa/tests/OptionsTest.php" line="50" assertions="0" time="0.000265"/>
      <testsuite name="Edge\QA\OptionsTest::testBuildOutput" tests="2" assertions="0" failures="0" errors="0" time="0.000139">
        <testcase name="testBuildOutput with data set &quot;ignore verbose and report in CLI output&quot;" assertions="0" time="0.000075"/>
        <testcase name="testBuildOutput with data set &quot;respect verbose mode and report in FILE output&quot;" assertions="0" time="0.000064"/>
      </testsuite>
      <testsuite name="Edge\QA\OptionsTest::testExecute" tests="2" assertions="0" failures="0" errors="0" time="0.000109">
        <testcase name="testExecute with data set &quot;parallel executaion is default mode&quot;" assertions="0" time="0.000059"/>
        <testcase name="testExecute with data set &quot;dont use parallelism if execution is other word&quot;" assertions="0" time="0.000050"/>
      </testsuite>
      <testsuite name="Edge\QA\OptionsTest::testBuildRootPath" tests="3" assertions="0" failures="0" errors="0" time="0.000190">
        <testcase name="testBuildRootPath with data set &quot;current dir + analyzed dir + slash&quot;" assertions="0" time="0.000069"/>
        <testcase name="testBuildRootPath with data set &quot;find common root from multiple dirs&quot;" assertions="0" time="0.000064"/>
        <testcase name="testBuildRootPath with data set &quot;no path when dir is invalid&quot;" assertions="0" time="0.000057"/>
      </testsuite>
      <testcase name="testLoadAllowedErrorsCount" class="Edge\QA\OptionsTest" file="/mnt/DATA/www/phpqa/tests/OptionsTest.php" line="117" assertions="0" time="0.000096"/>
    </testsuite>
    <testsuite name="Edge\QA\PathsTest" file="/mnt/DATA/www/phpqa/tests/PathsTest.php" tests="1" assertions="0" failures="0" errors="0" time="0.000486">
      <testcase name="testPathToBinaryIsEscaped" class="Edge\QA\PathsTest" file="/mnt/DATA/www/phpqa/tests/PathsTest.php" line="7" assertions="0" time="0.000486"/>
    </testsuite>
    <testsuite name="Edge\QA\ReportTest" file="/mnt/DATA/www/phpqa/tests/Report/ReportTest.php" tests="4" assertions="0" failures="0" errors="0" time="0.056450">
      <testcase name="testConvertTwigToHtml" class="Edge\QA\ReportTest" file="/mnt/DATA/www/phpqa/tests/Report/ReportTest.php" line="16" assertions="0" time="0.046855"/>
      <testsuite name="Edge\QA\ReportTest::testConvertXmlToHtml" tests="2" assertions="0" failures="0" errors="0" time="0.009526">
        <testcase name="testConvertXmlToHtml with data set &quot;create html&quot;" assertions="0" time="0.009116"/>
        <testcase name="testConvertXmlToHtml with data set &quot;create empty file if something went south&quot;" assertions="0" time="0.000410"/>
      </testsuite>
      <testcase name="testIgnoreMissingXmlDocuments" class="Edge\QA\ReportTest" file="/mnt/DATA/www/phpqa/tests/Report/ReportTest.php" line="37" assertions="0" time="0.000069"/>
    </testsuite>
    <testsuite name="Edge\QA\RunningToolTest" file="/mnt/DATA/www/phpqa/tests/RunningToolTest.php" tests="11" assertions="0" failures="0" errors="0" time="0.033182">
      <testcase name="testBuildOptionWithDefinedSeparator" class="Edge\QA\RunningToolTest" file="/mnt/DATA/www/phpqa/tests/RunningToolTest.php" line="9" assertions="0" time="0.000088"/>
      <testcase name="testMarkSuccessWhenXPathIsNotDefined" class="Edge\QA\RunningToolTest" file="/mnt/DATA/www/phpqa/tests/RunningToolTest.php" line="17" assertions="0" time="0.000057"/>
      <testcase name="testMarkFailureWhenXmlFileDoesNotExist" class="Edge\QA\RunningToolTest" file="/mnt/DATA/www/phpqa/tests/RunningToolTest.php" line="23" assertions="0" time="0.000056"/>
      <testsuite name="Edge\QA\RunningToolTest::testCompareAllowedCountWithErrorsCountFromXml" tests="3" assertions="0" failures="0" errors="0" time="0.000411">
        <testcase name="testCompareAllowedCountWithErrorsCountFromXml with data set &quot;success when allowed errors are not defined&quot;" assertions="0" time="0.000164"/>
        <testcase name="testCompareAllowedCountWithErrorsCountFromXml with data set &quot;success when errors count &lt;= allowed count&quot;" assertions="0" time="0.000128"/>
        <testcase name="testCompareAllowedCountWithErrorsCountFromXml with data set &quot;failure when errors count &gt; allowed count&quot;" assertions="0" time="0.000119"/>
      </testsuite>
      <testcase name="testRuntimeSelectionOfErrorXpath" class="Edge\QA\RunningToolTest" file="/mnt/DATA/www/phpqa/tests/RunningToolTest.php" line="52" assertions="0" time="0.003224"/>
      <testsuite name="Edge\QA\RunningToolTest::testAnalyzeExitCodeInCliMode" tests="3" assertions="0" failures="0" errors="0" time="0.029273">
        <testcase name="testAnalyzeExitCodeInCliMode with data set &quot;success when exit code = 0&quot;" assertions="0" time="0.026879"/>
        <testcase name="testAnalyzeExitCodeInCliMode with data set &quot;success when exit code &lt;= allowed code&quot;" assertions="0" time="0.001218"/>
        <testcase name="testAnalyzeExitCodeInCliMode with data set &quot;failure when errors count &gt; allowed count but errors count is always one&quot;" assertions="0" time="0.001176"/>
      </testsuite>
      <testcase name="testCreateUniqueIdForUserReport" class="Edge\QA\RunningToolTest" file="/mnt/DATA/www/phpqa/tests/RunningToolTest.php" line="87" assertions="0" time="0.000073"/>
    </testsuite>
  </testsuite>
</testsuites>
