<?xml version="1.0" encoding="UTF-8"?>
<report>
  <item>
    <severity>error</severity>
    <line_from>5</line_from>
    <line_to>5</line_to>
    <type>DeprecatedInterface</type>
    <message>Robo\Contract\OutputAwareInterface is marked deprecated</message>
    <file_name>RoboFile.php</file_name>
    <file_path>/mnt/DATA/www/phpqa/RoboFile.php</file_path>
    <snippet>class RoboFile extends \Robo\Tasks</snippet>
    <selected_text>RoboFile</selected_text>
    <from>33</from>
    <to>41</to>
    <snippet_from>27</snippet_from>
    <snippet_to>61</snippet_to>
    <column_from>7</column_from>
    <column_to>15</column_to>
    <error_level>2</error_level>
    <shortcode>152</shortcode>
    <link>https://psalm.dev/152</link>
    <taint_trace></taint_trace>
  </item>
  <item>
    <severity>error</severity>
    <line_from>5</line_from>
    <line_to>5</line_to>
    <type>UnusedClass</type>
    <message>Class Edge\QA\RoboFile is never used</message>
    <file_name>RoboFile.php</file_name>
    <file_path>/mnt/DATA/www/phpqa/RoboFile.php</file_path>
    <snippet>class RoboFile extends \Robo\Tasks</snippet>
    <selected_text>RoboFile</selected_text>
    <from>33</from>
    <to>41</to>
    <snippet_from>27</snippet_from>
    <snippet_to>61</snippet_to>
    <column_from>7</column_from>
    <column_to>15</column_to>
    <error_level>-2</error_level>
    <shortcode>75</shortcode>
    <link>https://psalm.dev/075</link>
    <taint_trace></taint_trace>
  </item>
  <item>
    <severity>error</severity>
    <line_from>19</line_from>
    <line_to>19</line_to>
    <type>MissingParamType</type>
    <message>Parameter $opts has no provided type</message>
    <file_name>src/CodeAnalysisTasks.php</file_name>
    <file_path>/mnt/DATA/www/phpqa/src/CodeAnalysisTasks.php</file_path>
    <snippet>        $opts = [</snippet>
    <selected_text>$opts</selected_text>
    <from>378</from>
    <to>383</to>
    <snippet_from>370</snippet_from>
    <snippet_to>387</snippet_to>
    <column_from>9</column_from>
    <column_to>14</column_to>
    <error_level>2</error_level>
    <shortcode>154</shortcode>
    <link>https://psalm.dev/154</link>
    <taint_trace></taint_trace>
  </item>
  <item>
    <severity>info</severity>
    <line_from>24</line_from>
    <line_to>24</line_to>
    <type>DeprecatedMethod</type>
    <message>The method Robo\Common\OutputAwareTrait::getOutput has been marked as deprecated</message>
    <file_name>src/CodeAnalysisTasks.php</file_name>
    <file_path>/mnt/DATA/www/phpqa/src/CodeAnalysisTasks.php</file_path>
    <snippet>        $versions = new Task\TableVersions($this-&gt;getOutput());</snippet>
    <selected_text>getOutput</selected_text>
    <from>520</from>
    <to>529</to>
    <snippet_from>470</snippet_from>
    <snippet_to>533</snippet_to>
    <column_from>51</column_from>
    <column_to>60</column_to>
    <error_level>2</error_level>
    <shortcode>1</shortcode>
    <link>https://psalm.dev/001</link>
    <taint_trace></taint_trace>
  </item>
  <item>
    <severity>error</severity>
    <line_from>42</line_from>
    <line_to>42</line_to>
    <type>MissingParamType</type>
    <message>Parameter $opts has no provided type</message>
    <file_name>src/CodeAnalysisTasks.php</file_name>
    <file_path>/mnt/DATA/www/phpqa/src/CodeAnalysisTasks.php</file_path>
    <snippet>        $opts = [</snippet>
    <selected_text>$opts</selected_text>
    <from>1989</from>
    <to>1994</to>
    <snippet_from>1981</snippet_from>
    <snippet_to>1998</snippet_to>
    <column_from>9</column_from>
    <column_to>14</column_to>
    <error_level>2</error_level>
    <shortcode>154</shortcode>
    <link>https://psalm.dev/154</link>
    <taint_trace></taint_trace>
  </item>
  <item>
    <severity>info</severity>
    <line_from>71</line_from>
    <line_to>71</line_to>
    <type>DeprecatedMethod</type>
    <message>The method Robo\Common\InputAwareTrait::getInput has been marked as deprecated</message>
    <file_name>src/CodeAnalysisTasks.php</file_name>
    <file_path>/mnt/DATA/www/phpqa/src/CodeAnalysisTasks.php</file_path>
    <snippet>        $options['report'] = $this-&gt;getInput()-&gt;hasParameterOption('--report') ? ($options['report'] ?: true) : false;</snippet>
    <selected_text>getInput</selected_text>
    <from>2965</from>
    <to>2973</to>
    <snippet_from>2929</snippet_from>
    <snippet_to>3047</snippet_to>
    <column_from>37</column_from>
    <column_to>45</column_to>
    <error_level>2</error_level>
    <shortcode>1</shortcode>
    <link>https://psalm.dev/001</link>
    <taint_trace></taint_trace>
  </item>
  <item>
    <severity>error</severity>
    <line_from>79</line_from>
    <line_to>79</line_to>
    <type>MissingClosureParamType</type>
    <message>Parameter $text has no provided type</message>
    <file_name>src/CodeAnalysisTasks.php</file_name>
    <file_path>/mnt/DATA/www/phpqa/src/CodeAnalysisTasks.php</file_path>
    <snippet>        $this-&gt;tools = new Tools($config, function ($text) {</snippet>
    <selected_text>$text</selected_text>
    <from>3277</from>
    <to>3282</to>
    <snippet_from>3225</snippet_from>
    <snippet_to>3285</snippet_to>
    <column_from>53</column_from>
    <column_to>58</column_to>
    <error_level>2</error_level>
    <shortcode>153</shortcode>
    <link>https://psalm.dev/153</link>
    <taint_trace></taint_trace>
  </item>
  <item>
    <severity>error</severity>
    <line_from>148</line_from>
    <line_to>148</line_to>
    <type>InvalidReturnType</type>
    <message>The declared return type 'Robo\Task\Base\Exec' for Edge\QA\CodeAnalysisTasks::toolToExec is incorrect, got 'Robo\Collection\CollectionBuilder|Robo\Task\Base\Exec'</message>
    <file_name>src/CodeAnalysisTasks.php</file_name>
    <file_path>/mnt/DATA/www/phpqa/src/CodeAnalysisTasks.php</file_path>
    <snippet>    /** @return \Robo\Task\Base\Exec */</snippet>
    <selected_text>\Robo\Task\Base\Exec</selected_text>
    <from>5551</from>
    <to>5571</to>
    <snippet_from>5535</snippet_from>
    <snippet_to>5574</snippet_to>
    <column_from>17</column_from>
    <column_to>37</column_to>
    <error_level>6</error_level>
    <shortcode>11</shortcode>
    <link>https://psalm.dev/011</link>
    <taint_trace></taint_trace>
  </item>
  <item>
    <severity>info</severity>
    <line_from>165</line_from>
    <line_to>165</line_to>
    <type>DeprecatedMethod</type>
    <message>The method Robo\Common\OutputAwareTrait::getOutput has been marked as deprecated</message>
    <file_name>src/CodeAnalysisTasks.php</file_name>
    <file_path>/mnt/DATA/www/phpqa/src/CodeAnalysisTasks.php</file_path>
    <snippet>        $assetsLoader = new Task\AssetsLoader($this-&gt;getOutput());</snippet>
    <selected_text>getOutput</selected_text>
    <from>6146</from>
    <to>6155</to>
    <snippet_from>6093</snippet_from>
    <snippet_to>6159</snippet_to>
    <column_from>54</column_from>
    <column_to>63</column_to>
    <error_level>2</error_level>
    <shortcode>1</shortcode>
    <link>https://psalm.dev/001</link>
    <taint_trace></taint_trace>
  </item>
  <item>
    <severity>info</severity>
    <line_from>202</line_from>
    <line_to>202</line_to>
    <type>UndefinedConstant</type>
    <message>Const PHPQA_USED_COMMAND is not defined</message>
    <file_name>src/CodeAnalysisTasks.php</file_name>
    <file_path>/mnt/DATA/www/phpqa/src/CodeAnalysisTasks.php</file_path>
    <snippet>                    'phpqa' =&gt; 'cd "' . getcwd() . "\" &amp;&amp; \\\n" . PHPQA_USED_COMMAND,</snippet>
    <selected_text>PHPQA_USED_COMMAND</selected_text>
    <from>7795</from>
    <to>7813</to>
    <snippet_from>7729</snippet_from>
    <snippet_to>7814</snippet_to>
    <column_from>67</column_from>
    <column_to>85</column_to>
    <error_level>-1</error_level>
    <shortcode>20</shortcode>
    <link>https://psalm.dev/020</link>
    <taint_trace></taint_trace>
  </item>
  <item>
    <severity>info</severity>
    <line_from>213</line_from>
    <line_to>213</line_to>
    <type>DeprecatedMethod</type>
    <message>The method Robo\Common\OutputAwareTrait::getOutput has been marked as deprecated</message>
    <file_name>src/CodeAnalysisTasks.php</file_name>
    <file_path>/mnt/DATA/www/phpqa/src/CodeAnalysisTasks.php</file_path>
    <snippet>        $summary = new Task\TableSummary($this-&gt;getOutput());</snippet>
    <selected_text>getOutput</selected_text>
    <from>8150</from>
    <to>8159</to>
    <snippet_from>8102</snippet_from>
    <snippet_to>8163</snippet_to>
    <column_from>49</column_from>
    <column_to>58</column_to>
    <error_level>2</error_level>
    <shortcode>1</shortcode>
    <link>https://psalm.dev/001</link>
    <taint_trace></taint_trace>
  </item>
  <item>
    <severity>error</severity>
    <line_from>12</line_from>
    <line_to>12</line_to>
    <type>MissingParamType</type>
    <message>Parameter $cwd has no provided type</message>
    <file_name>src/Config.php</file_name>
    <file_path>/mnt/DATA/www/phpqa/src/Config.php</file_path>
    <snippet>    public function __construct($cwd = null)</snippet>
    <selected_text>$cwd</selected_text>
    <from>159</from>
    <to>163</to>
    <snippet_from>127</snippet_from>
    <snippet_to>171</snippet_to>
    <column_from>33</column_from>
    <column_to>37</column_to>
    <error_level>2</error_level>
    <shortcode>154</shortcode>
    <link>https://psalm.dev/154</link>
    <taint_trace></taint_trace>
  </item>
  <item>
    <severity>error</severity>
    <line_from>18</line_from>
    <line_to>18</line_to>
    <type>MissingParamType</type>
    <message>Parameter $directories has no provided type</message>
    <file_name>src/Config.php</file_name>
    <file_path>/mnt/DATA/www/phpqa/src/Config.php</file_path>
    <snippet>    public function loadUserConfig($directories)</snippet>
    <selected_text>$directories</selected_text>
    <from>304</from>
    <to>316</to>
    <snippet_from>269</snippet_from>
    <snippet_to>317</snippet_to>
    <column_from>36</column_from>
    <column_to>48</column_to>
    <error_level>2</error_level>
    <shortcode>154</shortcode>
    <link>https://psalm.dev/154</link>
    <taint_trace></taint_trace>
  </item>
  <item>
    <severity>error</severity>
    <line_from>28</line_from>
    <line_to>28</line_to>
    <type>MissingParamType</type>
    <message>Parameter $directory has no provided type</message>
    <file_name>src/Config.php</file_name>
    <file_path>/mnt/DATA/www/phpqa/src/Config.php</file_path>
    <snippet>    private function loadConfig($directory, $isUserDirectory = false)</snippet>
    <selected_text>$directory</selected_text>
    <from>662</from>
    <to>672</to>
    <snippet_from>630</snippet_from>
    <snippet_to>699</snippet_to>
    <column_from>33</column_from>
    <column_to>43</column_to>
    <error_level>2</error_level>
    <shortcode>154</shortcode>
    <link>https://psalm.dev/154</link>
    <taint_trace></taint_trace>
  </item>
  <item>
    <severity>error</severity>
    <line_from>28</line_from>
    <line_to>28</line_to>
    <type>MissingParamType</type>
    <message>Parameter $isUserDirectory has no provided type</message>
    <file_name>src/Config.php</file_name>
    <file_path>/mnt/DATA/www/phpqa/src/Config.php</file_path>
    <snippet>    private function loadConfig($directory, $isUserDirectory = false)</snippet>
    <selected_text>$isUserDirectory</selected_text>
    <from>674</from>
    <to>690</to>
    <snippet_from>630</snippet_from>
    <snippet_to>699</snippet_to>
    <column_from>45</column_from>
    <column_to>61</column_to>
    <error_level>2</error_level>
    <shortcode>154</shortcode>
    <link>https://psalm.dev/154</link>
    <taint_trace></taint_trace>
  </item>
  <item>
    <severity>error</severity>
    <line_from>45</line_from>
    <line_to>45</line_to>
    <type>MissingParamType</type>
    <message>Parameter $key has no provided type</message>
    <file_name>src/Config.php</file_name>
    <file_path>/mnt/DATA/www/phpqa/src/Config.php</file_path>
    <snippet>    private function mergeConfigs($key)</snippet>
    <selected_text>$key</selected_text>
    <from>1354</from>
    <to>1358</to>
    <snippet_from>1320</snippet_from>
    <snippet_to>1359</snippet_to>
    <column_from>35</column_from>
    <column_to>39</column_to>
    <error_level>2</error_level>
    <shortcode>154</shortcode>
    <link>https://psalm.dev/154</link>
    <taint_trace></taint_trace>
  </item>
  <item>
    <severity>error</severity>
    <line_from>55</line_from>
    <line_to>55</line_to>
    <type>MissingParamType</type>
    <message>Parameter $tool has no provided type</message>
    <file_name>src/Config.php</file_name>
    <file_path>/mnt/DATA/www/phpqa/src/Config.php</file_path>
    <snippet>    public function getCustomBinary($tool)</snippet>
    <selected_text>$tool</selected_text>
    <from>1694</from>
    <to>1699</to>
    <snippet_from>1658</snippet_from>
    <snippet_to>1700</snippet_to>
    <column_from>37</column_from>
    <column_to>42</column_to>
    <error_level>2</error_level>
    <shortcode>154</shortcode>
    <link>https://psalm.dev/154</link>
    <taint_trace></taint_trace>
  </item>
  <item>
    <severity>error</severity>
    <line_from>68</line_from>
    <line_to>68</line_to>
    <type>MissingParamType</type>
    <message>Parameter $path has no provided type</message>
    <file_name>src/Config.php</file_name>
    <file_path>/mnt/DATA/www/phpqa/src/Config.php</file_path>
    <snippet>    public function value($path)</snippet>
    <selected_text>$path</selected_text>
    <from>2107</from>
    <to>2112</to>
    <snippet_from>2081</snippet_from>
    <snippet_to>2113</snippet_to>
    <column_from>27</column_from>
    <column_to>32</column_to>
    <error_level>2</error_level>
    <shortcode>154</shortcode>
    <link>https://psalm.dev/154</link>
    <taint_trace></taint_trace>
  </item>
  <item>
    <severity>error</severity>
    <line_from>72</line_from>
    <line_to>72</line_to>
    <type>MissingClosureParamType</type>
    <message>Parameter $value has no provided type</message>
    <file_name>src/Config.php</file_name>
    <file_path>/mnt/DATA/www/phpqa/src/Config.php</file_path>
    <snippet>            function ($value) {</snippet>
    <selected_text>$value</selected_text>
    <from>2188</from>
    <to>2194</to>
    <snippet_from>2166</snippet_from>
    <snippet_to>2197</snippet_to>
    <column_from>23</column_from>
    <column_to>29</column_to>
    <error_level>2</error_level>
    <shortcode>153</shortcode>
    <link>https://psalm.dev/153</link>
    <taint_trace></taint_trace>
  </item>
  <item>
    <severity>error</severity>
    <line_from>78</line_from>
    <line_to>78</line_to>
    <type>MissingParamType</type>
    <message>Parameter $path has no provided type</message>
    <file_name>src/Config.php</file_name>
    <file_path>/mnt/DATA/www/phpqa/src/Config.php</file_path>
    <snippet>    public function path($path)</snippet>
    <selected_text>$path</selected_text>
    <from>2286</from>
    <to>2291</to>
    <snippet_from>2261</snippet_from>
    <snippet_to>2292</snippet_to>
    <column_from>26</column_from>
    <column_to>31</column_to>
    <error_level>2</error_level>
    <shortcode>154</shortcode>
    <link>https://psalm.dev/154</link>
    <taint_trace></taint_trace>
  </item>
  <item>
    <severity>error</severity>
    <line_from>82</line_from>
    <line_to>82</line_to>
    <type>MissingClosureParamType</type>
    <message>Parameter $file has no provided type</message>
    <file_name>src/Config.php</file_name>
    <file_path>/mnt/DATA/www/phpqa/src/Config.php</file_path>
    <snippet>            function ($file, $dir) use ($path) {</snippet>
    <selected_text>$file</selected_text>
    <from>2367</from>
    <to>2372</to>
    <snippet_from>2345</snippet_from>
    <snippet_to>2393</snippet_to>
    <column_from>23</column_from>
    <column_to>28</column_to>
    <error_level>2</error_level>
    <shortcode>153</shortcode>
    <link>https://psalm.dev/153</link>
    <taint_trace></taint_trace>
  </item>
  <item>
    <severity>error</severity>
    <line_from>82</line_from>
    <line_to>82</line_to>
    <type>MissingClosureParamType</type>
    <message>Parameter $dir has no provided type</message>
    <file_name>src/Config.php</file_name>
    <file_path>/mnt/DATA/www/phpqa/src/Config.php</file_path>
    <snippet>            function ($file, $dir) use ($path) {</snippet>
    <selected_text>$dir</selected_text>
    <from>2374</from>
    <to>2378</to>
    <snippet_from>2345</snippet_from>
    <snippet_to>2393</snippet_to>
    <column_from>30</column_from>
    <column_to>34</column_to>
    <error_level>2</error_level>
    <shortcode>153</shortcode>
    <link>https://psalm.dev/153</link>
    <taint_trace></taint_trace>
  </item>
  <item>
    <severity>error</severity>
    <line_from>92</line_from>
    <line_to>92</line_to>
    <type>MissingParamType</type>
    <message>Parameter $path has no provided type</message>
    <file_name>src/Config.php</file_name>
    <file_path>/mnt/DATA/www/phpqa/src/Config.php</file_path>
    <snippet>    public function pathsOrValues($path)</snippet>
    <selected_text>$path</selected_text>
    <from>2670</from>
    <to>2675</to>
    <snippet_from>2636</snippet_from>
    <snippet_to>2676</snippet_to>
    <column_from>35</column_from>
    <column_to>40</column_to>
    <error_level>2</error_level>
    <shortcode>154</shortcode>
    <link>https://psalm.dev/154</link>
    <taint_trace></taint_trace>
  </item>
  <item>
    <severity>error</severity>
    <line_from>96</line_from>
    <line_to>96</line_to>
    <type>MissingClosureParamType</type>
    <message>Parameter $values has no provided type</message>
    <file_name>src/Config.php</file_name>
    <file_path>/mnt/DATA/www/phpqa/src/Config.php</file_path>
    <snippet>            function ($values, $dir) {</snippet>
    <selected_text>$values</selected_text>
    <from>2751</from>
    <to>2758</to>
    <snippet_from>2729</snippet_from>
    <snippet_to>2767</snippet_to>
    <column_from>23</column_from>
    <column_to>30</column_to>
    <error_level>2</error_level>
    <shortcode>153</shortcode>
    <link>https://psalm.dev/153</link>
    <taint_trace></taint_trace>
  </item>
  <item>
    <severity>error</severity>
    <line_from>96</line_from>
    <line_to>96</line_to>
    <type>MissingClosureParamType</type>
    <message>Parameter $dir has no provided type</message>
    <file_name>src/Config.php</file_name>
    <file_path>/mnt/DATA/www/phpqa/src/Config.php</file_path>
    <snippet>            function ($values, $dir) {</snippet>
    <selected_text>$dir</selected_text>
    <from>2760</from>
    <to>2764</to>
    <snippet_from>2729</snippet_from>
    <snippet_to>2767</snippet_to>
    <column_from>32</column_from>
    <column_to>36</column_to>
    <error_level>2</error_level>
    <shortcode>153</shortcode>
    <link>https://psalm.dev/153</link>
    <taint_trace></taint_trace>
  </item>
  <item>
    <severity>error</severity>
    <line_from>108</line_from>
    <line_to>108</line_to>
    <type>MissingParamType</type>
    <message>Parameter $path has no provided type</message>
    <file_name>src/Config.php</file_name>
    <file_path>/mnt/DATA/www/phpqa/src/Config.php</file_path>
    <snippet>    public function csv($path, $separator = ',')</snippet>
    <selected_text>$path</selected_text>
    <from>3132</from>
    <to>3137</to>
    <snippet_from>3108</snippet_from>
    <snippet_to>3156</snippet_to>
    <column_from>25</column_from>
    <column_to>30</column_to>
    <error_level>2</error_level>
    <shortcode>154</shortcode>
    <link>https://psalm.dev/154</link>
    <taint_trace></taint_trace>
  </item>
  <item>
    <severity>error</severity>
    <line_from>108</line_from>
    <line_to>108</line_to>
    <type>MissingParamType</type>
    <message>Parameter $separator has no provided type</message>
    <file_name>src/Config.php</file_name>
    <file_path>/mnt/DATA/www/phpqa/src/Config.php</file_path>
    <snippet>    public function csv($path, $separator = ',')</snippet>
    <selected_text>$separator</selected_text>
    <from>3139</from>
    <to>3149</to>
    <snippet_from>3108</snippet_from>
    <snippet_to>3156</snippet_to>
    <column_from>32</column_from>
    <column_to>42</column_to>
    <error_level>2</error_level>
    <shortcode>154</shortcode>
    <link>https://psalm.dev/154</link>
    <taint_trace></taint_trace>
  </item>
  <item>
    <severity>error</severity>
    <line_from>110</line_from>
    <line_to>110</line_to>
    <type>MissingClosureParamType</type>
    <message>Parameter $path has no provided type</message>
    <file_name>src/Config.php</file_name>
    <file_path>/mnt/DATA/www/phpqa/src/Config.php</file_path>
    <snippet>        $csv = function ($path) use ($separator) {</snippet>
    <selected_text>$path</selected_text>
    <from>3188</from>
    <to>3193</to>
    <snippet_from>3163</snippet_from>
    <snippet_to>3213</snippet_to>
    <column_from>26</column_from>
    <column_to>31</column_to>
    <error_level>2</error_level>
    <shortcode>153</shortcode>
    <link>https://psalm.dev/153</link>
    <taint_trace></taint_trace>
  </item>
  <item>
    <severity>error</severity>
    <line_from>113</line_from>
    <line_to>113</line_to>
    <type>MissingClosureParamType</type>
    <message>Parameter $value has no provided type</message>
    <file_name>src/Config.php</file_name>
    <file_path>/mnt/DATA/www/phpqa/src/Config.php</file_path>
    <snippet>                function ($value) use ($separator) {</snippet>
    <selected_text>$value</selected_text>
    <from>3294</from>
    <to>3300</to>
    <snippet_from>3268</snippet_from>
    <snippet_to>3320</snippet_to>
    <column_from>27</column_from>
    <column_to>33</column_to>
    <error_level>2</error_level>
    <shortcode>153</shortcode>
    <link>https://psalm.dev/153</link>
    <taint_trace></taint_trace>
  </item>
  <item>
    <severity>error</severity>
    <line_from>121</line_from>
    <line_to>121</line_to>
    <type>MissingParamType</type>
    <message>Parameter $path has no provided type</message>
    <file_name>src/Config.php</file_name>
    <file_path>/mnt/DATA/www/phpqa/src/Config.php</file_path>
    <snippet>    private function get($path, $extractor)</snippet>
    <selected_text>$path</selected_text>
    <from>3509</from>
    <to>3514</to>
    <snippet_from>3484</snippet_from>
    <snippet_to>3527</snippet_to>
    <column_from>26</column_from>
    <column_to>31</column_to>
    <error_level>2</error_level>
    <shortcode>154</shortcode>
    <link>https://psalm.dev/154</link>
    <taint_trace></taint_trace>
  </item>
  <item>
    <severity>error</severity>
    <line_from>121</line_from>
    <line_to>121</line_to>
    <type>MissingParamType</type>
    <message>Parameter $extractor has no provided type</message>
    <file_name>src/Config.php</file_name>
    <file_path>/mnt/DATA/www/phpqa/src/Config.php</file_path>
    <snippet>    private function get($path, $extractor)</snippet>
    <selected_text>$extractor</selected_text>
    <from>3516</from>
    <to>3526</to>
    <snippet_from>3484</snippet_from>
    <snippet_to>3527</snippet_to>
    <column_from>33</column_from>
    <column_to>43</column_to>
    <error_level>2</error_level>
    <shortcode>154</shortcode>
    <link>https://psalm.dev/154</link>
    <taint_trace></taint_trace>
  </item>
  <item>
    <severity>error</severity>
    <line_from>131</line_from>
    <line_to>131</line_to>
    <type>MissingParamType</type>
    <message>Parameter $path has no provided type</message>
    <file_name>src/Config.php</file_name>
    <file_path>/mnt/DATA/www/phpqa/src/Config.php</file_path>
    <snippet>    private function findInConfig(array $config, $path)</snippet>
    <selected_text>$path</selected_text>
    <from>3810</from>
    <to>3815</to>
    <snippet_from>3761</snippet_from>
    <snippet_to>3816</snippet_to>
    <column_from>50</column_from>
    <column_to>55</column_to>
    <error_level>2</error_level>
    <shortcode>154</shortcode>
    <link>https://psalm.dev/154</link>
    <taint_trace></taint_trace>
  </item>
  <item>
    <severity>error</severity>
    <line_from>143</line_from>
    <line_to>143</line_to>
    <type>MissingParamType</type>
    <message>Parameter $source has no provided type</message>
    <file_name>src/Config.php</file_name>
    <file_path>/mnt/DATA/www/phpqa/src/Config.php</file_path>
    <snippet>    private function throwInvalidPath($source, $path)</snippet>
    <selected_text>$source</selected_text>
    <from>4131</from>
    <to>4138</to>
    <snippet_from>4093</snippet_from>
    <snippet_to>4146</snippet_to>
    <column_from>39</column_from>
    <column_to>46</column_to>
    <error_level>2</error_level>
    <shortcode>154</shortcode>
    <link>https://psalm.dev/154</link>
    <taint_trace></taint_trace>
  </item>
  <item>
    <severity>error</severity>
    <line_from>143</line_from>
    <line_to>143</line_to>
    <type>MissingParamType</type>
    <message>Parameter $path has no provided type</message>
    <file_name>src/Config.php</file_name>
    <file_path>/mnt/DATA/www/phpqa/src/Config.php</file_path>
    <snippet>    private function throwInvalidPath($source, $path)</snippet>
    <selected_text>$path</selected_text>
    <from>4140</from>
    <to>4145</to>
    <snippet_from>4093</snippet_from>
    <snippet_to>4146</snippet_to>
    <column_from>48</column_from>
    <column_to>53</column_to>
    <error_level>2</error_level>
    <shortcode>154</shortcode>
    <link>https://psalm.dev/154</link>
    <taint_trace></taint_trace>
  </item>
  <item>
    <severity>error</severity>
    <line_from>12</line_from>
    <line_to>12</line_to>
    <type>MissingParamType</type>
    <message>Parameter $ignoredDirs has no provided type</message>
    <file_name>src/IgnoredPaths.php</file_name>
    <file_path>/mnt/DATA/www/phpqa/src/IgnoredPaths.php</file_path>
    <snippet>    public function __construct($ignoredDirs, $ignoredFiles)</snippet>
    <selected_text>$ignoredDirs</selected_text>
    <from>181</from>
    <to>193</to>
    <snippet_from>149</snippet_from>
    <snippet_to>209</snippet_to>
    <column_from>33</column_from>
    <column_to>45</column_to>
    <error_level>2</error_level>
    <shortcode>154</shortcode>
    <link>https://psalm.dev/154</link>
    <taint_trace></taint_trace>
  </item>
  <item>
    <severity>error</severity>
    <line_from>12</line_from>
    <line_to>12</line_to>
    <type>MissingParamType</type>
    <message>Parameter $ignoredFiles has no provided type</message>
    <file_name>src/IgnoredPaths.php</file_name>
    <file_path>/mnt/DATA/www/phpqa/src/IgnoredPaths.php</file_path>
    <snippet>    public function __construct($ignoredDirs, $ignoredFiles)</snippet>
    <selected_text>$ignoredFiles</selected_text>
    <from>195</from>
    <to>208</to>
    <snippet_from>149</snippet_from>
    <snippet_to>209</snippet_to>
    <column_from>47</column_from>
    <column_to>60</column_to>
    <error_level>2</error_level>
    <shortcode>154</shortcode>
    <link>https://psalm.dev/154</link>
    <taint_trace></taint_trace>
  </item>
  <item>
    <severity>error</severity>
    <line_from>20</line_from>
    <line_to>20</line_to>
    <type>MissingParamType</type>
    <message>Parameter $os has no provided type</message>
    <file_name>src/IgnoredPaths.php</file_name>
    <file_path>/mnt/DATA/www/phpqa/src/IgnoredPaths.php</file_path>
    <snippet>    public function setOS($os)</snippet>
    <selected_text>$os</selected_text>
    <from>483</from>
    <to>486</to>
    <snippet_from>457</snippet_from>
    <snippet_to>487</snippet_to>
    <column_from>27</column_from>
    <column_to>30</column_to>
    <error_level>2</error_level>
    <shortcode>154</shortcode>
    <link>https://psalm.dev/154</link>
    <taint_trace></taint_trace>
  </item>
  <item>
    <severity>error</severity>
    <line_from>25</line_from>
    <line_to>25</line_to>
    <type>MissingParamType</type>
    <message>Parameter $csv has no provided type</message>
    <file_name>src/IgnoredPaths.php</file_name>
    <file_path>/mnt/DATA/www/phpqa/src/IgnoredPaths.php</file_path>
    <snippet>    private function csvToArray($csv)</snippet>
    <selected_text>$csv</selected_text>
    <from>600</from>
    <to>604</to>
    <snippet_from>568</snippet_from>
    <snippet_to>605</snippet_to>
    <column_from>33</column_from>
    <column_to>37</column_to>
    <error_level>2</error_level>
    <shortcode>154</shortcode>
    <link>https://psalm.dev/154</link>
    <taint_trace></taint_trace>
  </item>
  <item>
    <severity>error</severity>
    <line_from>51</line_from>
    <line_to>51</line_to>
    <type>MissingParamType</type>
    <message>Parameter $option has no provided type</message>
    <file_name>src/IgnoredPaths.php</file_name>
    <file_path>/mnt/DATA/www/phpqa/src/IgnoredPaths.php</file_path>
    <snippet>    private function pdependWindowsFilter($option)</snippet>
    <selected_text>$option</selected_text>
    <from>1239</from>
    <to>1246</to>
    <snippet_from>1197</snippet_from>
    <snippet_to>1247</snippet_to>
    <column_from>43</column_from>
    <column_to>50</column_to>
    <error_level>2</error_level>
    <shortcode>154</shortcode>
    <link>https://psalm.dev/154</link>
    <taint_trace></taint_trace>
  </item>
  <item>
    <severity>error</severity>
    <line_from>89</line_from>
    <line_to>89</line_to>
    <type>MissingParamType</type>
    <message>Parameter $before has no provided type</message>
    <file_name>src/IgnoredPaths.php</file_name>
    <file_path>/mnt/DATA/www/phpqa/src/IgnoredPaths.php</file_path>
    <snippet>    private function ignore($before, $dirSeparator, $after, $fileSeparator = null)</snippet>
    <selected_text>$before</selected_text>
    <from>2047</from>
    <to>2054</to>
    <snippet_from>2019</snippet_from>
    <snippet_to>2101</snippet_to>
    <column_from>29</column_from>
    <column_to>36</column_to>
    <error_level>2</error_level>
    <shortcode>154</shortcode>
    <link>https://psalm.dev/154</link>
    <taint_trace></taint_trace>
  </item>
  <item>
    <severity>error</severity>
    <line_from>89</line_from>
    <line_to>89</line_to>
    <type>MissingParamType</type>
    <message>Parameter $dirSeparator has no provided type</message>
    <file_name>src/IgnoredPaths.php</file_name>
    <file_path>/mnt/DATA/www/phpqa/src/IgnoredPaths.php</file_path>
    <snippet>    private function ignore($before, $dirSeparator, $after, $fileSeparator = null)</snippet>
    <selected_text>$dirSeparator</selected_text>
    <from>2056</from>
    <to>2069</to>
    <snippet_from>2019</snippet_from>
    <snippet_to>2101</snippet_to>
    <column_from>38</column_from>
    <column_to>51</column_to>
    <error_level>2</error_level>
    <shortcode>154</shortcode>
    <link>https://psalm.dev/154</link>
    <taint_trace></taint_trace>
  </item>
  <item>
    <severity>error</severity>
    <line_from>89</line_from>
    <line_to>89</line_to>
    <type>MissingParamType</type>
    <message>Parameter $after has no provided type</message>
    <file_name>src/IgnoredPaths.php</file_name>
    <file_path>/mnt/DATA/www/phpqa/src/IgnoredPaths.php</file_path>
    <snippet>    private function ignore($before, $dirSeparator, $after, $fileSeparator = null)</snippet>
    <selected_text>$after</selected_text>
    <from>2071</from>
    <to>2077</to>
    <snippet_from>2019</snippet_from>
    <snippet_to>2101</snippet_to>
    <column_from>53</column_from>
    <column_to>59</column_to>
    <error_level>2</error_level>
    <shortcode>154</shortcode>
    <link>https://psalm.dev/154</link>
    <taint_trace></taint_trace>
  </item>
  <item>
    <severity>error</severity>
    <line_from>89</line_from>
    <line_to>89</line_to>
    <type>MissingParamType</type>
    <message>Parameter $fileSeparator has no provided type</message>
    <file_name>src/IgnoredPaths.php</file_name>
    <file_path>/mnt/DATA/www/phpqa/src/IgnoredPaths.php</file_path>
    <snippet>    private function ignore($before, $dirSeparator, $after, $fileSeparator = null)</snippet>
    <selected_text>$fileSeparator</selected_text>
    <from>2079</from>
    <to>2093</to>
    <snippet_from>2019</snippet_from>
    <snippet_to>2101</snippet_to>
    <column_from>61</column_from>
    <column_to>75</column_to>
    <error_level>2</error_level>
    <shortcode>154</shortcode>
    <link>https://psalm.dev/154</link>
    <taint_trace></taint_trace>
  </item>
  <item>
    <severity>error</severity>
    <line_from>104</line_from>
    <line_to>104</line_to>
    <type>MissingParamType</type>
    <message>Parameter $before has no provided type</message>
    <file_name>src/IgnoredPaths.php</file_name>
    <file_path>/mnt/DATA/www/phpqa/src/IgnoredPaths.php</file_path>
    <snippet>    private function implode(array $input, $before, $separator, $after = '')</snippet>
    <selected_text>$before</selected_text>
    <from>2736</from>
    <to>2743</to>
    <snippet_from>2693</snippet_from>
    <snippet_to>2769</snippet_to>
    <column_from>44</column_from>
    <column_to>51</column_to>
    <error_level>2</error_level>
    <shortcode>154</shortcode>
    <link>https://psalm.dev/154</link>
    <taint_trace></taint_trace>
  </item>
  <item>
    <severity>error</severity>
    <line_from>104</line_from>
    <line_to>104</line_to>
    <type>MissingParamType</type>
    <message>Parameter $separator has no provided type</message>
    <file_name>src/IgnoredPaths.php</file_name>
    <file_path>/mnt/DATA/www/phpqa/src/IgnoredPaths.php</file_path>
    <snippet>    private function implode(array $input, $before, $separator, $after = '')</snippet>
    <selected_text>$separator</selected_text>
    <from>2745</from>
    <to>2755</to>
    <snippet_from>2693</snippet_from>
    <snippet_to>2769</snippet_to>
    <column_from>53</column_from>
    <column_to>63</column_to>
    <error_level>2</error_level>
    <shortcode>154</shortcode>
    <link>https://psalm.dev/154</link>
    <taint_trace></taint_trace>
  </item>
  <item>
    <severity>error</severity>
    <line_from>104</line_from>
    <line_to>104</line_to>
    <type>MissingParamType</type>
    <message>Parameter $after has no provided type</message>
    <file_name>src/IgnoredPaths.php</file_name>
    <file_path>/mnt/DATA/www/phpqa/src/IgnoredPaths.php</file_path>
    <snippet>    private function implode(array $input, $before, $separator, $after = '')</snippet>
    <selected_text>$after</selected_text>
    <from>2757</from>
    <to>2763</to>
    <snippet_from>2693</snippet_from>
    <snippet_to>2769</snippet_to>
    <column_from>65</column_from>
    <column_to>71</column_to>
    <error_level>2</error_level>
    <shortcode>154</shortcode>
    <link>https://psalm.dev/154</link>
    <taint_trace></taint_trace>
  </item>
  <item>
    <severity>error</severity>
    <line_from>63</line_from>
    <line_to>63</line_to>
    <type>MissingParamType</type>
    <message>Parameter $separator has no provided type</message>
    <file_name>src/Options.php</file_name>
    <file_path>/mnt/DATA/www/phpqa/src/Options.php</file_path>
    <snippet>    public function getAnalyzedDirs($separator = null)</snippet>
    <selected_text>$separator</selected_text>
    <from>1851</from>
    <to>1861</to>
    <snippet_from>1815</snippet_from>
    <snippet_to>1869</snippet_to>
    <column_from>37</column_from>
    <column_to>47</column_to>
    <error_level>2</error_level>
    <shortcode>154</shortcode>
    <link>https://psalm.dev/154</link>
    <taint_trace></taint_trace>
  </item>
  <item>
    <severity>error</severity>
    <line_from>68</line_from>
    <line_to>68</line_to>
    <type>MissingParamType</type>
    <message>Parameter $inputTools has no provided type</message>
    <file_name>src/Options.php</file_name>
    <file_path>/mnt/DATA/www/phpqa/src/Options.php</file_path>
    <snippet>    private function loadTools($inputTools)</snippet>
    <selected_text>$inputTools</selected_text>
    <from>2006</from>
    <to>2017</to>
    <snippet_from>1975</snippet_from>
    <snippet_to>2018</snippet_to>
    <column_from>32</column_from>
    <column_to>43</column_to>
    <error_level>2</error_level>
    <shortcode>154</shortcode>
    <link>https://psalm.dev/154</link>
    <taint_trace></taint_trace>
  </item>
  <item>
    <severity>error</severity>
    <line_from>105</line_from>
    <line_to>105</line_to>
    <type>MissingClosureParamType</type>
    <message>Parameter $a has no provided type</message>
    <file_name>src/Options.php</file_name>
    <file_path>/mnt/DATA/www/phpqa/src/Options.php</file_path>
    <snippet>            function ($a, $b) use ($keys) {</snippet>
    <selected_text>$a</selected_text>
    <from>3415</from>
    <to>3417</to>
    <snippet_from>3393</snippet_from>
    <snippet_to>3436</snippet_to>
    <column_from>23</column_from>
    <column_to>25</column_to>
    <error_level>2</error_level>
    <shortcode>153</shortcode>
    <link>https://psalm.dev/153</link>
    <taint_trace></taint_trace>
  </item>
  <item>
    <severity>error</severity>
    <line_from>105</line_from>
    <line_to>105</line_to>
    <type>MissingClosureParamType</type>
    <message>Parameter $b has no provided type</message>
    <file_name>src/Options.php</file_name>
    <file_path>/mnt/DATA/www/phpqa/src/Options.php</file_path>
    <snippet>            function ($a, $b) use ($keys) {</snippet>
    <selected_text>$b</selected_text>
    <from>3419</from>
    <to>3421</to>
    <snippet_from>3393</snippet_from>
    <snippet_to>3436</snippet_to>
    <column_from>27</column_from>
    <column_to>29</column_to>
    <error_level>2</error_level>
    <shortcode>153</shortcode>
    <link>https://psalm.dev/153</link>
    <taint_trace></taint_trace>
  </item>
  <item>
    <severity>error</severity>
    <line_from>106</line_from>
    <line_to>106</line_to>
    <type>PossiblyFalseOperand</type>
    <message>Left operand cannot be falsable, got false|int</message>
    <file_name>src/Options.php</file_name>
    <file_path>/mnt/DATA/www/phpqa/src/Options.php</file_path>
    <snippet>                return array_search($a, $keys) - array_search($b, $keys);</snippet>
    <selected_text>array_search($a, $keys)</selected_text>
    <from>3460</from>
    <to>3483</to>
    <snippet_from>3437</snippet_from>
    <snippet_to>3510</snippet_to>
    <column_from>24</column_from>
    <column_to>47</column_to>
    <error_level>3</error_level>
    <shortcode>162</shortcode>
    <link>https://psalm.dev/162</link>
    <taint_trace></taint_trace>
  </item>
  <item>
    <severity>error</severity>
    <line_from>106</line_from>
    <line_to>106</line_to>
    <type>PossiblyFalseOperand</type>
    <message>Right operand cannot be falsable, got false|int</message>
    <file_name>src/Options.php</file_name>
    <file_path>/mnt/DATA/www/phpqa/src/Options.php</file_path>
    <snippet>                return array_search($a, $keys) - array_search($b, $keys);</snippet>
    <selected_text>array_search($b, $keys)</selected_text>
    <from>3486</from>
    <to>3509</to>
    <snippet_from>3437</snippet_from>
    <snippet_to>3510</snippet_to>
    <column_from>50</column_from>
    <column_to>73</column_to>
    <error_level>3</error_level>
    <shortcode>162</shortcode>
    <link>https://psalm.dev/162</link>
    <taint_trace></taint_trace>
  </item>
  <item>
    <severity>error</severity>
    <line_from>112</line_from>
    <line_to>112</line_to>
    <type>MissingParamType</type>
    <message>Parameter $file has no provided type</message>
    <file_name>src/Options.php</file_name>
    <file_path>/mnt/DATA/www/phpqa/src/Options.php</file_path>
    <snippet>    public function toFile($file)</snippet>
    <selected_text>$file</selected_text>
    <from>3595</from>
    <to>3600</to>
    <snippet_from>3568</snippet_from>
    <snippet_to>3601</snippet_to>
    <column_from>28</column_from>
    <column_to>33</column_to>
    <error_level>2</error_level>
    <shortcode>154</shortcode>
    <link>https://psalm.dev/154</link>
    <taint_trace></taint_trace>
  </item>
  <item>
    <severity>error</severity>
    <line_from>117</line_from>
    <line_to>117</line_to>
    <type>MissingParamType</type>
    <message>Parameter $file has no provided type</message>
    <file_name>src/Options.php</file_name>
    <file_path>/mnt/DATA/www/phpqa/src/Options.php</file_path>
    <snippet>    public function rawFile($file)</snippet>
    <selected_text>$file</selected_text>
    <from>3693</from>
    <to>3698</to>
    <snippet_from>3665</snippet_from>
    <snippet_to>3699</snippet_to>
    <column_from>29</column_from>
    <column_to>34</column_to>
    <error_level>2</error_level>
    <shortcode>154</shortcode>
    <link>https://psalm.dev/154</link>
    <taint_trace></taint_trace>
  </item>
  <item>
    <severity>info</severity>
    <line_from>22</line_from>
    <line_to>22</line_to>
    <type>PropertyNotSetInConstructor</type>
    <message>Property Edge\QA\RunningTool::$process is not defined in constructor of Edge\QA\RunningTool and in any private or final methods called in the constructor</message>
    <file_name>src/RunningTool.php</file_name>
    <file_path>/mnt/DATA/www/phpqa/src/RunningTool.php</file_path>
    <snippet>    public $process;</snippet>
    <selected_text>$process</selected_text>
    <from>436</from>
    <to>444</to>
    <snippet_from>425</snippet_from>
    <snippet_to>445</snippet_to>
    <column_from>12</column_from>
    <column_to>20</column_to>
    <error_level>2</error_level>
    <shortcode>74</shortcode>
    <link>https://psalm.dev/074</link>
    <taint_trace></taint_trace>
  </item>
  <item>
    <severity>error</severity>
    <line_from>24</line_from>
    <line_to>24</line_to>
    <type>MissingParamType</type>
    <message>Parameter $tool has no provided type</message>
    <file_name>src/RunningTool.php</file_name>
    <file_path>/mnt/DATA/www/phpqa/src/RunningTool.php</file_path>
    <snippet>    public function __construct($tool, array $toolConfig)</snippet>
    <selected_text>$tool</selected_text>
    <from>479</from>
    <to>484</to>
    <snippet_from>447</snippet_from>
    <snippet_to>504</snippet_to>
    <column_from>33</column_from>
    <column_to>38</column_to>
    <error_level>2</error_level>
    <shortcode>154</shortcode>
    <link>https://psalm.dev/154</link>
    <taint_trace></taint_trace>
  </item>
  <item>
    <severity>error</severity>
    <line_from>41</line_from>
    <line_to>41</line_to>
    <type>InvalidArrayOffset</type>
    <message>Cannot create offset of type mixed|null, expecting array-key</message>
    <file_name>src/RunningTool.php</file_name>
    <file_path>/mnt/DATA/www/phpqa/src/RunningTool.php</file_path>
    <snippet>            ? $config['errorsXPath'] : [$this-&gt;errorsXPath =&gt; $config['errorsXPath']];</snippet>
    <selected_text>[$this-&gt;errorsXPath =&gt; $config['errorsXPath']]</selected_text>
    <from>1284</from>
    <to>1330</to>
    <snippet_from>1245</snippet_from>
    <snippet_to>1331</snippet_to>
    <column_from>40</column_from>
    <column_to>86</column_to>
    <error_level>6</error_level>
    <shortcode>115</shortcode>
    <link>https://psalm.dev/115</link>
    <taint_trace></taint_trace>
  </item>
  <item>
    <severity>info</severity>
    <line_from>41</line_from>
    <line_to>41</line_to>
    <type>UninitializedProperty</type>
    <message>Cannot use uninitialized property $this-&gt;errorsXPath</message>
    <file_name>src/RunningTool.php</file_name>
    <file_path>/mnt/DATA/www/phpqa/src/RunningTool.php</file_path>
    <snippet>            ? $config['errorsXPath'] : [$this-&gt;errorsXPath =&gt; $config['errorsXPath']];</snippet>
    <selected_text>$this-&gt;errorsXPath</selected_text>
    <from>1285</from>
    <to>1303</to>
    <snippet_from>1245</snippet_from>
    <snippet_to>1331</snippet_to>
    <column_from>41</column_from>
    <column_to>59</column_to>
    <error_level>7</error_level>
    <shortcode>186</shortcode>
    <link>https://psalm.dev/186</link>
    <taint_trace></taint_trace>
  </item>
  <item>
    <severity>error</severity>
    <line_from>65</line_from>
    <line_to>65</line_to>
    <type>MissingParamType</type>
    <message>Parameter $outputMode has no provided type</message>
    <file_name>src/RunningTool.php</file_name>
    <file_path>/mnt/DATA/www/phpqa/src/RunningTool.php</file_path>
    <snippet>    public function hasOutput($outputMode)</snippet>
    <selected_text>$outputMode</selected_text>
    <from>1977</from>
    <to>1988</to>
    <snippet_from>1947</snippet_from>
    <snippet_to>1989</snippet_to>
    <column_from>31</column_from>
    <column_to>42</column_to>
    <error_level>2</error_level>
    <shortcode>154</shortcode>
    <link>https://psalm.dev/154</link>
    <taint_trace></taint_trace>
  </item>
  <item>
    <severity>error</severity>
    <line_from>70</line_from>
    <line_to>70</line_to>
    <type>MissingParamType</type>
    <message>Parameter $arg has no provided type</message>
    <file_name>src/RunningTool.php</file_name>
    <file_path>/mnt/DATA/www/phpqa/src/RunningTool.php</file_path>
    <snippet>    public function buildOption($arg, $value)</snippet>
    <selected_text>$arg</selected_text>
    <from>2084</from>
    <to>2088</to>
    <snippet_from>2052</snippet_from>
    <snippet_to>2097</snippet_to>
    <column_from>33</column_from>
    <column_to>37</column_to>
    <error_level>2</error_level>
    <shortcode>154</shortcode>
    <link>https://psalm.dev/154</link>
    <taint_trace></taint_trace>
  </item>
  <item>
    <severity>error</severity>
    <line_from>70</line_from>
    <line_to>70</line_to>
    <type>MissingParamType</type>
    <message>Parameter $value has no provided type</message>
    <file_name>src/RunningTool.php</file_name>
    <file_path>/mnt/DATA/www/phpqa/src/RunningTool.php</file_path>
    <snippet>    public function buildOption($arg, $value)</snippet>
    <selected_text>$value</selected_text>
    <from>2090</from>
    <to>2096</to>
    <snippet_from>2052</snippet_from>
    <snippet_to>2097</snippet_to>
    <column_from>39</column_from>
    <column_to>45</column_to>
    <error_level>2</error_level>
    <shortcode>154</shortcode>
    <link>https://psalm.dev/154</link>
    <taint_trace></taint_trace>
  </item>
  <item>
    <severity>error</severity>
    <line_from>84</line_from>
    <line_to>84</line_to>
    <type>MissingParamType</type>
    <message>Parameter $hasNoOutput has no provided type</message>
    <file_name>src/RunningTool.php</file_name>
    <file_path>/mnt/DATA/www/phpqa/src/RunningTool.php</file_path>
    <snippet>    public function analyzeResult($hasNoOutput = false)</snippet>
    <selected_text>$hasNoOutput</selected_text>
    <from>2403</from>
    <to>2415</to>
    <snippet_from>2369</snippet_from>
    <snippet_to>2424</snippet_to>
    <column_from>35</column_from>
    <column_to>47</column_to>
    <error_level>2</error_level>
    <shortcode>154</shortcode>
    <link>https://psalm.dev/154</link>
    <taint_trace></taint_trace>
  </item>
  <item>
    <severity>error</severity>
    <line_from>107</line_from>
    <line_to>107</line_to>
    <type>MissingParamType</type>
    <message>Parameter $errorsCount has no provided type</message>
    <file_name>src/RunningTool.php</file_name>
    <file_path>/mnt/DATA/www/phpqa/src/RunningTool.php</file_path>
    <snippet>    private function evaluteErrorsCount($errorsCount)</snippet>
    <selected_text>$errorsCount</selected_text>
    <from>3296</from>
    <to>3308</to>
    <snippet_from>3256</snippet_from>
    <snippet_to>3309</snippet_to>
    <column_from>41</column_from>
    <column_to>53</column_to>
    <error_level>2</error_level>
    <shortcode>154</shortcode>
    <link>https://psalm.dev/154</link>
    <taint_trace></taint_trace>
  </item>
  <item>
    <severity>info</severity>
    <line_from>118</line_from>
    <line_to>118</line_to>
    <type>PossiblyUnusedMethod</type>
    <message>Cannot find explicit calls to method Edge\QA\RunningTool::getXmlFiles (but did find some potential callers)</message>
    <file_name>src/RunningTool.php</file_name>
    <file_path>/mnt/DATA/www/phpqa/src/RunningTool.php</file_path>
    <snippet>    public function getXmlFiles()</snippet>
    <selected_text>getXmlFiles</selected_text>
    <from>3577</from>
    <to>3588</to>
    <snippet_from>3557</snippet_from>
    <snippet_to>3590</snippet_to>
    <column_from>21</column_from>
    <column_to>32</column_to>
    <error_level>-2</error_level>
    <shortcode>87</shortcode>
    <link>https://psalm.dev/087</link>
    <taint_trace></taint_trace>
  </item>
  <item>
    <severity>error</severity>
    <line_from>37</line_from>
    <line_to>37</line_to>
    <type>MissingParamType</type>
    <message>Parameter $url has no provided type</message>
    <file_name>src/Task/AssetsLoader.php</file_name>
    <file_path>/mnt/DATA/www/phpqa/src/Task/AssetsLoader.php</file_path>
    <snippet>    private function downloadUrl($url)</snippet>
    <selected_text>$url</selected_text>
    <from>1071</from>
    <to>1075</to>
    <snippet_from>1038</snippet_from>
    <snippet_to>1076</snippet_to>
    <column_from>34</column_from>
    <column_to>38</column_to>
    <error_level>2</error_level>
    <shortcode>154</shortcode>
    <link>https://psalm.dev/154</link>
    <taint_trace></taint_trace>
  </item>
  <item>
    <severity>error</severity>
    <line_from>55</line_from>
    <line_to>55</line_to>
    <type>MissingParamType</type>
    <message>Parameter $text has no provided type</message>
    <file_name>src/Task/AssetsLoader.php</file_name>
    <file_path>/mnt/DATA/www/phpqa/src/Task/AssetsLoader.php</file_path>
    <snippet>    private function writeln($text, $color = 'magenta')</snippet>
    <selected_text>$text</selected_text>
    <from>1640</from>
    <to>1645</to>
    <snippet_from>1611</snippet_from>
    <snippet_to>1666</snippet_to>
    <column_from>30</column_from>
    <column_to>35</column_to>
    <error_level>2</error_level>
    <shortcode>154</shortcode>
    <link>https://psalm.dev/154</link>
    <taint_trace></taint_trace>
  </item>
  <item>
    <severity>error</severity>
    <line_from>55</line_from>
    <line_to>55</line_to>
    <type>MissingParamType</type>
    <message>Parameter $color has no provided type</message>
    <file_name>src/Task/AssetsLoader.php</file_name>
    <file_path>/mnt/DATA/www/phpqa/src/Task/AssetsLoader.php</file_path>
    <snippet>    private function writeln($text, $color = 'magenta')</snippet>
    <selected_text>$color</selected_text>
    <from>1647</from>
    <to>1653</to>
    <snippet_from>1611</snippet_from>
    <snippet_to>1666</snippet_to>
    <column_from>37</column_from>
    <column_to>43</column_to>
    <error_level>2</error_level>
    <shortcode>154</shortcode>
    <link>https://psalm.dev/154</link>
    <taint_trace></taint_trace>
  </item>
  <item>
    <severity>info</severity>
    <line_from>9</line_from>
    <line_to>9</line_to>
    <type>UnusedClass</type>
    <message>Class Edge\QA\Task\ParallelExec is never used</message>
    <file_name>src/Task/ParallelExec.php</file_name>
    <file_path>/mnt/DATA/www/phpqa/src/Task/ParallelExec.php</file_path>
    <snippet>class ParallelExec extends \Robo\Task\Base\ParallelExec</snippet>
    <selected_text>ParallelExec</selected_text>
    <from>145</from>
    <to>157</to>
    <snippet_from>139</snippet_from>
    <snippet_to>194</snippet_to>
    <column_from>7</column_from>
    <column_to>19</column_to>
    <error_level>-2</error_level>
    <shortcode>75</shortcode>
    <link>https://psalm.dev/075</link>
    <taint_trace></taint_trace>
  </item>
  <item>
    <severity>error</severity>
    <line_from>11</line_from>
    <line_to>11</line_to>
    <type>MoreSpecificReturnType</type>
    <message>The declared return type 'Robo\Task\Base\ParallelExec&amp;static' for Edge\QA\Task\ParallelExec::process is more specific than the inferred return type 'Symfony\Component\Process\Process|false'</message>
    <file_name>src/Task/ParallelExec.php</file_name>
    <file_path>/mnt/DATA/www/phpqa/src/Task/ParallelExec.php</file_path>
    <snippet>    public function process($command)</snippet>
    <selected_text>process</selected_text>
    <from>217</from>
    <to>224</to>
    <snippet_from>197</snippet_from>
    <snippet_to>234</snippet_to>
    <column_from>21</column_from>
    <column_to>28</column_to>
    <error_level>3</error_level>
    <shortcode>70</shortcode>
    <link>https://psalm.dev/070</link>
    <taint_trace></taint_trace>
  </item>
  <item>
    <severity>error</severity>
    <line_from>14</line_from>
    <line_to>14</line_to>
    <type>LessSpecificReturnStatement</type>
    <message>The type 'Symfony\Component\Process\Process|false' is more general than the declared return type 'Edge\QA\Task\ParallelExec&amp;static' for Edge\QA\Task\ParallelExec::process</message>
    <file_name>src/Task/ParallelExec.php</file_name>
    <file_path>/mnt/DATA/www/phpqa/src/Task/ParallelExec.php</file_path>
    <snippet>        return end($this-&gt;processes);</snippet>
    <selected_text>end($this-&gt;processes)</selected_text>
    <from>291</from>
    <to>312</to>
    <snippet_from>276</snippet_from>
    <snippet_to>313</snippet_to>
    <column_from>16</column_from>
    <column_to>37</column_to>
    <error_level>3</error_level>
    <shortcode>129</shortcode>
    <link>https://psalm.dev/129</link>
    <taint_trace></taint_trace>
  </item>
  <item>
    <severity>error</severity>
    <line_from>62</line_from>
    <line_to>62</line_to>
    <type>MissingParamType</type>
    <message>Parameter $isOk has no provided type</message>
    <file_name>src/Task/TableSummary.php</file_name>
    <file_path>/mnt/DATA/www/phpqa/src/Task/TableSummary.php</file_path>
    <snippet>    private function getStatus($isOk)</snippet>
    <selected_text>$isOk</selected_text>
    <from>1887</from>
    <to>1892</to>
    <snippet_from>1856</snippet_from>
    <snippet_to>1893</snippet_to>
    <column_from>32</column_from>
    <column_to>37</column_to>
    <error_level>2</error_level>
    <shortcode>154</shortcode>
    <link>https://psalm.dev/154</link>
    <taint_trace></taint_trace>
  </item>
  <item>
    <severity>error</severity>
    <line_from>68</line_from>
    <line_to>68</line_to>
    <type>MissingParamType</type>
    <message>Parameter $text has no provided type</message>
    <file_name>src/Task/TableSummary.php</file_name>
    <file_path>/mnt/DATA/www/phpqa/src/Task/TableSummary.php</file_path>
    <snippet>    private function writeln($text, $color)</snippet>
    <selected_text>$text</selected_text>
    <from>2043</from>
    <to>2048</to>
    <snippet_from>2014</snippet_from>
    <snippet_to>2057</snippet_to>
    <column_from>30</column_from>
    <column_to>35</column_to>
    <error_level>2</error_level>
    <shortcode>154</shortcode>
    <link>https://psalm.dev/154</link>
    <taint_trace></taint_trace>
  </item>
  <item>
    <severity>error</severity>
    <line_from>68</line_from>
    <line_to>68</line_to>
    <type>MissingParamType</type>
    <message>Parameter $color has no provided type</message>
    <file_name>src/Task/TableSummary.php</file_name>
    <file_path>/mnt/DATA/www/phpqa/src/Task/TableSummary.php</file_path>
    <snippet>    private function writeln($text, $color)</snippet>
    <selected_text>$color</selected_text>
    <from>2050</from>
    <to>2056</to>
    <snippet_from>2014</snippet_from>
    <snippet_to>2057</snippet_to>
    <column_from>37</column_from>
    <column_to>43</column_to>
    <error_level>2</error_level>
    <shortcode>154</shortcode>
    <link>https://psalm.dev/154</link>
    <taint_trace></taint_trace>
  </item>
  <item>
    <severity>info</severity>
    <line_from>7</line_from>
    <line_to>7</line_to>
    <type>UnusedClass</type>
    <message>Class Edge\QA\Tools\Analyzer\ParallelLint is never used</message>
    <file_name>src/Tools/Analyzer/ParallelLint.php</file_name>
    <file_path>/mnt/DATA/www/phpqa/src/Tools/Analyzer/ParallelLint.php</file_path>
    <snippet>class ParallelLint extends \Edge\QA\Tools\Tool</snippet>
    <selected_text>ParallelLint</selected_text>
    <from>73</from>
    <to>85</to>
    <snippet_from>67</snippet_from>
    <snippet_to>113</snippet_to>
    <column_from>7</column_from>
    <column_to>19</column_to>
    <error_level>-2</error_level>
    <shortcode>75</shortcode>
    <link>https://psalm.dev/075</link>
    <taint_trace></taint_trace>
  </item>
  <item>
    <severity>info</severity>
    <line_from>5</line_from>
    <line_to>5</line_to>
    <type>UnusedClass</type>
    <message>Class Edge\QA\Tools\Analyzer\Pdepend is never used</message>
    <file_name>src/Tools/Analyzer/Pdepend.php</file_name>
    <file_path>/mnt/DATA/www/phpqa/src/Tools/Analyzer/Pdepend.php</file_path>
    <snippet>class Pdepend extends \Edge\QA\Tools\Tool</snippet>
    <selected_text>Pdepend</selected_text>
    <from>48</from>
    <to>55</to>
    <snippet_from>42</snippet_from>
    <snippet_to>83</snippet_to>
    <column_from>7</column_from>
    <column_to>14</column_to>
    <error_level>-2</error_level>
    <shortcode>75</shortcode>
    <link>https://psalm.dev/075</link>
    <taint_trace></taint_trace>
  </item>
  <item>
    <severity>info</severity>
    <line_from>7</line_from>
    <line_to>7</line_to>
    <type>UnusedClass</type>
    <message>Class Edge\QA\Tools\Analyzer\PhpCsFixer is never used</message>
    <file_name>src/Tools/Analyzer/PhpCsFixer.php</file_name>
    <file_path>/mnt/DATA/www/phpqa/src/Tools/Analyzer/PhpCsFixer.php</file_path>
    <snippet>class PhpCsFixer extends \Edge\QA\Tools\Tool</snippet>
    <selected_text>PhpCsFixer</selected_text>
    <from>73</from>
    <to>83</to>
    <snippet_from>67</snippet_from>
    <snippet_to>111</snippet_to>
    <column_from>7</column_from>
    <column_to>17</column_to>
    <error_level>-2</error_level>
    <shortcode>75</shortcode>
    <link>https://psalm.dev/075</link>
    <taint_trace></taint_trace>
  </item>
  <item>
    <severity>info</severity>
    <line_from>7</line_from>
    <line_to>7</line_to>
    <type>UnusedClass</type>
    <message>Class Edge\QA\Tools\Analyzer\PhpMetrics is never used</message>
    <file_name>src/Tools/Analyzer/PhpMetrics.php</file_name>
    <file_path>/mnt/DATA/www/phpqa/src/Tools/Analyzer/PhpMetrics.php</file_path>
    <snippet>class PhpMetrics extends \Edge\QA\Tools\Tool</snippet>
    <selected_text>PhpMetrics</selected_text>
    <from>73</from>
    <to>83</to>
    <snippet_from>67</snippet_from>
    <snippet_to>111</snippet_to>
    <column_from>7</column_from>
    <column_to>17</column_to>
    <error_level>-2</error_level>
    <shortcode>75</shortcode>
    <link>https://psalm.dev/075</link>
    <taint_trace></taint_trace>
  </item>
  <item>
    <severity>info</severity>
    <line_from>5</line_from>
    <line_to>5</line_to>
    <type>UnusedClass</type>
    <message>Class Edge\QA\Tools\Analyzer\PhpMetricsV2 is never used</message>
    <file_name>src/Tools/Analyzer/PhpMetricsV2.php</file_name>
    <file_path>/mnt/DATA/www/phpqa/src/Tools/Analyzer/PhpMetricsV2.php</file_path>
    <snippet>class PhpMetricsV2 extends \Edge\QA\Tools\Tool</snippet>
    <selected_text>PhpMetricsV2</selected_text>
    <from>48</from>
    <to>60</to>
    <snippet_from>42</snippet_from>
    <snippet_to>88</snippet_to>
    <column_from>7</column_from>
    <column_to>19</column_to>
    <error_level>-2</error_level>
    <shortcode>75</shortcode>
    <link>https://psalm.dev/075</link>
    <taint_trace></taint_trace>
  </item>
  <item>
    <severity>info</severity>
    <line_from>7</line_from>
    <line_to>7</line_to>
    <type>UnusedClass</type>
    <message>Class Edge\QA\Tools\Analyzer\Phpcpd is never used</message>
    <file_name>src/Tools/Analyzer/Phpcpd.php</file_name>
    <file_path>/mnt/DATA/www/phpqa/src/Tools/Analyzer/Phpcpd.php</file_path>
    <snippet>class Phpcpd extends \Edge\QA\Tools\Tool</snippet>
    <selected_text>Phpcpd</selected_text>
    <from>80</from>
    <to>86</to>
    <snippet_from>74</snippet_from>
    <snippet_to>114</snippet_to>
    <column_from>7</column_from>
    <column_to>13</column_to>
    <error_level>-2</error_level>
    <shortcode>75</shortcode>
    <link>https://psalm.dev/075</link>
    <taint_trace></taint_trace>
  </item>
  <item>
    <severity>error</severity>
    <line_from>7</line_from>
    <line_to>7</line_to>
    <type>PossiblyUnusedProperty</type>
    <message>Cannot find explicit references to property Edge\QA\Tools\Analyzer\Phpcs::$SETTINGS (but did find some potential references)</message>
    <file_name>src/Tools/Analyzer/Phpcs.php</file_name>
    <file_path>/mnt/DATA/www/phpqa/src/Tools/Analyzer/Phpcs.php</file_path>
    <snippet>    public static $SETTINGS = array(</snippet>
    <selected_text>$SETTINGS</selected_text>
    <from>102</from>
    <to>111</to>
    <snippet_from>84</snippet_from>
    <snippet_to>120</snippet_to>
    <column_from>19</column_from>
    <column_to>28</column_to>
    <error_level>-2</error_level>
    <shortcode>149</shortcode>
    <link>https://psalm.dev/149</link>
    <taint_trace></taint_trace>
  </item>
  <item>
    <severity>error</severity>
    <line_from>10</line_from>
    <line_to>14</line_to>
    <type>InvalidArrayOffset</type>
    <message>Cannot create offset of type bool, expecting array-key</message>
    <file_name>src/Tools/Analyzer/Phpcs.php</file_name>
    <file_path>/mnt/DATA/www/phpqa/src/Tools/Analyzer/Phpcs.php</file_path>
    <snippet>        'errorsXPath' =&gt; [
            # ignoreWarnings =&gt; xpath
            false =&gt; '//checkstyle/file/error',
            true =&gt; '//checkstyle/file/error[@severity="error"]',
        ],</snippet>
    <selected_text>[
            # ignoreWarnings =&gt; xpath
            false =&gt; '//checkstyle/file/error',
            true =&gt; '//checkstyle/file/error[@severity="error"]',
        ]</selected_text>
    <from>217</from>
    <to>380</to>
    <snippet_from>192</snippet_from>
    <snippet_to>381</snippet_to>
    <column_from>26</column_from>
    <column_to>10</column_to>
    <error_level>6</error_level>
    <shortcode>115</shortcode>
    <link>https://psalm.dev/115</link>
    <taint_trace></taint_trace>
  </item>
  <item>
    <severity>info</severity>
    <line_from>5</line_from>
    <line_to>5</line_to>
    <type>UnusedClass</type>
    <message>Class Edge\QA\Tools\Analyzer\PhpcsV3 is never used</message>
    <file_name>src/Tools/Analyzer/PhpcsV3.php</file_name>
    <file_path>/mnt/DATA/www/phpqa/src/Tools/Analyzer/PhpcsV3.php</file_path>
    <snippet>class PhpcsV3 extends Phpcs</snippet>
    <selected_text>PhpcsV3</selected_text>
    <from>48</from>
    <to>55</to>
    <snippet_from>42</snippet_from>
    <snippet_to>69</snippet_to>
    <column_from>7</column_from>
    <column_to>14</column_to>
    <error_level>-2</error_level>
    <shortcode>75</shortcode>
    <link>https://psalm.dev/075</link>
    <taint_trace></taint_trace>
  </item>
  <item>
    <severity>error</severity>
    <line_from>10</line_from>
    <line_to>14</line_to>
    <type>InvalidArrayOffset</type>
    <message>Cannot create offset of type bool, expecting array-key</message>
    <file_name>src/Tools/Analyzer/PhpcsV3.php</file_name>
    <file_path>/mnt/DATA/www/phpqa/src/Tools/Analyzer/PhpcsV3.php</file_path>
    <snippet>        'errorsXPath' =&gt; [
            # ignoreWarnings =&gt; xpath
            false =&gt; '//checkstyle/file/error',
            true =&gt; '//checkstyle/file/error[@severity="error"]',
        ],</snippet>
    <selected_text>[
            # ignoreWarnings =&gt; xpath
            false =&gt; '//checkstyle/file/error',
            true =&gt; '//checkstyle/file/error[@severity="error"]',
        ]</selected_text>
    <from>205</from>
    <to>368</to>
    <snippet_from>180</snippet_from>
    <snippet_to>369</snippet_to>
    <column_from>26</column_from>
    <column_to>10</column_to>
    <error_level>6</error_level>
    <shortcode>115</shortcode>
    <link>https://psalm.dev/115</link>
    <taint_trace></taint_trace>
  </item>
  <item>
    <severity>info</severity>
    <line_from>5</line_from>
    <line_to>5</line_to>
    <type>UnusedClass</type>
    <message>Class Edge\QA\Tools\Analyzer\Phploc is never used</message>
    <file_name>src/Tools/Analyzer/Phploc.php</file_name>
    <file_path>/mnt/DATA/www/phpqa/src/Tools/Analyzer/Phploc.php</file_path>
    <snippet>class Phploc extends \Edge\QA\Tools\Tool</snippet>
    <selected_text>Phploc</selected_text>
    <from>48</from>
    <to>54</to>
    <snippet_from>42</snippet_from>
    <snippet_to>82</snippet_to>
    <column_from>7</column_from>
    <column_to>13</column_to>
    <error_level>-2</error_level>
    <shortcode>75</shortcode>
    <link>https://psalm.dev/075</link>
    <taint_trace></taint_trace>
  </item>
  <item>
    <severity>info</severity>
    <line_from>5</line_from>
    <line_to>5</line_to>
    <type>UnusedClass</type>
    <message>Class Edge\QA\Tools\Analyzer\Phpmd is never used</message>
    <file_name>src/Tools/Analyzer/Phpmd.php</file_name>
    <file_path>/mnt/DATA/www/phpqa/src/Tools/Analyzer/Phpmd.php</file_path>
    <snippet>class Phpmd extends \Edge\QA\Tools\Tool</snippet>
    <selected_text>Phpmd</selected_text>
    <from>48</from>
    <to>53</to>
    <snippet_from>42</snippet_from>
    <snippet_to>81</snippet_to>
    <column_from>7</column_from>
    <column_to>12</column_to>
    <error_level>-2</error_level>
    <shortcode>75</shortcode>
    <link>https://psalm.dev/075</link>
    <taint_trace></taint_trace>
  </item>
  <item>
    <severity>info</severity>
    <line_from>8</line_from>
    <line_to>8</line_to>
    <type>UnusedClass</type>
    <message>Class Edge\QA\Tools\Analyzer\Phpstan is never used</message>
    <file_name>src/Tools/Analyzer/Phpstan.php</file_name>
    <file_path>/mnt/DATA/www/phpqa/src/Tools/Analyzer/Phpstan.php</file_path>
    <snippet>class Phpstan extends \Edge\QA\Tools\Tool</snippet>
    <selected_text>Phpstan</selected_text>
    <from>104</from>
    <to>111</to>
    <snippet_from>98</snippet_from>
    <snippet_to>139</snippet_to>
    <column_from>7</column_from>
    <column_to>14</column_to>
    <error_level>-2</error_level>
    <shortcode>75</shortcode>
    <link>https://psalm.dev/075</link>
    <taint_trace></taint_trace>
  </item>
  <item>
    <severity>info</severity>
    <line_from>7</line_from>
    <line_to>7</line_to>
    <type>UnusedClass</type>
    <message>Class Edge\QA\Tools\Analyzer\Phpunit is never used</message>
    <file_name>src/Tools/Analyzer/Phpunit.php</file_name>
    <file_path>/mnt/DATA/www/phpqa/src/Tools/Analyzer/Phpunit.php</file_path>
    <snippet>class Phpunit extends \Edge\QA\Tools\Tool</snippet>
    <selected_text>Phpunit</selected_text>
    <from>73</from>
    <to>80</to>
    <snippet_from>67</snippet_from>
    <snippet_to>108</snippet_to>
    <column_from>7</column_from>
    <column_to>14</column_to>
    <error_level>-2</error_level>
    <shortcode>75</shortcode>
    <link>https://psalm.dev/075</link>
    <taint_trace></taint_trace>
  </item>
  <item>
    <severity>error</severity>
    <line_from>35</line_from>
    <line_to>35</line_to>
    <type>MissingParamType</type>
    <message>Parameter $report has no provided type</message>
    <file_name>src/Tools/Analyzer/Phpunit.php</file_name>
    <file_path>/mnt/DATA/www/phpqa/src/Tools/Analyzer/Phpunit.php</file_path>
    <snippet>    private function getFile($report, $format)</snippet>
    <selected_text>$report</selected_text>
    <from>1161</from>
    <to>1168</to>
    <snippet_from>1132</snippet_from>
    <snippet_to>1178</snippet_to>
    <column_from>30</column_from>
    <column_to>37</column_to>
    <error_level>2</error_level>
    <shortcode>154</shortcode>
    <link>https://psalm.dev/154</link>
    <taint_trace></taint_trace>
  </item>
  <item>
    <severity>error</severity>
    <line_from>35</line_from>
    <line_to>35</line_to>
    <type>MissingParamType</type>
    <message>Parameter $format has no provided type</message>
    <file_name>src/Tools/Analyzer/Phpunit.php</file_name>
    <file_path>/mnt/DATA/www/phpqa/src/Tools/Analyzer/Phpunit.php</file_path>
    <snippet>    private function getFile($report, $format)</snippet>
    <selected_text>$format</selected_text>
    <from>1170</from>
    <to>1177</to>
    <snippet_from>1132</snippet_from>
    <snippet_to>1178</snippet_to>
    <column_from>39</column_from>
    <column_to>46</column_to>
    <error_level>2</error_level>
    <shortcode>154</shortcode>
    <link>https://psalm.dev/154</link>
    <taint_trace></taint_trace>
  </item>
  <item>
    <severity>info</severity>
    <line_from>8</line_from>
    <line_to>8</line_to>
    <type>UnusedClass</type>
    <message>Class Edge\QA\Tools\Analyzer\Psalm is never used</message>
    <file_name>src/Tools/Analyzer/Psalm.php</file_name>
    <file_path>/mnt/DATA/www/phpqa/src/Tools/Analyzer/Psalm.php</file_path>
    <snippet>class Psalm extends \Edge\QA\Tools\Tool</snippet>
    <selected_text>Psalm</selected_text>
    <from>88</from>
    <to>93</to>
    <snippet_from>82</snippet_from>
    <snippet_to>121</snippet_to>
    <column_from>7</column_from>
    <column_to>12</column_to>
    <error_level>-2</error_level>
    <shortcode>75</shortcode>
    <link>https://psalm.dev/075</link>
    <taint_trace></taint_trace>
  </item>
  <item>
    <severity>error</severity>
    <line_from>50</line_from>
    <line_to>50</line_to>
    <type>MissingParamType</type>
    <message>Parameter $rawXml has no provided type</message>
    <file_name>src/Tools/Analyzer/Psalm.php</file_name>
    <file_path>/mnt/DATA/www/phpqa/src/Tools/Analyzer/Psalm.php</file_path>
    <snippet>    private function updateProjectFiles($rawXml)</snippet>
    <selected_text>$rawXml</selected_text>
    <from>1634</from>
    <to>1641</to>
    <snippet_from>1594</snippet_from>
    <snippet_to>1642</snippet_to>
    <column_from>41</column_from>
    <column_to>48</column_to>
    <error_level>2</error_level>
    <shortcode>154</shortcode>
    <link>https://psalm.dev/154</link>
    <taint_trace></taint_trace>
  </item>
  <item>
    <severity>info</severity>
    <line_from>7</line_from>
    <line_to>7</line_to>
    <type>UnusedClass</type>
    <message>Class Edge\QA\Tools\Analyzer\SecurityChecker is never used</message>
    <file_name>src/Tools/Analyzer/SecurityChecker.php</file_name>
    <file_path>/mnt/DATA/www/phpqa/src/Tools/Analyzer/SecurityChecker.php</file_path>
    <snippet>class SecurityChecker extends \Edge\QA\Tools\Tool</snippet>
    <selected_text>SecurityChecker</selected_text>
    <from>73</from>
    <to>88</to>
    <snippet_from>67</snippet_from>
    <snippet_to>116</snippet_to>
    <column_from>7</column_from>
    <column_to>22</column_to>
    <error_level>-2</error_level>
    <shortcode>75</shortcode>
    <link>https://psalm.dev/075</link>
    <taint_trace></taint_trace>
  </item>
  <item>
    <severity>info</severity>
    <line_from>19</line_from>
    <line_to>19</line_to>
    <type>UndefinedConstant</type>
    <message>Const PHPQA_VERSION is not defined</message>
    <file_name>src/Tools/GetVersions.php</file_name>
    <file_path>/mnt/DATA/www/phpqa/src/Tools/GetVersions.php</file_path>
    <snippet>                'version' =&gt; PHPQA_VERSION,</snippet>
    <selected_text>PHPQA_VERSION</selected_text>
    <from>455</from>
    <to>468</to>
    <snippet_from>426</snippet_from>
    <snippet_to>469</snippet_to>
    <column_from>30</column_from>
    <column_to>43</column_to>
    <error_level>-1</error_level>
    <shortcode>20</shortcode>
    <link>https://psalm.dev/020</link>
    <taint_trace></taint_trace>
  </item>
  <item>
    <severity>info</severity>
    <line_from>20</line_from>
    <line_to>20</line_to>
    <type>UndefinedConstant</type>
    <message>Const PHPQA_VERSION is not defined</message>
    <file_name>src/Tools/GetVersions.php</file_name>
    <file_path>/mnt/DATA/www/phpqa/src/Tools/GetVersions.php</file_path>
    <snippet>                'version_normalized' =&gt; PHPQA_VERSION,</snippet>
    <selected_text>PHPQA_VERSION</selected_text>
    <from>510</from>
    <to>523</to>
    <snippet_from>470</snippet_from>
    <snippet_to>524</snippet_to>
    <column_from>41</column_from>
    <column_to>54</column_to>
    <error_level>-1</error_level>
    <shortcode>20</shortcode>
    <link>https://psalm.dev/020</link>
    <taint_trace></taint_trace>
  </item>
  <item>
    <severity>info</severity>
    <line_from>38</line_from>
    <line_to>38</line_to>
    <type>UndefinedConstant</type>
    <message>Const COMPOSER_VENDOR_DIR is not defined</message>
    <file_name>src/Tools/GetVersions.php</file_name>
    <file_path>/mnt/DATA/www/phpqa/src/Tools/GetVersions.php</file_path>
    <snippet>        $installedJson = COMPOSER_VENDOR_DIR . '/composer/installed.json';</snippet>
    <selected_text>COMPOSER_VENDOR_DIR</selected_text>
    <from>1246</from>
    <to>1265</to>
    <snippet_from>1221</snippet_from>
    <snippet_to>1295</snippet_to>
    <column_from>26</column_from>
    <column_to>45</column_to>
    <error_level>-1</error_level>
    <shortcode>20</shortcode>
    <link>https://psalm.dev/020</link>
    <taint_trace></taint_trace>
  </item>
  <item>
    <severity>error</severity>
    <line_from>57</line_from>
    <line_to>57</line_to>
    <type>MissingParamType</type>
    <message>Parameter $tool has no provided type</message>
    <file_name>src/Tools/GetVersions.php</file_name>
    <file_path>/mnt/DATA/www/phpqa/src/Tools/GetVersions.php</file_path>
    <snippet>    private function analyzeTool($tool, array $requiredPackages, array $composerPackages, $customBinary = null)</snippet>
    <selected_text>$tool</selected_text>
    <from>1791</from>
    <to>1796</to>
    <snippet_from>1758</snippet_from>
    <snippet_to>1869</snippet_to>
    <column_from>34</column_from>
    <column_to>39</column_to>
    <error_level>2</error_level>
    <shortcode>154</shortcode>
    <link>https://psalm.dev/154</link>
    <taint_trace></taint_trace>
  </item>
  <item>
    <severity>error</severity>
    <line_from>57</line_from>
    <line_to>57</line_to>
    <type>MissingParamType</type>
    <message>Parameter $customBinary has no provided type</message>
    <file_name>src/Tools/GetVersions.php</file_name>
    <file_path>/mnt/DATA/www/phpqa/src/Tools/GetVersions.php</file_path>
    <snippet>    private function analyzeTool($tool, array $requiredPackages, array $composerPackages, $customBinary = null)</snippet>
    <selected_text>$customBinary</selected_text>
    <from>1848</from>
    <to>1861</to>
    <snippet_from>1758</snippet_from>
    <snippet_to>1869</snippet_to>
    <column_from>91</column_from>
    <column_to>104</column_to>
    <error_level>2</error_level>
    <shortcode>154</shortcode>
    <link>https://psalm.dev/154</link>
    <taint_trace></taint_trace>
  </item>
  <item>
    <severity>info</severity>
    <line_from>59</line_from>
    <line_to>59</line_to>
    <type>UnusedVariable</type>
    <message>$toolPackage is never referenced or the value is not used</message>
    <file_name>src/Tools/GetVersions.php</file_name>
    <file_path>/mnt/DATA/www/phpqa/src/Tools/GetVersions.php</file_path>
    <snippet>        $toolPackage = reset($requiredPackages);</snippet>
    <selected_text>$toolPackage</selected_text>
    <from>1884</from>
    <to>1896</to>
    <snippet_from>1876</snippet_from>
    <snippet_to>1924</snippet_to>
    <column_from>9</column_from>
    <column_to>21</column_to>
    <error_level>-2</error_level>
    <shortcode>77</shortcode>
    <link>https://psalm.dev/077</link>
    <taint_trace></taint_trace>
  </item>
  <item>
    <severity>error</severity>
    <line_from>133</line_from>
    <line_to>133</line_to>
    <type>MissingParamType</type>
    <message>Parameter $command has no provided type</message>
    <file_name>src/Tools/GetVersions.php</file_name>
    <file_path>/mnt/DATA/www/phpqa/src/Tools/GetVersions.php</file_path>
    <snippet>    private function loadVersionFromConsoleCommand($command)</snippet>
    <selected_text>$command</selected_text>
    <from>4794</from>
    <to>4802</to>
    <snippet_from>4743</snippet_from>
    <snippet_to>4803</snippet_to>
    <column_from>52</column_from>
    <column_to>60</column_to>
    <error_level>2</error_level>
    <shortcode>154</shortcode>
    <link>https://psalm.dev/154</link>
    <taint_trace></taint_trace>
  </item>
  <item>
    <severity>error</severity>
    <line_from>141</line_from>
    <line_to>141</line_to>
    <type>MissingParamType</type>
    <message>Parameter $command has no provided type</message>
    <file_name>src/Tools/GetVersions.php</file_name>
    <file_path>/mnt/DATA/www/phpqa/src/Tools/GetVersions.php</file_path>
    <snippet>    private function createSymfonyProcess($command)</snippet>
    <selected_text>$command</selected_text>
    <from>5057</from>
    <to>5065</to>
    <snippet_from>5015</snippet_from>
    <snippet_to>5066</snippet_to>
    <column_from>43</column_from>
    <column_to>51</column_to>
    <error_level>2</error_level>
    <shortcode>154</shortcode>
    <link>https://psalm.dev/154</link>
    <taint_trace></taint_trace>
  </item>
  <item>
    <severity>error</severity>
    <line_from>143</line_from>
    <line_to>143</line_to>
    <type>ArgumentTypeCoercion</type>
    <message>Argument 1 of method_exists expects class-string|object, parent type string(Symfony\Component\Process\Process) provided</message>
    <file_name>src/Tools/GetVersions.php</file_name>
    <file_path>/mnt/DATA/www/phpqa/src/Tools/GetVersions.php</file_path>
    <snippet>        if (method_exists('Symfony\Component\Process\Process', 'fromShellCommandline')) {</snippet>
    <selected_text>'Symfony\Component\Process\Process'</selected_text>
    <from>5099</from>
    <to>5134</to>
    <snippet_from>5073</snippet_from>
    <snippet_to>5162</snippet_to>
    <column_from>27</column_from>
    <column_to>62</column_to>
    <error_level>3</error_level>
    <shortcode>193</shortcode>
    <link>https://psalm.dev/193</link>
    <taint_trace></taint_trace>
  </item>
  <item>
    <severity>error</severity>
    <line_from>150</line_from>
    <line_to>150</line_to>
    <type>MissingParamType</type>
    <message>Parameter $string has no provided type</message>
    <file_name>src/Tools/GetVersions.php</file_name>
    <file_path>/mnt/DATA/www/phpqa/src/Tools/GetVersions.php</file_path>
    <snippet>    private function getFirstLine($string)</snippet>
    <selected_text>$string</selected_text>
    <from>5333</from>
    <to>5340</to>
    <snippet_from>5299</snippet_from>
    <snippet_to>5341</snippet_to>
    <column_from>35</column_from>
    <column_to>42</column_to>
    <error_level>2</error_level>
    <shortcode>154</shortcode>
    <link>https://psalm.dev/154</link>
    <taint_trace></taint_trace>
  </item>
  <item>
    <severity>error</severity>
    <line_from>155</line_from>
    <line_to>155</line_to>
    <type>MissingParamType</type>
    <message>Parameter $text has no provided type</message>
    <file_name>src/Tools/GetVersions.php</file_name>
    <file_path>/mnt/DATA/www/phpqa/src/Tools/GetVersions.php</file_path>
    <snippet>    private function extractVersion($text)</snippet>
    <selected_text>$text</selected_text>
    <from>5429</from>
    <to>5434</to>
    <snippet_from>5393</snippet_from>
    <snippet_to>5435</snippet_to>
    <column_from>37</column_from>
    <column_to>42</column_to>
    <error_level>2</error_level>
    <shortcode>154</shortcode>
    <link>https://psalm.dev/154</link>
    <taint_trace></taint_trace>
  </item>
  <item>
    <severity>error</severity>
    <line_from>20</line_from>
    <line_to>20</line_to>
    <type>MissingParamType</type>
    <message>Parameter $presenter has no provided type</message>
    <file_name>src/Tools/Tool.php</file_name>
    <file_path>/mnt/DATA/www/phpqa/src/Tools/Tool.php</file_path>
    <snippet>    public function __construct(Config $c, Options $o, RunningTool $t, $presenter)</snippet>
    <selected_text>$presenter</selected_text>
    <from>386</from>
    <to>396</to>
    <snippet_from>315</snippet_from>
    <snippet_to>397</snippet_to>
    <column_from>72</column_from>
    <column_to>82</column_to>
    <error_level>2</error_level>
    <shortcode>154</shortcode>
    <link>https://psalm.dev/154</link>
    <taint_trace></taint_trace>
  </item>
  <item>
    <severity>error</severity>
    <line_from>30</line_from>
    <line_to>30</line_to>
    <type>MissingParamType</type>
    <message>Parameter $config has no provided type</message>
    <file_name>src/Tools/Tool.php</file_name>
    <file_path>/mnt/DATA/www/phpqa/src/Tools/Tool.php</file_path>
    <snippet>    protected function saveDynamicConfig($config, $fileExtension)</snippet>
    <selected_text>$config</selected_text>
    <from>616</from>
    <to>623</to>
    <snippet_from>575</snippet_from>
    <snippet_to>640</snippet_to>
    <column_from>42</column_from>
    <column_to>49</column_to>
    <error_level>2</error_level>
    <shortcode>154</shortcode>
    <link>https://psalm.dev/154</link>
    <taint_trace></taint_trace>
  </item>
  <item>
    <severity>error</severity>
    <line_from>30</line_from>
    <line_to>30</line_to>
    <type>MissingParamType</type>
    <message>Parameter $fileExtension has no provided type</message>
    <file_name>src/Tools/Tool.php</file_name>
    <file_path>/mnt/DATA/www/phpqa/src/Tools/Tool.php</file_path>
    <snippet>    protected function saveDynamicConfig($config, $fileExtension)</snippet>
    <selected_text>$fileExtension</selected_text>
    <from>625</from>
    <to>639</to>
    <snippet_from>575</snippet_from>
    <snippet_to>640</snippet_to>
    <column_from>51</column_from>
    <column_to>65</column_to>
    <error_level>2</error_level>
    <shortcode>154</shortcode>
    <link>https://psalm.dev/154</link>
    <taint_trace></taint_trace>
  </item>
  <item>
    <severity>error</severity>
    <line_from>38</line_from>
    <line_to>38</line_to>
    <type>MissingParamType</type>
    <message>Parameter $operator has no provided type</message>
    <file_name>src/Tools/Tool.php</file_name>
    <file_path>/mnt/DATA/www/phpqa/src/Tools/Tool.php</file_path>
    <snippet>    protected function toolVersionIs($operator, $version)</snippet>
    <selected_text>$operator</selected_text>
    <from>952</from>
    <to>961</to>
    <snippet_from>915</snippet_from>
    <snippet_to>972</snippet_to>
    <column_from>38</column_from>
    <column_to>47</column_to>
    <error_level>2</error_level>
    <shortcode>154</shortcode>
    <link>https://psalm.dev/154</link>
    <taint_trace></taint_trace>
  </item>
  <item>
    <severity>error</severity>
    <line_from>38</line_from>
    <line_to>38</line_to>
    <type>MissingParamType</type>
    <message>Parameter $version has no provided type</message>
    <file_name>src/Tools/Tool.php</file_name>
    <file_path>/mnt/DATA/www/phpqa/src/Tools/Tool.php</file_path>
    <snippet>    protected function toolVersionIs($operator, $version)</snippet>
    <selected_text>$version</selected_text>
    <from>963</from>
    <to>971</to>
    <snippet_from>915</snippet_from>
    <snippet_to>972</snippet_to>
    <column_from>49</column_from>
    <column_to>57</column_to>
    <error_level>2</error_level>
    <shortcode>154</shortcode>
    <link>https://psalm.dev/154</link>
    <taint_trace></taint_trace>
  </item>
  <item>
    <severity>error</severity>
    <line_from>41</line_from>
    <line_to>41</line_to>
    <type>UndefinedPropertyFetch</type>
    <message>Static property Edge\QA\Tools\Tool::$SETTINGS is not defined</message>
    <file_name>src/Tools/Tool.php</file_name>
    <file_path>/mnt/DATA/www/phpqa/src/Tools/Tool.php</file_path>
    <snippet>        $composerVersion = $versions-&gt;getToolVersion(static::$SETTINGS);</snippet>
    <selected_text>static::$SETTINGS</selected_text>
    <from>1071</from>
    <to>1088</to>
    <snippet_from>1018</snippet_from>
    <snippet_to>1090</snippet_to>
    <column_from>54</column_from>
    <column_to>71</column_to>
    <error_level>6</error_level>
    <shortcode>39</shortcode>
    <link>https://psalm.dev/039</link>
    <taint_trace></taint_trace>
  </item>
  <item>
    <severity>error</severity>
    <line_from>45</line_from>
    <line_to>45</line_to>
    <type>MissingParamType</type>
    <message>Parameter $text has no provided type</message>
    <file_name>src/Tools/Tool.php</file_name>
    <file_path>/mnt/DATA/www/phpqa/src/Tools/Tool.php</file_path>
    <snippet>    protected function writeln($text)</snippet>
    <selected_text>$text</selected_text>
    <from>1220</from>
    <to>1225</to>
    <snippet_from>1189</snippet_from>
    <snippet_to>1226</snippet_to>
    <column_from>32</column_from>
    <column_to>37</column_to>
    <error_level>2</error_level>
    <shortcode>154</shortcode>
    <link>https://psalm.dev/154</link>
    <taint_trace></taint_trace>
  </item>
  <item>
    <severity>error</severity>
    <line_from>16</line_from>
    <line_to>16</line_to>
    <type>MissingParamType</type>
    <message>Parameter $presenter has no provided type</message>
    <file_name>src/Tools/Tools.php</file_name>
    <file_path>/mnt/DATA/www/phpqa/src/Tools/Tools.php</file_path>
    <snippet>    public function __construct(Config $c, $presenter)</snippet>
    <selected_text>$presenter</selected_text>
    <from>261</from>
    <to>271</to>
    <snippet_from>218</snippet_from>
    <snippet_to>272</snippet_to>
    <column_from>44</column_from>
    <column_to>54</column_to>
    <error_level>2</error_level>
    <shortcode>154</shortcode>
    <link>https://psalm.dev/154</link>
    <taint_trace></taint_trace>
  </item>
  <item>
    <severity>error</severity>
    <line_from>79</line_from>
    <line_to>79</line_to>
    <type>InvalidFunctionCall</type>
    <message>Cannot treat type object as callable</message>
    <file_name>src/Tools/Tools.php</file_name>
    <file_path>/mnt/DATA/www/phpqa/src/Tools/Tools.php</file_path>
    <snippet>        $args = $handler($tool);</snippet>
    <selected_text>$handler($tool)</selected_text>
    <from>2648</from>
    <to>2663</to>
    <snippet_from>2632</snippet_from>
    <snippet_to>2664</snippet_to>
    <column_from>17</column_from>
    <column_to>32</column_to>
    <error_level>6</error_level>
    <shortcode>64</shortcode>
    <link>https://psalm.dev/064</link>
    <taint_trace></taint_trace>
  </item>
  <item>
    <severity>error</severity>
    <line_from>5</line_from>
    <line_to>5</line_to>
    <type>MissingParamType</type>
    <message>Parameter $tool has no provided type</message>
    <file_name>src/paths.php</file_name>
    <file_path>/mnt/DATA/www/phpqa/src/paths.php</file_path>
    <snippet>function pathToBinary($tool)</snippet>
    <selected_text>$tool</selected_text>
    <from>49</from>
    <to>54</to>
    <snippet_from>27</snippet_from>
    <snippet_to>55</snippet_to>
    <column_from>23</column_from>
    <column_to>28</column_to>
    <error_level>2</error_level>
    <shortcode>154</shortcode>
    <link>https://psalm.dev/154</link>
    <taint_trace></taint_trace>
  </item>
  <item>
    <severity>info</severity>
    <line_from>7</line_from>
    <line_to>7</line_to>
    <type>UndefinedConstant</type>
    <message>Const COMPOSER_BINARY_DIR is not defined</message>
    <file_name>src/paths.php</file_name>
    <file_path>/mnt/DATA/www/phpqa/src/paths.php</file_path>
    <snippet>    return escapePath(COMPOSER_BINARY_DIR . $tool);</snippet>
    <selected_text>COMPOSER_BINARY_DIR</selected_text>
    <from>80</from>
    <to>99</to>
    <snippet_from>58</snippet_from>
    <snippet_to>109</snippet_to>
    <column_from>23</column_from>
    <column_to>42</column_to>
    <error_level>-1</error_level>
    <shortcode>20</shortcode>
    <link>https://psalm.dev/020</link>
    <taint_trace></taint_trace>
  </item>
  <item>
    <severity>error</severity>
    <line_from>10</line_from>
    <line_to>10</line_to>
    <type>MissingParamType</type>
    <message>Parameter $path has no provided type</message>
    <file_name>src/paths.php</file_name>
    <file_path>/mnt/DATA/www/phpqa/src/paths.php</file_path>
    <snippet>function escapePath($path)</snippet>
    <selected_text>$path</selected_text>
    <from>133</from>
    <to>138</to>
    <snippet_from>113</snippet_from>
    <snippet_to>139</snippet_to>
    <column_from>21</column_from>
    <column_to>26</column_to>
    <error_level>2</error_level>
    <shortcode>154</shortcode>
    <link>https://psalm.dev/154</link>
    <taint_trace></taint_trace>
  </item>
  <item>
    <severity>error</severity>
    <line_from>36</line_from>
    <line_to>36</line_to>
    <type>PossiblyInvalidArgument</type>
    <message>Argument 1 of array_slice expects array&lt;array-key, mixed&gt;, possibly different type false|non-empty-list&lt;string&gt;|string provided</message>
    <file_name>src/paths.php</file_name>
    <file_path>/mnt/DATA/www/phpqa/src/paths.php</file_path>
    <snippet>        $dirs[$i] = $firstSlash . implode(DIRECTORY_SEPARATOR, array_slice($dirs[$i], 0, $minDirsCount));</snippet>
    <selected_text>$dirs[$i]</selected_text>
    <from>892</from>
    <to>901</to>
    <snippet_from>817</snippet_from>
    <snippet_to>922</snippet_to>
    <column_from>76</column_from>
    <column_to>85</column_to>
    <error_level>3</error_level>
    <shortcode>92</shortcode>
    <link>https://psalm.dev/092</link>
    <taint_trace></taint_trace>
  </item>
  <item>
    <severity>error</severity>
    <line_from>41</line_from>
    <line_to>41</line_to>
    <type>PossiblyInvalidCast</type>
    <message>non-empty-list&lt;string&gt; cannot be cast to string</message>
    <file_name>src/paths.php</file_name>
    <file_path>/mnt/DATA/www/phpqa/src/paths.php</file_path>
    <snippet>        $commonDirs = array_unique(array_map('dirname', $commonDirs));</snippet>
    <selected_text>$commonDirs</selected_text>
    <from>1064</from>
    <to>1075</to>
    <snippet_from>1008</snippet_from>
    <snippet_to>1078</snippet_to>
    <column_from>57</column_from>
    <column_to>68</column_to>
    <error_level>3</error_level>
    <shortcode>190</shortcode>
    <link>https://psalm.dev/190</link>
    <taint_trace></taint_trace>
  </item>
  <item>
    <severity>error</severity>
    <line_from>41</line_from>
    <line_to>41</line_to>
    <type>PossiblyInvalidArgument</type>
    <message>Argument 1 of dirname expects string, possibly different type false|non-empty-list&lt;string&gt;|string provided</message>
    <file_name>src/paths.php</file_name>
    <file_path>/mnt/DATA/www/phpqa/src/paths.php</file_path>
    <snippet>        $commonDirs = array_unique(array_map('dirname', $commonDirs));</snippet>
    <selected_text>$commonDirs</selected_text>
    <from>1064</from>
    <to>1075</to>
    <snippet_from>1008</snippet_from>
    <snippet_to>1078</snippet_to>
    <column_from>57</column_from>
    <column_to>68</column_to>
    <error_level>3</error_level>
    <shortcode>92</shortcode>
    <link>https://psalm.dev/092</link>
    <taint_trace></taint_trace>
  </item>
  <item>
    <severity>error</severity>
    <line_from>9</line_from>
    <line_to>9</line_to>
    <type>MissingParamType</type>
    <message>Parameter $template has no provided type</message>
    <file_name>src/report.php</file_name>
    <file_path>/mnt/DATA/www/phpqa/src/report.php</file_path>
    <snippet>function twigToHtml($template, array $params, $outputFile)</snippet>
    <selected_text>$template</selected_text>
    <from>99</from>
    <to>108</to>
    <snippet_from>79</snippet_from>
    <snippet_to>137</snippet_to>
    <column_from>21</column_from>
    <column_to>30</column_to>
    <error_level>2</error_level>
    <shortcode>154</shortcode>
    <link>https://psalm.dev/154</link>
    <taint_trace></taint_trace>
  </item>
  <item>
    <severity>error</severity>
    <line_from>9</line_from>
    <line_to>9</line_to>
    <type>MissingParamType</type>
    <message>Parameter $outputFile has no provided type</message>
    <file_name>src/report.php</file_name>
    <file_path>/mnt/DATA/www/phpqa/src/report.php</file_path>
    <snippet>function twigToHtml($template, array $params, $outputFile)</snippet>
    <selected_text>$outputFile</selected_text>
    <from>125</from>
    <to>136</to>
    <snippet_from>79</snippet_from>
    <snippet_to>137</snippet_to>
    <column_from>47</column_from>
    <column_to>58</column_to>
    <error_level>2</error_level>
    <shortcode>154</shortcode>
    <link>https://psalm.dev/154</link>
    <taint_trace></taint_trace>
  </item>
  <item>
    <severity>error</severity>
    <line_from>12</line_from>
    <line_to>12</line_to>
    <type>UndefinedClass</type>
    <message>Class or interface Twig_Loader_Filesystem does not exist</message>
    <file_name>src/report.php</file_name>
    <file_path>/mnt/DATA/www/phpqa/src/report.php</file_path>
    <snippet>        $loader = new \Twig_Loader_Filesystem(__DIR__ . '/../app/report');</snippet>
    <selected_text>\Twig_Loader_Filesystem</selected_text>
    <from>206</from>
    <to>229</to>
    <snippet_from>184</snippet_from>
    <snippet_to>258</snippet_to>
    <column_from>23</column_from>
    <column_to>46</column_to>
    <error_level>-1</error_level>
    <shortcode>19</shortcode>
    <link>https://psalm.dev/019</link>
    <taint_trace></taint_trace>
  </item>
  <item>
    <severity>error</severity>
    <line_from>22</line_from>
    <line_to>22</line_to>
    <type>MissingParamType</type>
    <message>Parameter $style has no provided type</message>
    <file_name>src/report.php</file_name>
    <file_path>/mnt/DATA/www/phpqa/src/report.php</file_path>
    <snippet>function xmlToHtml(array $xmlDocuments, $style, $outputFile, array $params = [])</snippet>
    <selected_text>$style</selected_text>
    <from>588</from>
    <to>594</to>
    <snippet_from>548</snippet_from>
    <snippet_to>628</snippet_to>
    <column_from>41</column_from>
    <column_to>47</column_to>
    <error_level>2</error_level>
    <shortcode>154</shortcode>
    <link>https://psalm.dev/154</link>
    <taint_trace></taint_trace>
  </item>
  <item>
    <severity>error</severity>
    <line_from>22</line_from>
    <line_to>22</line_to>
    <type>MissingParamType</type>
    <message>Parameter $outputFile has no provided type</message>
    <file_name>src/report.php</file_name>
    <file_path>/mnt/DATA/www/phpqa/src/report.php</file_path>
    <snippet>function xmlToHtml(array $xmlDocuments, $style, $outputFile, array $params = [])</snippet>
    <selected_text>$outputFile</selected_text>
    <from>596</from>
    <to>607</to>
    <snippet_from>548</snippet_from>
    <snippet_to>628</snippet_to>
    <column_from>49</column_from>
    <column_to>60</column_to>
    <error_level>2</error_level>
    <shortcode>154</shortcode>
    <link>https://psalm.dev/154</link>
    <taint_trace></taint_trace>
  </item>
  <item>
    <severity>error</severity>
    <line_from>54</line_from>
    <line_to>54</line_to>
    <type>MissingParamType</type>
    <message>Parameter $xmlFile has no provided type</message>
    <file_name>src/report.php</file_name>
    <file_path>/mnt/DATA/www/phpqa/src/report.php</file_path>
    <snippet>function xmlXpath($xmlFile, $xpathQuery)</snippet>
    <selected_text>$xmlFile</selected_text>
    <from>1505</from>
    <to>1513</to>
    <snippet_from>1487</snippet_from>
    <snippet_to>1527</snippet_to>
    <column_from>19</column_from>
    <column_to>27</column_to>
    <error_level>2</error_level>
    <shortcode>154</shortcode>
    <link>https://psalm.dev/154</link>
    <taint_trace></taint_trace>
  </item>
  <item>
    <severity>error</severity>
    <line_from>54</line_from>
    <line_to>54</line_to>
    <type>MissingParamType</type>
    <message>Parameter $xpathQuery has no provided type</message>
    <file_name>src/report.php</file_name>
    <file_path>/mnt/DATA/www/phpqa/src/report.php</file_path>
    <snippet>function xmlXpath($xmlFile, $xpathQuery)</snippet>
    <selected_text>$xpathQuery</selected_text>
    <from>1515</from>
    <to>1526</to>
    <snippet_from>1487</snippet_from>
    <snippet_to>1527</snippet_to>
    <column_from>29</column_from>
    <column_to>40</column_to>
    <error_level>2</error_level>
    <shortcode>154</shortcode>
    <link>https://psalm.dev/154</link>
    <taint_trace></taint_trace>
  </item>
  <item>
    <severity>error</severity>
    <line_from>74</line_from>
    <line_to>74</line_to>
    <type>MissingParamType</type>
    <message>Parameter $severity has no provided type</message>
    <file_name>src/report.php</file_name>
    <file_path>/mnt/DATA/www/phpqa/src/report.php</file_path>
    <snippet>function phpErrorToException($severity, $message, $filename, $lineno)</snippet>
    <selected_text>$severity</selected_text>
    <from>1975</from>
    <to>1984</to>
    <snippet_from>1946</snippet_from>
    <snippet_to>2015</snippet_to>
    <column_from>30</column_from>
    <column_to>39</column_to>
    <error_level>2</error_level>
    <shortcode>154</shortcode>
    <link>https://psalm.dev/154</link>
    <taint_trace></taint_trace>
  </item>
  <item>
    <severity>error</severity>
    <line_from>74</line_from>
    <line_to>74</line_to>
    <type>MissingParamType</type>
    <message>Parameter $message has no provided type</message>
    <file_name>src/report.php</file_name>
    <file_path>/mnt/DATA/www/phpqa/src/report.php</file_path>
    <snippet>function phpErrorToException($severity, $message, $filename, $lineno)</snippet>
    <selected_text>$message</selected_text>
    <from>1986</from>
    <to>1994</to>
    <snippet_from>1946</snippet_from>
    <snippet_to>2015</snippet_to>
    <column_from>41</column_from>
    <column_to>49</column_to>
    <error_level>2</error_level>
    <shortcode>154</shortcode>
    <link>https://psalm.dev/154</link>
    <taint_trace></taint_trace>
  </item>
  <item>
    <severity>error</severity>
    <line_from>74</line_from>
    <line_to>74</line_to>
    <type>MissingParamType</type>
    <message>Parameter $filename has no provided type</message>
    <file_name>src/report.php</file_name>
    <file_path>/mnt/DATA/www/phpqa/src/report.php</file_path>
    <snippet>function phpErrorToException($severity, $message, $filename, $lineno)</snippet>
    <selected_text>$filename</selected_text>
    <from>1996</from>
    <to>2005</to>
    <snippet_from>1946</snippet_from>
    <snippet_to>2015</snippet_to>
    <column_from>51</column_from>
    <column_to>60</column_to>
    <error_level>2</error_level>
    <shortcode>154</shortcode>
    <link>https://psalm.dev/154</link>
    <taint_trace></taint_trace>
  </item>
  <item>
    <severity>error</severity>
    <line_from>74</line_from>
    <line_to>74</line_to>
    <type>MissingParamType</type>
    <message>Parameter $lineno has no provided type</message>
    <file_name>src/report.php</file_name>
    <file_path>/mnt/DATA/www/phpqa/src/report.php</file_path>
    <snippet>function phpErrorToException($severity, $message, $filename, $lineno)</snippet>
    <selected_text>$lineno</selected_text>
    <from>2007</from>
    <to>2014</to>
    <snippet_from>1946</snippet_from>
    <snippet_to>2015</snippet_to>
    <column_from>62</column_from>
    <column_to>69</column_to>
    <error_level>2</error_level>
    <shortcode>154</shortcode>
    <link>https://psalm.dev/154</link>
    <taint_trace></taint_trace>
  </item>
  <item>
    <severity>info</severity>
    <line_from>6</line_from>
    <line_to>6</line_to>
    <type>PropertyNotSetInConstructor</type>
    <message>Property Edge\QA\ConfigTest::$backupStaticAttributes is not defined in constructor of Edge\QA\ConfigTest and in any methods called in the constructor</message>
    <file_name>tests/Config/ConfigTest.php</file_name>
    <file_path>/mnt/DATA/www/phpqa/tests/Config/ConfigTest.php</file_path>
    <snippet>class ConfigTest extends \PHPUnit_Framework_TestCase</snippet>
    <selected_text>ConfigTest</selected_text>
    <from>86</from>
    <to>96</to>
    <snippet_from>80</snippet_from>
    <snippet_to>132</snippet_to>
    <column_from>7</column_from>
    <column_to>17</column_to>
    <error_level>2</error_level>
    <shortcode>74</shortcode>
    <link>https://psalm.dev/074</link>
    <taint_trace></taint_trace>
  </item>
  <item>
    <severity>info</severity>
    <line_from>6</line_from>
    <line_to>6</line_to>
    <type>PropertyNotSetInConstructor</type>
    <message>Property Edge\QA\ConfigTest::$runTestInSeparateProcess is not defined in constructor of Edge\QA\ConfigTest and in any methods called in the constructor</message>
    <file_name>tests/Config/ConfigTest.php</file_name>
    <file_path>/mnt/DATA/www/phpqa/tests/Config/ConfigTest.php</file_path>
    <snippet>class ConfigTest extends \PHPUnit_Framework_TestCase</snippet>
    <selected_text>ConfigTest</selected_text>
    <from>86</from>
    <to>96</to>
    <snippet_from>80</snippet_from>
    <snippet_to>132</snippet_to>
    <column_from>7</column_from>
    <column_to>17</column_to>
    <error_level>2</error_level>
    <shortcode>74</shortcode>
    <link>https://psalm.dev/074</link>
    <taint_trace></taint_trace>
  </item>
  <item>
    <severity>info</severity>
    <line_from>6</line_from>
    <line_to>6</line_to>
    <type>UnusedClass</type>
    <message>Class Edge\QA\ConfigTest is never used</message>
    <file_name>tests/Config/ConfigTest.php</file_name>
    <file_path>/mnt/DATA/www/phpqa/tests/Config/ConfigTest.php</file_path>
    <snippet>class ConfigTest extends \PHPUnit_Framework_TestCase</snippet>
    <selected_text>ConfigTest</selected_text>
    <from>86</from>
    <to>96</to>
    <snippet_from>80</snippet_from>
    <snippet_to>132</snippet_to>
    <column_from>7</column_from>
    <column_to>17</column_to>
    <error_level>-2</error_level>
    <shortcode>75</shortcode>
    <link>https://psalm.dev/075</link>
    <taint_trace></taint_trace>
  </item>
  <item>
    <severity>error</severity>
    <line_from>6</line_from>
    <line_to>6</line_to>
    <type>InvalidStaticInvocation</type>
    <message>Method PHPUnit\Framework\TestCase::__construct is not static, but is called statically</message>
    <file_name>tests/Config/ConfigTest.php</file_name>
    <file_path>/mnt/DATA/www/phpqa/tests/Config/ConfigTest.php</file_path>
    <snippet>class ConfigTest extends \PHPUnit_Framework_TestCase</snippet>
    <selected_text>\PHPUnit_Framework_TestCase</selected_text>
    <from>105</from>
    <to>132</to>
    <snippet_from>80</snippet_from>
    <snippet_to>132</snippet_to>
    <column_from>26</column_from>
    <column_to>53</column_to>
    <error_level>-1</error_level>
    <shortcode>14</shortcode>
    <link>https://psalm.dev/014</link>
    <taint_trace></taint_trace>
  </item>
  <item>
    <severity>error</severity>
    <line_from>151</line_from>
    <line_to>151</line_to>
    <type>ReservedWord</type>
    <message>void is a reserved word</message>
    <file_name>tests/Config/ConfigTest.php</file_name>
    <file_path>/mnt/DATA/www/phpqa/tests/Config/ConfigTest.php</file_path>
    <snippet>            $this-&gt;expectException('Exception');</snippet>
    <selected_text>$this-&gt;expectException('Exception')</selected_text>
    <from>5971</from>
    <to>6006</to>
    <snippet_from>5959</snippet_from>
    <snippet_to>6007</snippet_to>
    <column_from>13</column_from>
    <column_to>48</column_to>
    <error_level>7</error_level>
    <shortcode>95</shortcode>
    <link>https://psalm.dev/095</link>
    <taint_trace></taint_trace>
  </item>
  <item>
    <severity>error</severity>
    <line_from>151</line_from>
    <line_to>151</line_to>
    <type>ArgumentTypeCoercion</type>
    <message>Argument 1 of Edge\QA\ConfigTest::expectException expects class-string&lt;Throwable&gt;, parent type string(Exception) provided</message>
    <file_name>tests/Config/ConfigTest.php</file_name>
    <file_path>/mnt/DATA/www/phpqa/tests/Config/ConfigTest.php</file_path>
    <snippet>            $this-&gt;expectException('Exception');</snippet>
    <selected_text>'Exception'</selected_text>
    <from>5994</from>
    <to>6005</to>
    <snippet_from>5959</snippet_from>
    <snippet_to>6007</snippet_to>
    <column_from>36</column_from>
    <column_to>47</column_to>
    <error_level>3</error_level>
    <shortcode>193</shortcode>
    <link>https://psalm.dev/193</link>
    <taint_trace></taint_trace>
  </item>
  <item>
    <severity>info</severity>
    <line_from>5</line_from>
    <line_to>5</line_to>
    <type>PropertyNotSetInConstructor</type>
    <message>Property Edge\QA\IgnoredPathsTest::$backupStaticAttributes is not defined in constructor of Edge\QA\IgnoredPathsTest and in any methods called in the constructor</message>
    <file_name>tests/IgnoredPathsTest.php</file_name>
    <file_path>/mnt/DATA/www/phpqa/tests/IgnoredPathsTest.php</file_path>
    <snippet>class IgnoredPathsTest extends \PHPUnit_Framework_TestCase</snippet>
    <selected_text>IgnoredPathsTest</selected_text>
    <from>33</from>
    <to>49</to>
    <snippet_from>27</snippet_from>
    <snippet_to>85</snippet_to>
    <column_from>7</column_from>
    <column_to>23</column_to>
    <error_level>2</error_level>
    <shortcode>74</shortcode>
    <link>https://psalm.dev/074</link>
    <taint_trace></taint_trace>
  </item>
  <item>
    <severity>info</severity>
    <line_from>5</line_from>
    <line_to>5</line_to>
    <type>PropertyNotSetInConstructor</type>
    <message>Property Edge\QA\IgnoredPathsTest::$runTestInSeparateProcess is not defined in constructor of Edge\QA\IgnoredPathsTest and in any methods called in the constructor</message>
    <file_name>tests/IgnoredPathsTest.php</file_name>
    <file_path>/mnt/DATA/www/phpqa/tests/IgnoredPathsTest.php</file_path>
    <snippet>class IgnoredPathsTest extends \PHPUnit_Framework_TestCase</snippet>
    <selected_text>IgnoredPathsTest</selected_text>
    <from>33</from>
    <to>49</to>
    <snippet_from>27</snippet_from>
    <snippet_to>85</snippet_to>
    <column_from>7</column_from>
    <column_to>23</column_to>
    <error_level>2</error_level>
    <shortcode>74</shortcode>
    <link>https://psalm.dev/074</link>
    <taint_trace></taint_trace>
  </item>
  <item>
    <severity>info</severity>
    <line_from>5</line_from>
    <line_to>5</line_to>
    <type>UnusedClass</type>
    <message>Class Edge\QA\IgnoredPathsTest is never used</message>
    <file_name>tests/IgnoredPathsTest.php</file_name>
    <file_path>/mnt/DATA/www/phpqa/tests/IgnoredPathsTest.php</file_path>
    <snippet>class IgnoredPathsTest extends \PHPUnit_Framework_TestCase</snippet>
    <selected_text>IgnoredPathsTest</selected_text>
    <from>33</from>
    <to>49</to>
    <snippet_from>27</snippet_from>
    <snippet_to>85</snippet_to>
    <column_from>7</column_from>
    <column_to>23</column_to>
    <error_level>-2</error_level>
    <shortcode>75</shortcode>
    <link>https://psalm.dev/075</link>
    <taint_trace></taint_trace>
  </item>
  <item>
    <severity>error</severity>
    <line_from>5</line_from>
    <line_to>5</line_to>
    <type>InvalidStaticInvocation</type>
    <message>Method PHPUnit\Framework\TestCase::__construct is not static, but is called statically</message>
    <file_name>tests/IgnoredPathsTest.php</file_name>
    <file_path>/mnt/DATA/www/phpqa/tests/IgnoredPathsTest.php</file_path>
    <snippet>class IgnoredPathsTest extends \PHPUnit_Framework_TestCase</snippet>
    <selected_text>\PHPUnit_Framework_TestCase</selected_text>
    <from>58</from>
    <to>85</to>
    <snippet_from>27</snippet_from>
    <snippet_to>85</snippet_to>
    <column_from>32</column_from>
    <column_to>59</column_to>
    <error_level>-1</error_level>
    <shortcode>14</shortcode>
    <link>https://psalm.dev/014</link>
    <taint_trace></taint_trace>
  </item>
  <item>
    <severity>error</severity>
    <line_from>9</line_from>
    <line_to>9</line_to>
    <type>MissingParamType</type>
    <message>Parameter $tool has no provided type</message>
    <file_name>tests/IgnoredPathsTest.php</file_name>
    <file_path>/mnt/DATA/www/phpqa/tests/IgnoredPathsTest.php</file_path>
    <snippet>    private function ignore($tool, $dirs, $files)</snippet>
    <selected_text>$tool</selected_text>
    <from>157</from>
    <to>162</to>
    <snippet_from>129</snippet_from>
    <snippet_to>178</snippet_to>
    <column_from>29</column_from>
    <column_to>34</column_to>
    <error_level>2</error_level>
    <shortcode>154</shortcode>
    <link>https://psalm.dev/154</link>
    <taint_trace></taint_trace>
  </item>
  <item>
    <severity>error</severity>
    <line_from>9</line_from>
    <line_to>9</line_to>
    <type>MissingParamType</type>
    <message>Parameter $dirs has no provided type</message>
    <file_name>tests/IgnoredPathsTest.php</file_name>
    <file_path>/mnt/DATA/www/phpqa/tests/IgnoredPathsTest.php</file_path>
    <snippet>    private function ignore($tool, $dirs, $files)</snippet>
    <selected_text>$dirs</selected_text>
    <from>164</from>
    <to>169</to>
    <snippet_from>129</snippet_from>
    <snippet_to>178</snippet_to>
    <column_from>36</column_from>
    <column_to>41</column_to>
    <error_level>2</error_level>
    <shortcode>154</shortcode>
    <link>https://psalm.dev/154</link>
    <taint_trace></taint_trace>
  </item>
  <item>
    <severity>error</severity>
    <line_from>9</line_from>
    <line_to>9</line_to>
    <type>MissingParamType</type>
    <message>Parameter $files has no provided type</message>
    <file_name>tests/IgnoredPathsTest.php</file_name>
    <file_path>/mnt/DATA/www/phpqa/tests/IgnoredPathsTest.php</file_path>
    <snippet>    private function ignore($tool, $dirs, $files)</snippet>
    <selected_text>$files</selected_text>
    <from>171</from>
    <to>177</to>
    <snippet_from>129</snippet_from>
    <snippet_to>178</snippet_to>
    <column_from>43</column_from>
    <column_to>49</column_to>
    <error_level>2</error_level>
    <shortcode>154</shortcode>
    <link>https://psalm.dev/154</link>
    <taint_trace></taint_trace>
  </item>
  <item>
    <severity>error</severity>
    <line_from>17</line_from>
    <line_to>17</line_to>
    <type>MissingParamType</type>
    <message>Parameter $tool has no provided type</message>
    <file_name>tests/IgnoredPathsTest.php</file_name>
    <file_path>/mnt/DATA/www/phpqa/tests/IgnoredPathsTest.php</file_path>
    <snippet>    public function testNoOptionWhenNothingIsIgnored($tool)</snippet>
    <selected_text>$tool</selected_text>
    <from>412</from>
    <to>417</to>
    <snippet_from>359</snippet_from>
    <snippet_to>418</snippet_to>
    <column_from>54</column_from>
    <column_to>59</column_to>
    <error_level>2</error_level>
    <shortcode>154</shortcode>
    <link>https://psalm.dev/154</link>
    <taint_trace></taint_trace>
  </item>
  <item>
    <severity>error</severity>
    <line_from>27</line_from>
    <line_to>27</line_to>
    <type>MissingParamType</type>
    <message>Parameter $tool has no provided type</message>
    <file_name>tests/IgnoredPathsTest.php</file_name>
    <file_path>/mnt/DATA/www/phpqa/tests/IgnoredPathsTest.php</file_path>
    <snippet>    public function testIgnoreDirectoriesAndFiles($tool, $expectedOptions, $os = null)</snippet>
    <selected_text>$tool</selected_text>
    <from>747</from>
    <to>752</to>
    <snippet_from>697</snippet_from>
    <snippet_to>783</snippet_to>
    <column_from>51</column_from>
    <column_to>56</column_to>
    <error_level>2</error_level>
    <shortcode>154</shortcode>
    <link>https://psalm.dev/154</link>
    <taint_trace></taint_trace>
  </item>
  <item>
    <severity>error</severity>
    <line_from>27</line_from>
    <line_to>27</line_to>
    <type>MissingParamType</type>
    <message>Parameter $expectedOptions has no provided type</message>
    <file_name>tests/IgnoredPathsTest.php</file_name>
    <file_path>/mnt/DATA/www/phpqa/tests/IgnoredPathsTest.php</file_path>
    <snippet>    public function testIgnoreDirectoriesAndFiles($tool, $expectedOptions, $os = null)</snippet>
    <selected_text>$expectedOptions</selected_text>
    <from>754</from>
    <to>770</to>
    <snippet_from>697</snippet_from>
    <snippet_to>783</snippet_to>
    <column_from>58</column_from>
    <column_to>74</column_to>
    <error_level>2</error_level>
    <shortcode>154</shortcode>
    <link>https://psalm.dev/154</link>
    <taint_trace></taint_trace>
  </item>
  <item>
    <severity>error</severity>
    <line_from>27</line_from>
    <line_to>27</line_to>
    <type>MissingParamType</type>
    <message>Parameter $os has no provided type</message>
    <file_name>tests/IgnoredPathsTest.php</file_name>
    <file_path>/mnt/DATA/www/phpqa/tests/IgnoredPathsTest.php</file_path>
    <snippet>    public function testIgnoreDirectoriesAndFiles($tool, $expectedOptions, $os = null)</snippet>
    <selected_text>$os</selected_text>
    <from>772</from>
    <to>775</to>
    <snippet_from>697</snippet_from>
    <snippet_to>783</snippet_to>
    <column_from>76</column_from>
    <column_to>79</column_to>
    <error_level>2</error_level>
    <shortcode>154</shortcode>
    <link>https://psalm.dev/154</link>
    <taint_trace></taint_trace>
  </item>
  <item>
    <severity>info</severity>
    <line_from>6</line_from>
    <line_to>6</line_to>
    <type>PropertyNotSetInConstructor</type>
    <message>Property Edge\QA\OptionsTest::$runTestInSeparateProcess is not defined in constructor of Edge\QA\OptionsTest and in any methods called in the constructor</message>
    <file_name>tests/OptionsTest.php</file_name>
    <file_path>/mnt/DATA/www/phpqa/tests/OptionsTest.php</file_path>
    <snippet>class OptionsTest extends \PHPUnit_Framework_TestCase</snippet>
    <selected_text>OptionsTest</selected_text>
    <from>86</from>
    <to>97</to>
    <snippet_from>80</snippet_from>
    <snippet_to>133</snippet_to>
    <column_from>7</column_from>
    <column_to>18</column_to>
    <error_level>2</error_level>
    <shortcode>74</shortcode>
    <link>https://psalm.dev/074</link>
    <taint_trace></taint_trace>
  </item>
  <item>
    <severity>info</severity>
    <line_from>6</line_from>
    <line_to>6</line_to>
    <type>PropertyNotSetInConstructor</type>
    <message>Property Edge\QA\OptionsTest::$backupStaticAttributes is not defined in constructor of Edge\QA\OptionsTest and in any methods called in the constructor</message>
    <file_name>tests/OptionsTest.php</file_name>
    <file_path>/mnt/DATA/www/phpqa/tests/OptionsTest.php</file_path>
    <snippet>class OptionsTest extends \PHPUnit_Framework_TestCase</snippet>
    <selected_text>OptionsTest</selected_text>
    <from>86</from>
    <to>97</to>
    <snippet_from>80</snippet_from>
    <snippet_to>133</snippet_to>
    <column_from>7</column_from>
    <column_to>18</column_to>
    <error_level>2</error_level>
    <shortcode>74</shortcode>
    <link>https://psalm.dev/074</link>
    <taint_trace></taint_trace>
  </item>
  <item>
    <severity>info</severity>
    <line_from>6</line_from>
    <line_to>6</line_to>
    <type>UnusedClass</type>
    <message>Class Edge\QA\OptionsTest is never used</message>
    <file_name>tests/OptionsTest.php</file_name>
    <file_path>/mnt/DATA/www/phpqa/tests/OptionsTest.php</file_path>
    <snippet>class OptionsTest extends \PHPUnit_Framework_TestCase</snippet>
    <selected_text>OptionsTest</selected_text>
    <from>86</from>
    <to>97</to>
    <snippet_from>80</snippet_from>
    <snippet_to>133</snippet_to>
    <column_from>7</column_from>
    <column_to>18</column_to>
    <error_level>-2</error_level>
    <shortcode>75</shortcode>
    <link>https://psalm.dev/075</link>
    <taint_trace></taint_trace>
  </item>
  <item>
    <severity>error</severity>
    <line_from>6</line_from>
    <line_to>6</line_to>
    <type>InvalidStaticInvocation</type>
    <message>Method PHPUnit\Framework\TestCase::__construct is not static, but is called statically</message>
    <file_name>tests/OptionsTest.php</file_name>
    <file_path>/mnt/DATA/www/phpqa/tests/OptionsTest.php</file_path>
    <snippet>class OptionsTest extends \PHPUnit_Framework_TestCase</snippet>
    <selected_text>\PHPUnit_Framework_TestCase</selected_text>
    <from>106</from>
    <to>133</to>
    <snippet_from>80</snippet_from>
    <snippet_to>133</snippet_to>
    <column_from>27</column_from>
    <column_to>54</column_to>
    <error_level>-1</error_level>
    <shortcode>14</shortcode>
    <link>https://psalm.dev/014</link>
    <taint_trace></taint_trace>
  </item>
  <item>
    <severity>error</severity>
    <line_from>22</line_from>
    <line_to>22</line_to>
    <type>ReservedWord</type>
    <message>void is a reserved word</message>
    <file_name>tests/OptionsTest.php</file_name>
    <file_path>/mnt/DATA/www/phpqa/tests/OptionsTest.php</file_path>
    <snippet>    public function setUp(): void</snippet>
    <selected_text>void</selected_text>
    <from>597</from>
    <to>601</to>
    <snippet_from>568</snippet_from>
    <snippet_to>601</snippet_to>
    <column_from>30</column_from>
    <column_to>34</column_to>
    <error_level>7</error_level>
    <shortcode>95</shortcode>
    <link>https://psalm.dev/095</link>
    <taint_trace></taint_trace>
  </item>
  <item>
    <severity>info</severity>
    <line_from>24</line_from>
    <line_to>24</line_to>
    <type>UndefinedThisPropertyAssignment</type>
    <message>Instance property Edge\QA\OptionsTest::$fileOutput is not defined</message>
    <file_name>tests/OptionsTest.php</file_name>
    <file_path>/mnt/DATA/www/phpqa/tests/OptionsTest.php</file_path>
    <snippet>        $this-&gt;fileOutput = $this-&gt;overrideOptions();</snippet>
    <selected_text>$this-&gt;fileOutput</selected_text>
    <from>616</from>
    <to>633</to>
    <snippet_from>608</snippet_from>
    <snippet_to>661</snippet_to>
    <column_from>9</column_from>
    <column_to>26</column_to>
    <error_level>5</error_level>
    <shortcode>40</shortcode>
    <link>https://psalm.dev/040</link>
    <taint_trace></taint_trace>
  </item>
  <item>
    <severity>error</severity>
    <line_from>34</line_from>
    <line_to>34</line_to>
    <type>UndefinedThisPropertyFetch</type>
    <message>Instance property Edge\QA\OptionsTest::$fileOutput is not defined</message>
    <file_name>tests/OptionsTest.php</file_name>
    <file_path>/mnt/DATA/www/phpqa/tests/OptionsTest.php</file_path>
    <snippet>        assertThat($this-&gt;fileOutput-&gt;getAnalyzedDirs(','), is('"./"'));</snippet>
    <selected_text>$this-&gt;fileOutput</selected_text>
    <from>882</from>
    <to>899</to>
    <snippet_from>863</snippet_from>
    <snippet_to>935</snippet_to>
    <column_from>20</column_from>
    <column_to>37</column_to>
    <error_level>6</error_level>
    <shortcode>41</shortcode>
    <link>https://psalm.dev/041</link>
    <taint_trace></taint_trace>
  </item>
  <item>
    <severity>error</severity>
    <line_from>50</line_from>
    <line_to>50</line_to>
    <type>UndefinedThisPropertyFetch</type>
    <message>Instance property Edge\QA\OptionsTest::$fileOutput is not defined</message>
    <file_name>tests/OptionsTest.php</file_name>
    <file_path>/mnt/DATA/www/phpqa/tests/OptionsTest.php</file_path>
    <snippet>        assertThat($this-&gt;buildRunningTools($this-&gt;fileOutput, array('pdepend' =&gt; [])), is(nonEmptyArray()));</snippet>
    <selected_text>$this-&gt;fileOutput</selected_text>
    <from>1674</from>
    <to>1691</to>
    <snippet_from>1630</snippet_from>
    <snippet_to>1739</snippet_to>
    <column_from>45</column_from>
    <column_to>62</column_to>
    <error_level>6</error_level>
    <shortcode>41</shortcode>
    <link>https://psalm.dev/041</link>
    <taint_trace></taint_trace>
  </item>
  <item>
    <severity>error</severity>
    <line_from>55</line_from>
    <line_to>55</line_to>
    <type>MissingParamType</type>
    <message>Parameter $isInstalled has no provided type</message>
    <file_name>tests/OptionsTest.php</file_name>
    <file_path>/mnt/DATA/www/phpqa/tests/OptionsTest.php</file_path>
    <snippet>    public function testIsSuggestedToolInstalled(array $classes, $isInstalled)</snippet>
    <selected_text>$isInstalled</selected_text>
    <from>1958</from>
    <to>1970</to>
    <snippet_from>1893</snippet_from>
    <snippet_to>1971</snippet_to>
    <column_from>66</column_from>
    <column_to>78</column_to>
    <error_level>2</error_level>
    <shortcode>154</shortcode>
    <link>https://psalm.dev/154</link>
    <taint_trace></taint_trace>
  </item>
  <item>
    <severity>error</severity>
    <line_from>57</line_from>
    <line_to>57</line_to>
    <type>UndefinedThisPropertyFetch</type>
    <message>Instance property Edge\QA\OptionsTest::$fileOutput is not defined</message>
    <file_name>tests/OptionsTest.php</file_name>
    <file_path>/mnt/DATA/www/phpqa/tests/OptionsTest.php</file_path>
    <snippet>        $tools = $this-&gt;buildRunningTools($this-&gt;fileOutput, ['pdepend' =&gt; $classes]);</snippet>
    <selected_text>$this-&gt;fileOutput</selected_text>
    <from>2020</from>
    <to>2037</to>
    <snippet_from>1978</snippet_from>
    <snippet_to>2064</snippet_to>
    <column_from>43</column_from>
    <column_to>60</column_to>
    <error_level>6</error_level>
    <shortcode>41</shortcode>
    <link>https://psalm.dev/041</link>
    <taint_trace></taint_trace>
  </item>
  <item>
    <severity>error</severity>
    <line_from>84</line_from>
    <line_to>84</line_to>
    <type>MissingParamType</type>
    <message>Parameter $isSavedToFiles has no provided type</message>
    <file_name>tests/OptionsTest.php</file_name>
    <file_path>/mnt/DATA/www/phpqa/tests/OptionsTest.php</file_path>
    <snippet>    public function testBuildOutput(array $opts, $isSavedToFiles, $isOutputPrinted, $hasReport)</snippet>
    <selected_text>$isSavedToFiles</selected_text>
    <from>3019</from>
    <to>3034</to>
    <snippet_from>2970</snippet_from>
    <snippet_to>3065</snippet_to>
    <column_from>50</column_from>
    <column_to>65</column_to>
    <error_level>2</error_level>
    <shortcode>154</shortcode>
    <link>https://psalm.dev/154</link>
    <taint_trace></taint_trace>
  </item>
  <item>
    <severity>error</severity>
    <line_from>84</line_from>
    <line_to>84</line_to>
    <type>MissingParamType</type>
    <message>Parameter $isOutputPrinted has no provided type</message>
    <file_name>tests/OptionsTest.php</file_name>
    <file_path>/mnt/DATA/www/phpqa/tests/OptionsTest.php</file_path>
    <snippet>    public function testBuildOutput(array $opts, $isSavedToFiles, $isOutputPrinted, $hasReport)</snippet>
    <selected_text>$isOutputPrinted</selected_text>
    <from>3036</from>
    <to>3052</to>
    <snippet_from>2970</snippet_from>
    <snippet_to>3065</snippet_to>
    <column_from>67</column_from>
    <column_to>83</column_to>
    <error_level>2</error_level>
    <shortcode>154</shortcode>
    <link>https://psalm.dev/154</link>
    <taint_trace></taint_trace>
  </item>
  <item>
    <severity>error</severity>
    <line_from>84</line_from>
    <line_to>84</line_to>
    <type>MissingParamType</type>
    <message>Parameter $hasReport has no provided type</message>
    <file_name>tests/OptionsTest.php</file_name>
    <file_path>/mnt/DATA/www/phpqa/tests/OptionsTest.php</file_path>
    <snippet>    public function testBuildOutput(array $opts, $isSavedToFiles, $isOutputPrinted, $hasReport)</snippet>
    <selected_text>$hasReport</selected_text>
    <from>3054</from>
    <to>3064</to>
    <snippet_from>2970</snippet_from>
    <snippet_to>3065</snippet_to>
    <column_from>85</column_from>
    <column_to>95</column_to>
    <error_level>2</error_level>
    <shortcode>154</shortcode>
    <link>https://psalm.dev/154</link>
    <taint_trace></taint_trace>
  </item>
  <item>
    <severity>error</severity>
    <line_from>111</line_from>
    <line_to>111</line_to>
    <type>MissingParamType</type>
    <message>Parameter $isParallel has no provided type</message>
    <file_name>tests/OptionsTest.php</file_name>
    <file_path>/mnt/DATA/www/phpqa/tests/OptionsTest.php</file_path>
    <snippet>    public function testExecute(array $opts, $isParallel)</snippet>
    <selected_text>$isParallel</selected_text>
    <from>3954</from>
    <to>3965</to>
    <snippet_from>3909</snippet_from>
    <snippet_to>3966</snippet_to>
    <column_from>46</column_from>
    <column_to>57</column_to>
    <error_level>2</error_level>
    <shortcode>154</shortcode>
    <link>https://psalm.dev/154</link>
    <taint_trace></taint_trace>
  </item>
  <item>
    <severity>error</severity>
    <line_from>127</line_from>
    <line_to>127</line_to>
    <type>MissingParamType</type>
    <message>Parameter $analyzedDirs has no provided type</message>
    <file_name>tests/OptionsTest.php</file_name>
    <file_path>/mnt/DATA/www/phpqa/tests/OptionsTest.php</file_path>
    <snippet>    public function testBuildRootPath($analyzedDirs, $expectedRoot)</snippet>
    <selected_text>$analyzedDirs</selected_text>
    <from>4528</from>
    <to>4541</to>
    <snippet_from>4490</snippet_from>
    <snippet_to>4557</snippet_to>
    <column_from>39</column_from>
    <column_to>52</column_to>
    <error_level>2</error_level>
    <shortcode>154</shortcode>
    <link>https://psalm.dev/154</link>
    <taint_trace></taint_trace>
  </item>
  <item>
    <severity>error</severity>
    <line_from>127</line_from>
    <line_to>127</line_to>
    <type>MissingParamType</type>
    <message>Parameter $expectedRoot has no provided type</message>
    <file_name>tests/OptionsTest.php</file_name>
    <file_path>/mnt/DATA/www/phpqa/tests/OptionsTest.php</file_path>
    <snippet>    public function testBuildRootPath($analyzedDirs, $expectedRoot)</snippet>
    <selected_text>$expectedRoot</selected_text>
    <from>4543</from>
    <to>4556</to>
    <snippet_from>4490</snippet_from>
    <snippet_to>4557</snippet_to>
    <column_from>54</column_from>
    <column_to>67</column_to>
    <error_level>2</error_level>
    <shortcode>154</shortcode>
    <link>https://psalm.dev/154</link>
    <taint_trace></taint_trace>
  </item>
  <item>
    <severity>info</severity>
    <line_from>5</line_from>
    <line_to>5</line_to>
    <type>PropertyNotSetInConstructor</type>
    <message>Property Edge\QA\PathsTest::$runTestInSeparateProcess is not defined in constructor of Edge\QA\PathsTest and in any methods called in the constructor</message>
    <file_name>tests/PathsTest.php</file_name>
    <file_path>/mnt/DATA/www/phpqa/tests/PathsTest.php</file_path>
    <snippet>class PathsTest extends \PHPUnit_Framework_TestCase</snippet>
    <selected_text>PathsTest</selected_text>
    <from>33</from>
    <to>42</to>
    <snippet_from>27</snippet_from>
    <snippet_to>78</snippet_to>
    <column_from>7</column_from>
    <column_to>16</column_to>
    <error_level>2</error_level>
    <shortcode>74</shortcode>
    <link>https://psalm.dev/074</link>
    <taint_trace></taint_trace>
  </item>
  <item>
    <severity>info</severity>
    <line_from>5</line_from>
    <line_to>5</line_to>
    <type>PropertyNotSetInConstructor</type>
    <message>Property Edge\QA\PathsTest::$backupStaticAttributes is not defined in constructor of Edge\QA\PathsTest and in any methods called in the constructor</message>
    <file_name>tests/PathsTest.php</file_name>
    <file_path>/mnt/DATA/www/phpqa/tests/PathsTest.php</file_path>
    <snippet>class PathsTest extends \PHPUnit_Framework_TestCase</snippet>
    <selected_text>PathsTest</selected_text>
    <from>33</from>
    <to>42</to>
    <snippet_from>27</snippet_from>
    <snippet_to>78</snippet_to>
    <column_from>7</column_from>
    <column_to>16</column_to>
    <error_level>2</error_level>
    <shortcode>74</shortcode>
    <link>https://psalm.dev/074</link>
    <taint_trace></taint_trace>
  </item>
  <item>
    <severity>info</severity>
    <line_from>5</line_from>
    <line_to>5</line_to>
    <type>UnusedClass</type>
    <message>Class Edge\QA\PathsTest is never used</message>
    <file_name>tests/PathsTest.php</file_name>
    <file_path>/mnt/DATA/www/phpqa/tests/PathsTest.php</file_path>
    <snippet>class PathsTest extends \PHPUnit_Framework_TestCase</snippet>
    <selected_text>PathsTest</selected_text>
    <from>33</from>
    <to>42</to>
    <snippet_from>27</snippet_from>
    <snippet_to>78</snippet_to>
    <column_from>7</column_from>
    <column_to>16</column_to>
    <error_level>-2</error_level>
    <shortcode>75</shortcode>
    <link>https://psalm.dev/075</link>
    <taint_trace></taint_trace>
  </item>
  <item>
    <severity>error</severity>
    <line_from>5</line_from>
    <line_to>5</line_to>
    <type>InvalidStaticInvocation</type>
    <message>Method PHPUnit\Framework\TestCase::__construct is not static, but is called statically</message>
    <file_name>tests/PathsTest.php</file_name>
    <file_path>/mnt/DATA/www/phpqa/tests/PathsTest.php</file_path>
    <snippet>class PathsTest extends \PHPUnit_Framework_TestCase</snippet>
    <selected_text>\PHPUnit_Framework_TestCase</selected_text>
    <from>51</from>
    <to>78</to>
    <snippet_from>27</snippet_from>
    <snippet_to>78</snippet_to>
    <column_from>25</column_from>
    <column_to>52</column_to>
    <error_level>-1</error_level>
    <shortcode>14</shortcode>
    <link>https://psalm.dev/014</link>
    <taint_trace></taint_trace>
  </item>
  <item>
    <severity>info</severity>
    <line_from>5</line_from>
    <line_to>5</line_to>
    <type>PropertyNotSetInConstructor</type>
    <message>Property Edge\QA\ReportTest::$runTestInSeparateProcess is not defined in constructor of Edge\QA\ReportTest and in any private or final methods called in the constructor</message>
    <file_name>tests/Report/ReportTest.php</file_name>
    <file_path>/mnt/DATA/www/phpqa/tests/Report/ReportTest.php</file_path>
    <snippet>class ReportTest extends \PHPUnit_Framework_TestCase</snippet>
    <selected_text>ReportTest</selected_text>
    <from>33</from>
    <to>43</to>
    <snippet_from>27</snippet_from>
    <snippet_to>79</snippet_to>
    <column_from>7</column_from>
    <column_to>17</column_to>
    <error_level>2</error_level>
    <shortcode>74</shortcode>
    <link>https://psalm.dev/074</link>
    <taint_trace></taint_trace>
  </item>
  <item>
    <severity>info</severity>
    <line_from>5</line_from>
    <line_to>5</line_to>
    <type>PropertyNotSetInConstructor</type>
    <message>Property Edge\QA\ReportTest::$backupStaticAttributes is not defined in constructor of Edge\QA\ReportTest and in any private or final methods called in the constructor</message>
    <file_name>tests/Report/ReportTest.php</file_name>
    <file_path>/mnt/DATA/www/phpqa/tests/Report/ReportTest.php</file_path>
    <snippet>class ReportTest extends \PHPUnit_Framework_TestCase</snippet>
    <selected_text>ReportTest</selected_text>
    <from>33</from>
    <to>43</to>
    <snippet_from>27</snippet_from>
    <snippet_to>79</snippet_to>
    <column_from>7</column_from>
    <column_to>17</column_to>
    <error_level>2</error_level>
    <shortcode>74</shortcode>
    <link>https://psalm.dev/074</link>
    <taint_trace></taint_trace>
  </item>
  <item>
    <severity>info</severity>
    <line_from>5</line_from>
    <line_to>5</line_to>
    <type>UnusedClass</type>
    <message>Class Edge\QA\ReportTest is never used</message>
    <file_name>tests/Report/ReportTest.php</file_name>
    <file_path>/mnt/DATA/www/phpqa/tests/Report/ReportTest.php</file_path>
    <snippet>class ReportTest extends \PHPUnit_Framework_TestCase</snippet>
    <selected_text>ReportTest</selected_text>
    <from>33</from>
    <to>43</to>
    <snippet_from>27</snippet_from>
    <snippet_to>79</snippet_to>
    <column_from>7</column_from>
    <column_to>17</column_to>
    <error_level>-2</error_level>
    <shortcode>75</shortcode>
    <link>https://psalm.dev/075</link>
    <taint_trace></taint_trace>
  </item>
  <item>
    <severity>error</severity>
    <line_from>5</line_from>
    <line_to>5</line_to>
    <type>InvalidStaticInvocation</type>
    <message>Method PHPUnit\Framework\TestCase::__construct is not static, but is called statically</message>
    <file_name>tests/Report/ReportTest.php</file_name>
    <file_path>/mnt/DATA/www/phpqa/tests/Report/ReportTest.php</file_path>
    <snippet>class ReportTest extends \PHPUnit_Framework_TestCase</snippet>
    <selected_text>\PHPUnit_Framework_TestCase</selected_text>
    <from>52</from>
    <to>79</to>
    <snippet_from>27</snippet_from>
    <snippet_to>79</snippet_to>
    <column_from>26</column_from>
    <column_to>53</column_to>
    <error_level>-1</error_level>
    <shortcode>14</shortcode>
    <link>https://psalm.dev/014</link>
    <taint_trace></taint_trace>
  </item>
  <item>
    <severity>error</severity>
    <line_from>11</line_from>
    <line_to>11</line_to>
    <type>ReservedWord</type>
    <message>void is a reserved word</message>
    <file_name>tests/Report/ReportTest.php</file_name>
    <file_path>/mnt/DATA/www/phpqa/tests/Report/ReportTest.php</file_path>
    <snippet>    public function setUp(): void</snippet>
    <selected_text>void</selected_text>
    <from>259</from>
    <to>263</to>
    <snippet_from>230</snippet_from>
    <snippet_to>263</snippet_to>
    <column_from>30</column_from>
    <column_to>34</column_to>
    <error_level>7</error_level>
    <shortcode>95</shortcode>
    <link>https://psalm.dev/095</link>
    <taint_trace></taint_trace>
  </item>
  <item>
    <severity>error</severity>
    <line_from>24</line_from>
    <line_to>24</line_to>
    <type>MissingParamType</type>
    <message>Parameter $xml has no provided type</message>
    <file_name>tests/Report/ReportTest.php</file_name>
    <file_path>/mnt/DATA/www/phpqa/tests/Report/ReportTest.php</file_path>
    <snippet>    public function testConvertXmlToHtml($xml, $assertOutput)</snippet>
    <selected_text>$xml</selected_text>
    <from>690</from>
    <to>694</to>
    <snippet_from>649</snippet_from>
    <snippet_to>710</snippet_to>
    <column_from>42</column_from>
    <column_to>46</column_to>
    <error_level>2</error_level>
    <shortcode>154</shortcode>
    <link>https://psalm.dev/154</link>
    <taint_trace></taint_trace>
  </item>
  <item>
    <severity>error</severity>
    <line_from>24</line_from>
    <line_to>24</line_to>
    <type>MissingParamType</type>
    <message>Parameter $assertOutput has no provided type</message>
    <file_name>tests/Report/ReportTest.php</file_name>
    <file_path>/mnt/DATA/www/phpqa/tests/Report/ReportTest.php</file_path>
    <snippet>    public function testConvertXmlToHtml($xml, $assertOutput)</snippet>
    <selected_text>$assertOutput</selected_text>
    <from>696</from>
    <to>709</to>
    <snippet_from>649</snippet_from>
    <snippet_to>710</snippet_to>
    <column_from>48</column_from>
    <column_to>61</column_to>
    <error_level>2</error_level>
    <shortcode>154</shortcode>
    <link>https://psalm.dev/154</link>
    <taint_trace></taint_trace>
  </item>
  <item>
    <severity>error</severity>
    <line_from>44</line_from>
    <line_to>44</line_to>
    <type>ReservedWord</type>
    <message>void is a reserved word</message>
    <file_name>tests/Report/ReportTest.php</file_name>
    <file_path>/mnt/DATA/www/phpqa/tests/Report/ReportTest.php</file_path>
    <snippet>    public function tearDown(): void</snippet>
    <selected_text>void</selected_text>
    <from>1386</from>
    <to>1390</to>
    <snippet_from>1354</snippet_from>
    <snippet_to>1390</snippet_to>
    <column_from>33</column_from>
    <column_to>37</column_to>
    <error_level>7</error_level>
    <shortcode>95</shortcode>
    <link>https://psalm.dev/095</link>
    <taint_trace></taint_trace>
  </item>
  <item>
    <severity>info</severity>
    <line_from>5</line_from>
    <line_to>5</line_to>
    <type>PropertyNotSetInConstructor</type>
    <message>Property Edge\QA\RunningToolTest::$runTestInSeparateProcess is not defined in constructor of Edge\QA\RunningToolTest and in any methods called in the constructor</message>
    <file_name>tests/RunningToolTest.php</file_name>
    <file_path>/mnt/DATA/www/phpqa/tests/RunningToolTest.php</file_path>
    <snippet>class RunningToolTest extends \PHPUnit_Framework_TestCase</snippet>
    <selected_text>RunningToolTest</selected_text>
    <from>33</from>
    <to>48</to>
    <snippet_from>27</snippet_from>
    <snippet_to>84</snippet_to>
    <column_from>7</column_from>
    <column_to>22</column_to>
    <error_level>2</error_level>
    <shortcode>74</shortcode>
    <link>https://psalm.dev/074</link>
    <taint_trace></taint_trace>
  </item>
  <item>
    <severity>info</severity>
    <line_from>5</line_from>
    <line_to>5</line_to>
    <type>PropertyNotSetInConstructor</type>
    <message>Property Edge\QA\RunningToolTest::$backupStaticAttributes is not defined in constructor of Edge\QA\RunningToolTest and in any methods called in the constructor</message>
    <file_name>tests/RunningToolTest.php</file_name>
    <file_path>/mnt/DATA/www/phpqa/tests/RunningToolTest.php</file_path>
    <snippet>class RunningToolTest extends \PHPUnit_Framework_TestCase</snippet>
    <selected_text>RunningToolTest</selected_text>
    <from>33</from>
    <to>48</to>
    <snippet_from>27</snippet_from>
    <snippet_to>84</snippet_to>
    <column_from>7</column_from>
    <column_to>22</column_to>
    <error_level>2</error_level>
    <shortcode>74</shortcode>
    <link>https://psalm.dev/074</link>
    <taint_trace></taint_trace>
  </item>
  <item>
    <severity>info</severity>
    <line_from>5</line_from>
    <line_to>5</line_to>
    <type>UnusedClass</type>
    <message>Class Edge\QA\RunningToolTest is never used</message>
    <file_name>tests/RunningToolTest.php</file_name>
    <file_path>/mnt/DATA/www/phpqa/tests/RunningToolTest.php</file_path>
    <snippet>class RunningToolTest extends \PHPUnit_Framework_TestCase</snippet>
    <selected_text>RunningToolTest</selected_text>
    <from>33</from>
    <to>48</to>
    <snippet_from>27</snippet_from>
    <snippet_to>84</snippet_to>
    <column_from>7</column_from>
    <column_to>22</column_to>
    <error_level>-2</error_level>
    <shortcode>75</shortcode>
    <link>https://psalm.dev/075</link>
    <taint_trace></taint_trace>
  </item>
  <item>
    <severity>error</severity>
    <line_from>5</line_from>
    <line_to>5</line_to>
    <type>InvalidStaticInvocation</type>
    <message>Method PHPUnit\Framework\TestCase::__construct is not static, but is called statically</message>
    <file_name>tests/RunningToolTest.php</file_name>
    <file_path>/mnt/DATA/www/phpqa/tests/RunningToolTest.php</file_path>
    <snippet>class RunningToolTest extends \PHPUnit_Framework_TestCase</snippet>
    <selected_text>\PHPUnit_Framework_TestCase</selected_text>
    <from>57</from>
    <to>84</to>
    <snippet_from>27</snippet_from>
    <snippet_to>84</snippet_to>
    <column_from>31</column_from>
    <column_to>58</column_to>
    <error_level>-1</error_level>
    <shortcode>14</shortcode>
    <link>https://psalm.dev/014</link>
    <taint_trace></taint_trace>
  </item>
  <item>
    <severity>error</severity>
    <line_from>24</line_from>
    <line_to>24</line_to>
    <type>MissingParamType</type>
    <message>Parameter $allowedErrors has no provided type</message>
    <file_name>tests/RunningToolTest.php</file_name>
    <file_path>/mnt/DATA/www/phpqa/tests/RunningToolTest.php</file_path>
    <snippet>    public function testMarkFailureWhenXmlFileDoesNotExist($allowedErrors, $expectedIsOk)</snippet>
    <selected_text>$allowedErrors</selected_text>
    <from>810</from>
    <to>824</to>
    <snippet_from>751</snippet_from>
    <snippet_to>840</snippet_to>
    <column_from>60</column_from>
    <column_to>74</column_to>
    <error_level>2</error_level>
    <shortcode>154</shortcode>
    <link>https://psalm.dev/154</link>
    <taint_trace></taint_trace>
  </item>
  <item>
    <severity>error</severity>
    <line_from>24</line_from>
    <line_to>24</line_to>
    <type>MissingParamType</type>
    <message>Parameter $expectedIsOk has no provided type</message>
    <file_name>tests/RunningToolTest.php</file_name>
    <file_path>/mnt/DATA/www/phpqa/tests/RunningToolTest.php</file_path>
    <snippet>    public function testMarkFailureWhenXmlFileDoesNotExist($allowedErrors, $expectedIsOk)</snippet>
    <selected_text>$expectedIsOk</selected_text>
    <from>826</from>
    <to>839</to>
    <snippet_from>751</snippet_from>
    <snippet_to>840</snippet_to>
    <column_from>76</column_from>
    <column_to>89</column_to>
    <error_level>2</error_level>
    <shortcode>154</shortcode>
    <link>https://psalm.dev/154</link>
    <taint_trace></taint_trace>
  </item>
  <item>
    <severity>error</severity>
    <line_from>45</line_from>
    <line_to>45</line_to>
    <type>MissingParamType</type>
    <message>Parameter $allowedErrors has no provided type</message>
    <file_name>tests/RunningToolTest.php</file_name>
    <file_path>/mnt/DATA/www/phpqa/tests/RunningToolTest.php</file_path>
    <snippet>    public function testCompareAllowedCountWithErrorsCountFromXml($allowedErrors, $isOk)</snippet>
    <selected_text>$allowedErrors</selected_text>
    <from>1589</from>
    <to>1603</to>
    <snippet_from>1523</snippet_from>
    <snippet_to>1611</snippet_to>
    <column_from>67</column_from>
    <column_to>81</column_to>
    <error_level>2</error_level>
    <shortcode>154</shortcode>
    <link>https://psalm.dev/154</link>
    <taint_trace></taint_trace>
  </item>
  <item>
    <severity>error</severity>
    <line_from>45</line_from>
    <line_to>45</line_to>
    <type>MissingParamType</type>
    <message>Parameter $isOk has no provided type</message>
    <file_name>tests/RunningToolTest.php</file_name>
    <file_path>/mnt/DATA/www/phpqa/tests/RunningToolTest.php</file_path>
    <snippet>    public function testCompareAllowedCountWithErrorsCountFromXml($allowedErrors, $isOk)</snippet>
    <selected_text>$isOk</selected_text>
    <from>1605</from>
    <to>1610</to>
    <snippet_from>1523</snippet_from>
    <snippet_to>1611</snippet_to>
    <column_from>83</column_from>
    <column_to>88</column_to>
    <error_level>2</error_level>
    <shortcode>154</shortcode>
    <link>https://psalm.dev/154</link>
    <taint_trace></taint_trace>
  </item>
  <item>
    <severity>error</severity>
    <line_from>68</line_from>
    <line_to>71</line_to>
    <type>InvalidArrayOffset</type>
    <message>Cannot create offset of type bool, expecting array-key</message>
    <file_name>tests/RunningToolTest.php</file_name>
    <file_path>/mnt/DATA/www/phpqa/tests/RunningToolTest.php</file_path>
    <snippet>            'errorsXPath' =&gt; [
                false =&gt; '//errors/error',
                true =&gt; '//errors/error[@severity="error"]',
            ],</snippet>
    <selected_text>[
                false =&gt; '//errors/error',
                true =&gt; '//errors/error[@severity="error"]',
            ]</selected_text>
    <from>2450</from>
    <to>2569</to>
    <snippet_from>2421</snippet_from>
    <snippet_to>2570</snippet_to>
    <column_from>30</column_from>
    <column_to>14</column_to>
    <error_level>6</error_level>
    <shortcode>115</shortcode>
    <link>https://psalm.dev/115</link>
    <taint_trace></taint_trace>
  </item>
  <item>
    <severity>error</severity>
    <line_from>79</line_from>
    <line_to>79</line_to>
    <type>MissingParamType</type>
    <message>Parameter $allowedErrors has no provided type</message>
    <file_name>tests/RunningToolTest.php</file_name>
    <file_path>/mnt/DATA/www/phpqa/tests/RunningToolTest.php</file_path>
    <snippet>    public function testAnalyzeExitCodeInCliMode($allowedErrors, $exitCode, array $expectedResult)</snippet>
    <selected_text>$allowedErrors</selected_text>
    <from>2812</from>
    <to>2826</to>
    <snippet_from>2763</snippet_from>
    <snippet_to>2861</snippet_to>
    <column_from>50</column_from>
    <column_to>64</column_to>
    <error_level>2</error_level>
    <shortcode>154</shortcode>
    <link>https://psalm.dev/154</link>
    <taint_trace></taint_trace>
  </item>
  <item>
    <severity>error</severity>
    <line_from>79</line_from>
    <line_to>79</line_to>
    <type>MissingParamType</type>
    <message>Parameter $exitCode has no provided type</message>
    <file_name>tests/RunningToolTest.php</file_name>
    <file_path>/mnt/DATA/www/phpqa/tests/RunningToolTest.php</file_path>
    <snippet>    public function testAnalyzeExitCodeInCliMode($allowedErrors, $exitCode, array $expectedResult)</snippet>
    <selected_text>$exitCode</selected_text>
    <from>2828</from>
    <to>2837</to>
    <snippet_from>2763</snippet_from>
    <snippet_to>2861</snippet_to>
    <column_from>66</column_from>
    <column_to>75</column_to>
    <error_level>2</error_level>
    <shortcode>154</shortcode>
    <link>https://psalm.dev/154</link>
    <taint_trace></taint_trace>
  </item>
  <item>
    <severity>error</severity>
    <line_from>87</line_from>
    <line_to>89</line_to>
    <type>PropertyTypeCoercion</type>
    <message>$tool-&gt;process expects 'Symfony\Component\Process\Process',  parent type 'object' provided</message>
    <file_name>tests/RunningToolTest.php</file_name>
    <file_path>/mnt/DATA/www/phpqa/tests/RunningToolTest.php</file_path>
    <snippet>        $tool-&gt;process = $this-&gt;prophesize('Symfony\Component\Process\Process')
            -&gt;getExitCode()-&gt;willReturn($exitCode)
            -&gt;getObjectProphecy()-&gt;reveal();</snippet>
    <selected_text>$this-&gt;prophesize('Symfony\Component\Process\Process')
            -&gt;getExitCode()-&gt;willReturn($exitCode)
            -&gt;getObjectProphecy()-&gt;reveal()</selected_text>
    <from>3124</from>
    <to>3273</to>
    <snippet_from>3099</snippet_from>
    <snippet_to>3274</snippet_to>
    <column_from>26</column_from>
    <column_to>44</column_to>
    <error_level>3</error_level>
    <shortcode>198</shortcode>
    <link>https://psalm.dev/198</link>
    <taint_trace></taint_trace>
  </item>
  <item>
    <severity>error</severity>
    <line_from>87</line_from>
    <line_to>87</line_to>
    <type>InaccessibleMethod</type>
    <message>Cannot access protected method Edge\QA\RunningToolTest::prophesize from context Edge\QA\RunningToolTest</message>
    <file_name>tests/RunningToolTest.php</file_name>
    <file_path>/mnt/DATA/www/phpqa/tests/RunningToolTest.php</file_path>
    <snippet>        $tool-&gt;process = $this-&gt;prophesize('Symfony\Component\Process\Process')</snippet>
    <selected_text>prophesize</selected_text>
    <from>3131</from>
    <to>3141</to>
    <snippet_from>3099</snippet_from>
    <snippet_to>3178</snippet_to>
    <column_from>33</column_from>
    <column_to>43</column_to>
    <error_level>-1</error_level>
    <shortcode>3</shortcode>
    <link>https://psalm.dev/003</link>
    <taint_trace></taint_trace>
  </item>
  <item>
    <severity>error</severity>
    <line_from>87</line_from>
    <line_to>87</line_to>
    <type>ArgumentTypeCoercion</type>
    <message>Argument 1 of Edge\QA\RunningToolTest::prophesize expects class-string|null, parent type string(Symfony\Component\Process\Process) provided</message>
    <file_name>tests/RunningToolTest.php</file_name>
    <file_path>/mnt/DATA/www/phpqa/tests/RunningToolTest.php</file_path>
    <snippet>        $tool-&gt;process = $this-&gt;prophesize('Symfony\Component\Process\Process')</snippet>
    <selected_text>'Symfony\Component\Process\Process'</selected_text>
    <from>3142</from>
    <to>3177</to>
    <snippet_from>3099</snippet_from>
    <snippet_to>3178</snippet_to>
    <column_from>44</column_from>
    <column_to>79</column_to>
    <error_level>3</error_level>
    <shortcode>193</shortcode>
    <link>https://psalm.dev/193</link>
    <taint_trace></taint_trace>
  </item>
</report>
